###### uniform_data_2D_1000000S.csv K=10 CORES=2 ######
local[2]
WARNING: An illegal reflective access operation has occurred
WARNING: Illegal reflective access by org.apache.spark.unsafe.Platform (file:/home/apapadoi/.cache/coursier/v1/https/repo1.maven.org/maven2/org/apache/spark/spark-unsafe_2.12/3.3.2/spark-unsafe_2.12-3.3.2.jar) to constructor java.nio.DirectByteBuffer(long,int)
WARNING: Please consider reporting this to the maintainers of org.apache.spark.unsafe.Platform
WARNING: Use --illegal-access=warn to enable warnings of further illegal reflective access operations
WARNING: All illegal access operations will be denied in a future release
TopKResultPoint(1,Point(Vector(5.650524147524612E-5, 0.0011773574185108503)),998748)
TopKResultPoint(2,Point(Vector(1.709704322228828E-4, 0.0011370360982801563)),998681)
TopKResultPoint(3,Point(Vector(3.7950453332919945E-4, 9.527606453244454E-4)),998663)
TopKResultPoint(4,Point(Vector(1.7067395505402527E-4, 0.0011738608947090175)),998646)
TopKResultPoint(5,Point(Vector(3.01289438290226E-4, 0.0012492246888273764)),998450)
TopKResultPoint(6,Point(Vector(5.227327284813357E-4, 0.001518362609999655)),997957)
TopKResultPoint(7,Point(Vector(0.0012806034419774453, 0.002094686657029154)),996623)
TopKResultPoint(8,Point(Vector(0.00357936184950867, 3.959134501455739E-4)),996030)
TopKResultPoint(9,Point(Vector(2.3449418506693153E-4, 0.003846155178674916)),995930)
TopKResultPoint(10,Point(Vector(5.413100441830767E-4, 0.0037368066383301167)),995729)
Iteration: 1 Elapsed time: 41.69532935 seconds
local[2]
TopKResultPoint(1,Point(Vector(5.650524147524612E-5, 0.0011773574185108503)),998748)
TopKResultPoint(2,Point(Vector(1.709704322228828E-4, 0.0011370360982801563)),998681)
TopKResultPoint(3,Point(Vector(3.7950453332919945E-4, 9.527606453244454E-4)),998663)
TopKResultPoint(4,Point(Vector(1.7067395505402527E-4, 0.0011738608947090175)),998646)
TopKResultPoint(5,Point(Vector(3.01289438290226E-4, 0.0012492246888273764)),998450)
TopKResultPoint(6,Point(Vector(5.227327284813357E-4, 0.001518362609999655)),997957)
TopKResultPoint(7,Point(Vector(0.0012806034419774453, 0.002094686657029154)),996623)
TopKResultPoint(8,Point(Vector(0.00357936184950867, 3.959134501455739E-4)),996030)
TopKResultPoint(9,Point(Vector(2.3449418506693153E-4, 0.003846155178674916)),995930)
TopKResultPoint(10,Point(Vector(5.413100441830767E-4, 0.0037368066383301167)),995729)
Iteration: 2 Elapsed time: 37.579446607 seconds
local[2]
TopKResultPoint(1,Point(Vector(5.650524147524612E-5, 0.0011773574185108503)),998748)
TopKResultPoint(2,Point(Vector(1.709704322228828E-4, 0.0011370360982801563)),998681)
TopKResultPoint(3,Point(Vector(3.7950453332919945E-4, 9.527606453244454E-4)),998663)
TopKResultPoint(4,Point(Vector(1.7067395505402527E-4, 0.0011738608947090175)),998646)
TopKResultPoint(5,Point(Vector(3.01289438290226E-4, 0.0012492246888273764)),998450)
TopKResultPoint(6,Point(Vector(5.227327284813357E-4, 0.001518362609999655)),997957)
TopKResultPoint(7,Point(Vector(0.0012806034419774453, 0.002094686657029154)),996623)
TopKResultPoint(8,Point(Vector(0.00357936184950867, 3.959134501455739E-4)),996030)
TopKResultPoint(9,Point(Vector(2.3449418506693153E-4, 0.003846155178674916)),995930)
TopKResultPoint(10,Point(Vector(5.413100441830767E-4, 0.0037368066383301167)),995729)
Iteration: 3 Elapsed time: 40.447809148 seconds
local[2]
TopKResultPoint(1,Point(Vector(5.650524147524612E-5, 0.0011773574185108503)),998748)
TopKResultPoint(2,Point(Vector(1.709704322228828E-4, 0.0011370360982801563)),998681)
TopKResultPoint(3,Point(Vector(3.7950453332919945E-4, 9.527606453244454E-4)),998663)
TopKResultPoint(4,Point(Vector(1.7067395505402527E-4, 0.0011738608947090175)),998646)
TopKResultPoint(5,Point(Vector(3.01289438290226E-4, 0.0012492246888273764)),998450)
TopKResultPoint(6,Point(Vector(5.227327284813357E-4, 0.001518362609999655)),997957)
TopKResultPoint(7,Point(Vector(0.0012806034419774453, 0.002094686657029154)),996623)
TopKResultPoint(8,Point(Vector(0.00357936184950867, 3.959134501455739E-4)),996030)
TopKResultPoint(9,Point(Vector(2.3449418506693153E-4, 0.003846155178674916)),995930)
TopKResultPoint(10,Point(Vector(5.413100441830767E-4, 0.0037368066383301167)),995729)
Iteration: 4 Elapsed time: 37.627349933 seconds
local[2]
TopKResultPoint(1,Point(Vector(5.650524147524612E-5, 0.0011773574185108503)),998748)
TopKResultPoint(2,Point(Vector(1.709704322228828E-4, 0.0011370360982801563)),998681)
TopKResultPoint(3,Point(Vector(3.7950453332919945E-4, 9.527606453244454E-4)),998663)
TopKResultPoint(4,Point(Vector(1.7067395505402527E-4, 0.0011738608947090175)),998646)
TopKResultPoint(5,Point(Vector(3.01289438290226E-4, 0.0012492246888273764)),998450)
TopKResultPoint(6,Point(Vector(5.227327284813357E-4, 0.001518362609999655)),997957)
TopKResultPoint(7,Point(Vector(0.0012806034419774453, 0.002094686657029154)),996623)
TopKResultPoint(8,Point(Vector(0.00357936184950867, 3.959134501455739E-4)),996030)
TopKResultPoint(9,Point(Vector(2.3449418506693153E-4, 0.003846155178674916)),995930)
TopKResultPoint(10,Point(Vector(5.413100441830767E-4, 0.0037368066383301167)),995729)
Iteration: 5 Elapsed time: 35.535028281 seconds
local[2]
TopKResultPoint(1,Point(Vector(5.650524147524612E-5, 0.0011773574185108503)),998748)
TopKResultPoint(2,Point(Vector(1.709704322228828E-4, 0.0011370360982801563)),998681)
TopKResultPoint(3,Point(Vector(3.7950453332919945E-4, 9.527606453244454E-4)),998663)
TopKResultPoint(4,Point(Vector(1.7067395505402527E-4, 0.0011738608947090175)),998646)
TopKResultPoint(5,Point(Vector(3.01289438290226E-4, 0.0012492246888273764)),998450)
TopKResultPoint(6,Point(Vector(5.227327284813357E-4, 0.001518362609999655)),997957)
TopKResultPoint(7,Point(Vector(0.0012806034419774453, 0.002094686657029154)),996623)
TopKResultPoint(8,Point(Vector(0.00357936184950867, 3.959134501455739E-4)),996030)
TopKResultPoint(9,Point(Vector(2.3449418506693153E-4, 0.003846155178674916)),995930)
TopKResultPoint(10,Point(Vector(5.413100441830767E-4, 0.0037368066383301167)),995729)
Iteration: 6 Elapsed time: 36.923174663 seconds
local[2]
TopKResultPoint(1,Point(Vector(5.650524147524612E-5, 0.0011773574185108503)),998748)
TopKResultPoint(2,Point(Vector(1.709704322228828E-4, 0.0011370360982801563)),998681)
TopKResultPoint(3,Point(Vector(3.7950453332919945E-4, 9.527606453244454E-4)),998663)
TopKResultPoint(4,Point(Vector(1.7067395505402527E-4, 0.0011738608947090175)),998646)
TopKResultPoint(5,Point(Vector(3.01289438290226E-4, 0.0012492246888273764)),998450)
TopKResultPoint(6,Point(Vector(5.227327284813357E-4, 0.001518362609999655)),997957)
TopKResultPoint(7,Point(Vector(0.0012806034419774453, 0.002094686657029154)),996623)
TopKResultPoint(8,Point(Vector(0.00357936184950867, 3.959134501455739E-4)),996030)
TopKResultPoint(9,Point(Vector(2.3449418506693153E-4, 0.003846155178674916)),995930)
TopKResultPoint(10,Point(Vector(5.413100441830767E-4, 0.0037368066383301167)),995729)
Iteration: 7 Elapsed time: 39.174647232 seconds
local[2]
TopKResultPoint(1,Point(Vector(5.650524147524612E-5, 0.0011773574185108503)),998748)
TopKResultPoint(2,Point(Vector(1.709704322228828E-4, 0.0011370360982801563)),998681)
TopKResultPoint(3,Point(Vector(3.7950453332919945E-4, 9.527606453244454E-4)),998663)
TopKResultPoint(4,Point(Vector(1.7067395505402527E-4, 0.0011738608947090175)),998646)
TopKResultPoint(5,Point(Vector(3.01289438290226E-4, 0.0012492246888273764)),998450)
TopKResultPoint(6,Point(Vector(5.227327284813357E-4, 0.001518362609999655)),997957)
TopKResultPoint(7,Point(Vector(0.0012806034419774453, 0.002094686657029154)),996623)
TopKResultPoint(8,Point(Vector(0.00357936184950867, 3.959134501455739E-4)),996030)
TopKResultPoint(9,Point(Vector(2.3449418506693153E-4, 0.003846155178674916)),995930)
TopKResultPoint(10,Point(Vector(5.413100441830767E-4, 0.0037368066383301167)),995729)
Iteration: 8 Elapsed time: 38.49471807 seconds
local[2]
TopKResultPoint(1,Point(Vector(5.650524147524612E-5, 0.0011773574185108503)),998748)
TopKResultPoint(2,Point(Vector(1.709704322228828E-4, 0.0011370360982801563)),998681)
TopKResultPoint(3,Point(Vector(3.7950453332919945E-4, 9.527606453244454E-4)),998663)
TopKResultPoint(4,Point(Vector(1.7067395505402527E-4, 0.0011738608947090175)),998646)
TopKResultPoint(5,Point(Vector(3.01289438290226E-4, 0.0012492246888273764)),998450)
TopKResultPoint(6,Point(Vector(5.227327284813357E-4, 0.001518362609999655)),997957)
TopKResultPoint(7,Point(Vector(0.0012806034419774453, 0.002094686657029154)),996623)
TopKResultPoint(8,Point(Vector(0.00357936184950867, 3.959134501455739E-4)),996030)
TopKResultPoint(9,Point(Vector(2.3449418506693153E-4, 0.003846155178674916)),995930)
TopKResultPoint(10,Point(Vector(5.413100441830767E-4, 0.0037368066383301167)),995729)
Iteration: 9 Elapsed time: 39.032545381 seconds
local[2]
TopKResultPoint(1,Point(Vector(5.650524147524612E-5, 0.0011773574185108503)),998748)
TopKResultPoint(2,Point(Vector(1.709704322228828E-4, 0.0011370360982801563)),998681)
TopKResultPoint(3,Point(Vector(3.7950453332919945E-4, 9.527606453244454E-4)),998663)
TopKResultPoint(4,Point(Vector(1.7067395505402527E-4, 0.0011738608947090175)),998646)
TopKResultPoint(5,Point(Vector(3.01289438290226E-4, 0.0012492246888273764)),998450)
TopKResultPoint(6,Point(Vector(5.227327284813357E-4, 0.001518362609999655)),997957)
TopKResultPoint(7,Point(Vector(0.0012806034419774453, 0.002094686657029154)),996623)
TopKResultPoint(8,Point(Vector(0.00357936184950867, 3.959134501455739E-4)),996030)
TopKResultPoint(9,Point(Vector(2.3449418506693153E-4, 0.003846155178674916)),995930)
TopKResultPoint(10,Point(Vector(5.413100441830767E-4, 0.0037368066383301167)),995729)
Iteration: 10 Elapsed time: 39.655058091 seconds
Mean execution time 38.6165106756
###### uniform_data_4D_1000000S.csv K=10 CORES=2 ######
local[2]
TopKResultPoint(1,Point(Vector(0.005206088438112559, 0.005375414768430743, 0.0365792648426215, 0.0022295910186849086)),951239)
TopKResultPoint(2,Point(Vector(0.029330789480961312, 0.0023460099915597935, 0.038625611218752354, 0.0030941530889688085)),928320)
TopKResultPoint(3,Point(Vector(0.0017260921076514468, 0.018628214104021545, 0.02309551511614777, 0.046351326897319856)),912489)
TopKResultPoint(4,Point(Vector(0.03222634882058012, 0.04211195450767642, 0.015113429009277316, 0.0021719195728278854)),910697)
TopKResultPoint(5,Point(Vector(0.032322407055389094, 0.02396909623294583, 0.012325788250354837, 0.024909512443049845)),909598)
TopKResultPoint(6,Point(Vector(0.01358098624951509, 0.05648858593378093, 0.018668816018479677, 0.011177822267969493)),902655)
TopKResultPoint(7,Point(Vector(0.016655723473402165, 0.0036430224570160566, 0.07486536313841997, 0.0050237401222876866)),902059)
TopKResultPoint(8,Point(Vector(0.03222876813696628, 0.06292138131132877, 0.005978801260192265, 0.0045898302666944404)),896998)
TopKResultPoint(9,Point(Vector(0.013952424343756887, 0.003660554382064917, 0.0884769180932955, 5.098204200141697E-4)),895300)
TopKResultPoint(10,Point(Vector(0.01507065713014213, 0.006873298939059479, 8.137649267261792E-4, 0.08637238081293004)),892372)
Iteration: 1 Elapsed time: 275.96568214 seconds
local[2]
TopKResultPoint(1,Point(Vector(0.005206088438112559, 0.005375414768430743, 0.0365792648426215, 0.0022295910186849086)),951239)
TopKResultPoint(2,Point(Vector(0.029330789480961312, 0.0023460099915597935, 0.038625611218752354, 0.0030941530889688085)),928320)
TopKResultPoint(3,Point(Vector(0.0017260921076514468, 0.018628214104021545, 0.02309551511614777, 0.046351326897319856)),912489)
TopKResultPoint(4,Point(Vector(0.03222634882058012, 0.04211195450767642, 0.015113429009277316, 0.0021719195728278854)),910697)
TopKResultPoint(5,Point(Vector(0.032322407055389094, 0.02396909623294583, 0.012325788250354837, 0.024909512443049845)),909598)
TopKResultPoint(6,Point(Vector(0.01358098624951509, 0.05648858593378093, 0.018668816018479677, 0.011177822267969493)),902655)
TopKResultPoint(7,Point(Vector(0.016655723473402165, 0.0036430224570160566, 0.07486536313841997, 0.0050237401222876866)),902059)
TopKResultPoint(8,Point(Vector(0.03222876813696628, 0.06292138131132877, 0.005978801260192265, 0.0045898302666944404)),896998)
TopKResultPoint(9,Point(Vector(0.013952424343756887, 0.003660554382064917, 0.0884769180932955, 5.098204200141697E-4)),895300)
TopKResultPoint(10,Point(Vector(0.01507065713014213, 0.006873298939059479, 8.137649267261792E-4, 0.08637238081293004)),892372)
Iteration: 2 Elapsed time: 283.027053548 seconds
local[2]
TopKResultPoint(1,Point(Vector(0.005206088438112559, 0.005375414768430743, 0.0365792648426215, 0.0022295910186849086)),951239)
TopKResultPoint(2,Point(Vector(0.029330789480961312, 0.0023460099915597935, 0.038625611218752354, 0.0030941530889688085)),928320)
TopKResultPoint(3,Point(Vector(0.0017260921076514468, 0.018628214104021545, 0.02309551511614777, 0.046351326897319856)),912489)
TopKResultPoint(4,Point(Vector(0.03222634882058012, 0.04211195450767642, 0.015113429009277316, 0.0021719195728278854)),910697)
TopKResultPoint(5,Point(Vector(0.032322407055389094, 0.02396909623294583, 0.012325788250354837, 0.024909512443049845)),909598)
TopKResultPoint(6,Point(Vector(0.01358098624951509, 0.05648858593378093, 0.018668816018479677, 0.011177822267969493)),902655)
TopKResultPoint(7,Point(Vector(0.016655723473402165, 0.0036430224570160566, 0.07486536313841997, 0.0050237401222876866)),902059)
TopKResultPoint(8,Point(Vector(0.03222876813696628, 0.06292138131132877, 0.005978801260192265, 0.0045898302666944404)),896998)
TopKResultPoint(9,Point(Vector(0.013952424343756887, 0.003660554382064917, 0.0884769180932955, 5.098204200141697E-4)),895300)
TopKResultPoint(10,Point(Vector(0.01507065713014213, 0.006873298939059479, 8.137649267261792E-4, 0.08637238081293004)),892372)
Iteration: 3 Elapsed time: 265.462059198 seconds
local[2]
TopKResultPoint(1,Point(Vector(0.005206088438112559, 0.005375414768430743, 0.0365792648426215, 0.0022295910186849086)),951239)
TopKResultPoint(2,Point(Vector(0.029330789480961312, 0.0023460099915597935, 0.038625611218752354, 0.0030941530889688085)),928320)
TopKResultPoint(3,Point(Vector(0.0017260921076514468, 0.018628214104021545, 0.02309551511614777, 0.046351326897319856)),912489)
TopKResultPoint(4,Point(Vector(0.03222634882058012, 0.04211195450767642, 0.015113429009277316, 0.0021719195728278854)),910697)
TopKResultPoint(5,Point(Vector(0.032322407055389094, 0.02396909623294583, 0.012325788250354837, 0.024909512443049845)),909598)
TopKResultPoint(6,Point(Vector(0.01358098624951509, 0.05648858593378093, 0.018668816018479677, 0.011177822267969493)),902655)
TopKResultPoint(7,Point(Vector(0.016655723473402165, 0.0036430224570160566, 0.07486536313841997, 0.0050237401222876866)),902059)
TopKResultPoint(8,Point(Vector(0.03222876813696628, 0.06292138131132877, 0.005978801260192265, 0.0045898302666944404)),896998)
TopKResultPoint(9,Point(Vector(0.013952424343756887, 0.003660554382064917, 0.0884769180932955, 5.098204200141697E-4)),895300)
TopKResultPoint(10,Point(Vector(0.01507065713014213, 0.006873298939059479, 8.137649267261792E-4, 0.08637238081293004)),892372)
Iteration: 4 Elapsed time: 261.275382297 seconds
local[2]
TopKResultPoint(1,Point(Vector(0.005206088438112559, 0.005375414768430743, 0.0365792648426215, 0.0022295910186849086)),951239)
TopKResultPoint(2,Point(Vector(0.029330789480961312, 0.0023460099915597935, 0.038625611218752354, 0.0030941530889688085)),928320)
TopKResultPoint(3,Point(Vector(0.0017260921076514468, 0.018628214104021545, 0.02309551511614777, 0.046351326897319856)),912489)
TopKResultPoint(4,Point(Vector(0.03222634882058012, 0.04211195450767642, 0.015113429009277316, 0.0021719195728278854)),910697)
TopKResultPoint(5,Point(Vector(0.032322407055389094, 0.02396909623294583, 0.012325788250354837, 0.024909512443049845)),909598)
TopKResultPoint(6,Point(Vector(0.01358098624951509, 0.05648858593378093, 0.018668816018479677, 0.011177822267969493)),902655)
TopKResultPoint(7,Point(Vector(0.016655723473402165, 0.0036430224570160566, 0.07486536313841997, 0.0050237401222876866)),902059)
TopKResultPoint(8,Point(Vector(0.03222876813696628, 0.06292138131132877, 0.005978801260192265, 0.0045898302666944404)),896998)
TopKResultPoint(9,Point(Vector(0.013952424343756887, 0.003660554382064917, 0.0884769180932955, 5.098204200141697E-4)),895300)
TopKResultPoint(10,Point(Vector(0.01507065713014213, 0.006873298939059479, 8.137649267261792E-4, 0.08637238081293004)),892372)
Iteration: 5 Elapsed time: 239.472883223 seconds
local[2]
TopKResultPoint(1,Point(Vector(0.005206088438112559, 0.005375414768430743, 0.0365792648426215, 0.0022295910186849086)),951239)
TopKResultPoint(2,Point(Vector(0.029330789480961312, 0.0023460099915597935, 0.038625611218752354, 0.0030941530889688085)),928320)
TopKResultPoint(3,Point(Vector(0.0017260921076514468, 0.018628214104021545, 0.02309551511614777, 0.046351326897319856)),912489)
TopKResultPoint(4,Point(Vector(0.03222634882058012, 0.04211195450767642, 0.015113429009277316, 0.0021719195728278854)),910697)
TopKResultPoint(5,Point(Vector(0.032322407055389094, 0.02396909623294583, 0.012325788250354837, 0.024909512443049845)),909598)
TopKResultPoint(6,Point(Vector(0.01358098624951509, 0.05648858593378093, 0.018668816018479677, 0.011177822267969493)),902655)
TopKResultPoint(7,Point(Vector(0.016655723473402165, 0.0036430224570160566, 0.07486536313841997, 0.0050237401222876866)),902059)
TopKResultPoint(8,Point(Vector(0.03222876813696628, 0.06292138131132877, 0.005978801260192265, 0.0045898302666944404)),896998)
TopKResultPoint(9,Point(Vector(0.013952424343756887, 0.003660554382064917, 0.0884769180932955, 5.098204200141697E-4)),895300)
TopKResultPoint(10,Point(Vector(0.01507065713014213, 0.006873298939059479, 8.137649267261792E-4, 0.08637238081293004)),892372)
Iteration: 6 Elapsed time: 267.619118783 seconds
local[2]
TopKResultPoint(1,Point(Vector(0.005206088438112559, 0.005375414768430743, 0.0365792648426215, 0.0022295910186849086)),951239)
TopKResultPoint(2,Point(Vector(0.029330789480961312, 0.0023460099915597935, 0.038625611218752354, 0.0030941530889688085)),928320)
TopKResultPoint(3,Point(Vector(0.0017260921076514468, 0.018628214104021545, 0.02309551511614777, 0.046351326897319856)),912489)
TopKResultPoint(4,Point(Vector(0.03222634882058012, 0.04211195450767642, 0.015113429009277316, 0.0021719195728278854)),910697)
TopKResultPoint(5,Point(Vector(0.032322407055389094, 0.02396909623294583, 0.012325788250354837, 0.024909512443049845)),909598)
TopKResultPoint(6,Point(Vector(0.01358098624951509, 0.05648858593378093, 0.018668816018479677, 0.011177822267969493)),902655)
TopKResultPoint(7,Point(Vector(0.016655723473402165, 0.0036430224570160566, 0.07486536313841997, 0.0050237401222876866)),902059)
TopKResultPoint(8,Point(Vector(0.03222876813696628, 0.06292138131132877, 0.005978801260192265, 0.0045898302666944404)),896998)
TopKResultPoint(9,Point(Vector(0.013952424343756887, 0.003660554382064917, 0.0884769180932955, 5.098204200141697E-4)),895300)
TopKResultPoint(10,Point(Vector(0.01507065713014213, 0.006873298939059479, 8.137649267261792E-4, 0.08637238081293004)),892372)
Iteration: 7 Elapsed time: 273.674658907 seconds
local[2]
TopKResultPoint(1,Point(Vector(0.005206088438112559, 0.005375414768430743, 0.0365792648426215, 0.0022295910186849086)),951239)
TopKResultPoint(2,Point(Vector(0.029330789480961312, 0.0023460099915597935, 0.038625611218752354, 0.0030941530889688085)),928320)
TopKResultPoint(3,Point(Vector(0.0017260921076514468, 0.018628214104021545, 0.02309551511614777, 0.046351326897319856)),912489)
TopKResultPoint(4,Point(Vector(0.03222634882058012, 0.04211195450767642, 0.015113429009277316, 0.0021719195728278854)),910697)
TopKResultPoint(5,Point(Vector(0.032322407055389094, 0.02396909623294583, 0.012325788250354837, 0.024909512443049845)),909598)
TopKResultPoint(6,Point(Vector(0.01358098624951509, 0.05648858593378093, 0.018668816018479677, 0.011177822267969493)),902655)
TopKResultPoint(7,Point(Vector(0.016655723473402165, 0.0036430224570160566, 0.07486536313841997, 0.0050237401222876866)),902059)
TopKResultPoint(8,Point(Vector(0.03222876813696628, 0.06292138131132877, 0.005978801260192265, 0.0045898302666944404)),896998)
TopKResultPoint(9,Point(Vector(0.013952424343756887, 0.003660554382064917, 0.0884769180932955, 5.098204200141697E-4)),895300)
TopKResultPoint(10,Point(Vector(0.01507065713014213, 0.006873298939059479, 8.137649267261792E-4, 0.08637238081293004)),892372)
Iteration: 8 Elapsed time: 234.280331196 seconds
local[2]
TopKResultPoint(1,Point(Vector(0.005206088438112559, 0.005375414768430743, 0.0365792648426215, 0.0022295910186849086)),951239)
TopKResultPoint(2,Point(Vector(0.029330789480961312, 0.0023460099915597935, 0.038625611218752354, 0.0030941530889688085)),928320)
TopKResultPoint(3,Point(Vector(0.0017260921076514468, 0.018628214104021545, 0.02309551511614777, 0.046351326897319856)),912489)
TopKResultPoint(4,Point(Vector(0.03222634882058012, 0.04211195450767642, 0.015113429009277316, 0.0021719195728278854)),910697)
TopKResultPoint(5,Point(Vector(0.032322407055389094, 0.02396909623294583, 0.012325788250354837, 0.024909512443049845)),909598)
TopKResultPoint(6,Point(Vector(0.01358098624951509, 0.05648858593378093, 0.018668816018479677, 0.011177822267969493)),902655)
TopKResultPoint(7,Point(Vector(0.016655723473402165, 0.0036430224570160566, 0.07486536313841997, 0.0050237401222876866)),902059)
TopKResultPoint(8,Point(Vector(0.03222876813696628, 0.06292138131132877, 0.005978801260192265, 0.0045898302666944404)),896998)
TopKResultPoint(9,Point(Vector(0.013952424343756887, 0.003660554382064917, 0.0884769180932955, 5.098204200141697E-4)),895300)
TopKResultPoint(10,Point(Vector(0.01507065713014213, 0.006873298939059479, 8.137649267261792E-4, 0.08637238081293004)),892372)
Iteration: 9 Elapsed time: 247.617019411 seconds
local[2]
TopKResultPoint(1,Point(Vector(0.005206088438112559, 0.005375414768430743, 0.0365792648426215, 0.0022295910186849086)),951239)
TopKResultPoint(2,Point(Vector(0.029330789480961312, 0.0023460099915597935, 0.038625611218752354, 0.0030941530889688085)),928320)
TopKResultPoint(3,Point(Vector(0.0017260921076514468, 0.018628214104021545, 0.02309551511614777, 0.046351326897319856)),912489)
TopKResultPoint(4,Point(Vector(0.03222634882058012, 0.04211195450767642, 0.015113429009277316, 0.0021719195728278854)),910697)
TopKResultPoint(5,Point(Vector(0.032322407055389094, 0.02396909623294583, 0.012325788250354837, 0.024909512443049845)),909598)
TopKResultPoint(6,Point(Vector(0.01358098624951509, 0.05648858593378093, 0.018668816018479677, 0.011177822267969493)),902655)
TopKResultPoint(7,Point(Vector(0.016655723473402165, 0.0036430224570160566, 0.07486536313841997, 0.0050237401222876866)),902059)
TopKResultPoint(8,Point(Vector(0.03222876813696628, 0.06292138131132877, 0.005978801260192265, 0.0045898302666944404)),896998)
TopKResultPoint(9,Point(Vector(0.013952424343756887, 0.003660554382064917, 0.0884769180932955, 5.098204200141697E-4)),895300)
TopKResultPoint(10,Point(Vector(0.01507065713014213, 0.006873298939059479, 8.137649267261792E-4, 0.08637238081293004)),892372)
Iteration: 10 Elapsed time: 232.111761945 seconds
Mean execution time 258.0505950648
###### uniform_data_6D_1000000S.csv K=10 CORES=2 ######
local[2]
TopKResultPoint(1,Point(Vector(0.09441555305933749, 0.038538750834208074, 0.08085274239122701, 0.04294461110355383, 0.0134958515265391, 0.0108154672508183)),747401)
TopKResultPoint(2,Point(Vector(0.059917281752181265, 0.03741435138133478, 0.020997652665268988, 0.05468949141874475, 0.05745308975262293, 0.06507631117841439)),738060)
TopKResultPoint(3,Point(Vector(0.17787220545396792, 0.09208197744513746, 0.02184343646310525, 0.014590407311648826, 0.021337801934864568, 0.018003204904221)),692421)
TopKResultPoint(4,Point(Vector(0.07373240557042526, 0.0013246480564066245, 0.0025008231597803505, 0.019631380127775176, 0.22132783234249945, 0.055513199553742364)),665272)
TopKResultPoint(5,Point(Vector(0.03868255741704486, 0.07350226502517085, 0.07251332199262203, 0.10037785433673951, 0.051721158753046, 0.07771925746116054)),650874)
TopKResultPoint(6,Point(Vector(0.07372752570333721, 0.08197806594328276, 0.08731798726994422, 0.022839290578300017, 0.08653034345203489, 0.07341493428189544)),642777)
TopKResultPoint(7,Point(Vector(0.11052521273696528, 0.054398560926160786, 0.014053032163799668, 0.0637185051916404, 0.12311628758848557, 0.07155019532961963)),632616)
TopKResultPoint(8,Point(Vector(0.04319884196944111, 0.03539050236431593, 0.045114551595832, 0.03493501495083333, 0.07939104194578825, 0.19452325538967885)),630836)
TopKResultPoint(9,Point(Vector(0.14568481396967325, 0.09126661397280184, 0.04529298873194427, 0.08521852795248414, 0.07225500739796119, 0.001303800098268292)),629278)
TopKResultPoint(10,Point(Vector(0.04687627122889613, 0.06997160761201143, 0.1574848525160199, 0.0639105925028772, 0.09738090285061148, 0.0072012584997747184)),626875)
Iteration: 1 Elapsed time: 2084.159064874 seconds
local[2]
Exception in thread "main" org.apache.spark.SparkException: Job 4 cancelled because SparkContext was shut down
	at org.apache.spark.scheduler.DAGScheduler.$anonfun$cleanUpAfterSchedulerStop$1(DAGScheduler.scala:1188)
	at org.apache.spark.scheduler.DAGScheduler.$anonfun$cleanUpAfterSchedulerStop$1$adapted(DAGScheduler.scala:1186)
	at scala.collection.mutable.HashSet.foreach(HashSet.scala:79)
	at org.apache.spark.scheduler.DAGScheduler.cleanUpAfterSchedulerStop(DAGScheduler.scala:1186)
	at org.apache.spark.scheduler.DAGSchedulerEventProcessLoop.onStop(DAGScheduler.scala:2887)
	at org.apache.spark.util.EventLoop.stop(EventLoop.scala:84)
	at org.apache.spark.scheduler.DAGScheduler.stop(DAGScheduler.scala:2784)
	at org.apache.spark.SparkContext.$anonfun$stop$11(SparkContext.scala:2105)
	at org.apache.spark.util.Utils$.tryLogNonFatalError(Utils.scala:1484)
	at org.apache.spark.SparkContext.stop(SparkContext.scala:2105)
	at org.apache.spark.SparkContext.$anonfun$new$35(SparkContext.scala:670)
	at org.apache.spark.util.SparkShutdownHook.run(ShutdownHookManager.scala:214)
	at org.apache.spark.util.SparkShutdownHookManager.$anonfun$runAll$2(ShutdownHookManager.scala:188)
	at scala.runtime.java8.JFunction0$mcV$sp.apply(JFunction0$mcV$sp.java:23)
	at org.apache.spark.util.Utils$.logUncaughtExceptions(Utils.scala:2066)
	at org.apache.spark.util.SparkShutdownHookManager.$anonfun$runAll$1(ShutdownHookManager.scala:188)
	at scala.runtime.java8.JFunction0$mcV$sp.apply(JFunction0$mcV$sp.java:23)
	at scala.util.Try$.apply(Try.scala:213)
	at org.apache.spark.util.SparkShutdownHookManager.runAll(ShutdownHookManager.scala:188)
	at org.apache.spark.util.SparkShutdownHookManager$$anon$2.run(ShutdownHookManager.scala:178)
	at java.base/java.util.concurrent.Executors$RunnableAdapter.call(Executors.java:515)
	at java.base/java.util.concurrent.FutureTask.run(FutureTask.java:264)
	at java.base/java.util.concurrent.ThreadPoolExecutor.runWorker(ThreadPoolExecutor.java:1128)
	at java.base/java.util.concurrent.ThreadPoolExecutor$Worker.run(ThreadPoolExecutor.java:628)
	at java.base/java.lang.Thread.run(Thread.java:829)
	at org.apache.spark.scheduler.DAGScheduler.runJob(DAGScheduler.scala:952)
	at org.apache.spark.SparkContext.runJob(SparkContext.scala:2238)
	at org.apache.spark.SparkContext.runJob(SparkContext.scala:2333)
	at org.apache.spark.rdd.RDD.$anonfun$reduce$1(RDD.scala:1111)
	at org.apache.spark.rdd.RDDOperationScope$.withScope(RDDOperationScope.scala:151)
	at org.apache.spark.rdd.RDDOperationScope$.withScope(RDDOperationScope.scala:112)
	at org.apache.spark.rdd.RDD.withScope(RDD.scala:406)
	at org.apache.spark.rdd.RDD.reduce(RDD.scala:1093)
	at org.apache.spark.sql.Dataset.$anonfun$reduce$1(Dataset.scala:1803)
	at org.apache.spark.sql.Dataset.$anonfun$withNewRDDExecutionId$1(Dataset.scala:3845)
	at org.apache.spark.sql.execution.SQLExecution$.$anonfun$withNewExecutionId$6(SQLExecution.scala:109)
	at org.apache.spark.sql.execution.SQLExecution$.withSQLConfPropagated(SQLExecution.scala:169)
	at org.apache.spark.sql.execution.SQLExecution$.$anonfun$withNewExecutionId$1(SQLExecution.scala:95)
	at org.apache.spark.sql.SparkSession.withActive(SparkSession.scala:779)
	at org.apache.spark.sql.execution.SQLExecution$.withNewExecutionId(SQLExecution.scala:64)
	at org.apache.spark.sql.Dataset.withNewRDDExecutionId(Dataset.scala:3843)
	at org.apache.spark.sql.Dataset.reduce(Dataset.scala:1803)
	at std.skyline.SkylineCalculator.BlockNestedLoop(SkylineCalculator.scala:84)
	at std.STD.apply(STD.scala:14)
	at std.STDMain$.$anonfun$main$6(STDMain.scala:64)
	at scala.collection.immutable.Range.foreach$mVc$sp(Range.scala:158)
	at std.STDMain$.$anonfun$main$5(STDMain.scala:39)
	at std.STDMain$.$anonfun$main$5$adapted(STDMain.scala:33)
	at java.base/java.lang.Iterable.forEach(Iterable.java:75)
	at std.STDMain$.$anonfun$main$4(STDMain.scala:33)
	at std.STDMain$.$anonfun$main$4$adapted(STDMain.scala:32)
	at java.base/java.lang.Iterable.forEach(Iterable.java:75)
	at std.STDMain$.$anonfun$main$3(STDMain.scala:32)
	at std.STDMain$.$anonfun$main$3$adapted(STDMain.scala:31)
	at java.base/java.lang.Iterable.forEach(Iterable.java:75)
	at std.STDMain$.$anonfun$main$2(STDMain.scala:31)
	at std.STDMain$.$anonfun$main$2$adapted(STDMain.scala:30)
	at java.base/java.lang.Iterable.forEach(Iterable.java:75)
	at std.STDMain$.$anonfun$main$1(STDMain.scala:30)
	at java.base/java.lang.Iterable.forEach(Iterable.java:75)
	at std.STDMain$.main(STDMain.scala:29)
	at std.STDMain.main(STDMain.scala)
