###### uniform_data_2D_1000000S.csv K=10 CORES=4 ######
local[4]
WARNING: An illegal reflective access operation has occurred
WARNING: Illegal reflective access by org.apache.spark.unsafe.Platform (file:/home/apapadoi/.cache/coursier/v1/https/repo1.maven.org/maven2/org/apache/spark/spark-unsafe_2.12/3.3.2/spark-unsafe_2.12-3.3.2.jar) to constructor java.nio.DirectByteBuffer(long,int)
WARNING: Please consider reporting this to the maintainers of org.apache.spark.unsafe.Platform
WARNING: Use --illegal-access=warn to enable warnings of further illegal reflective access operations
WARNING: All illegal access operations will be denied in a future release
TopKResultPoint(1,Point(Vector(5.650524147524612E-5, 0.0011773574185108503)),998748)
TopKResultPoint(2,Point(Vector(1.709704322228828E-4, 0.0011370360982801563)),998681)
TopKResultPoint(3,Point(Vector(3.7950453332919945E-4, 9.527606453244454E-4)),998663)
TopKResultPoint(4,Point(Vector(1.7067395505402527E-4, 0.0011738608947090175)),998646)
TopKResultPoint(5,Point(Vector(3.01289438290226E-4, 0.0012492246888273764)),998450)
TopKResultPoint(6,Point(Vector(5.227327284813357E-4, 0.001518362609999655)),997957)
TopKResultPoint(7,Point(Vector(0.0012806034419774453, 0.002094686657029154)),996623)
TopKResultPoint(8,Point(Vector(0.00357936184950867, 3.959134501455739E-4)),996030)
TopKResultPoint(9,Point(Vector(2.3449418506693153E-4, 0.003846155178674916)),995930)
TopKResultPoint(10,Point(Vector(5.413100441830767E-4, 0.0037368066383301167)),995729)
Iteration: 1 Elapsed time: 24.676186898 seconds
Mean execution time 2.4676186898
###### uniform_data_4D_1000000S.csv K=10 CORES=4 ######
local[4]
TopKResultPoint(1,Point(Vector(0.005206088438112559, 0.005375414768430743, 0.0365792648426215, 0.0022295910186849086)),951239)
TopKResultPoint(2,Point(Vector(0.029330789480961312, 0.0023460099915597935, 0.038625611218752354, 0.0030941530889688085)),928320)
TopKResultPoint(3,Point(Vector(0.0017260921076514468, 0.018628214104021545, 0.02309551511614777, 0.046351326897319856)),912489)
TopKResultPoint(4,Point(Vector(0.03222634882058012, 0.04211195450767642, 0.015113429009277316, 0.0021719195728278854)),910697)
TopKResultPoint(5,Point(Vector(0.032322407055389094, 0.02396909623294583, 0.012325788250354837, 0.024909512443049845)),909598)
TopKResultPoint(6,Point(Vector(0.01358098624951509, 0.05648858593378093, 0.018668816018479677, 0.011177822267969493)),902655)
TopKResultPoint(7,Point(Vector(0.016655723473402165, 0.0036430224570160566, 0.07486536313841997, 0.0050237401222876866)),902059)
TopKResultPoint(8,Point(Vector(0.03222876813696628, 0.06292138131132877, 0.005978801260192265, 0.0045898302666944404)),896998)
TopKResultPoint(9,Point(Vector(0.013952424343756887, 0.003660554382064917, 0.0884769180932955, 5.098204200141697E-4)),895300)
TopKResultPoint(10,Point(Vector(0.01507065713014213, 0.006873298939059479, 8.137649267261792E-4, 0.08637238081293004)),892372)
Iteration: 1 Elapsed time: 145.123498695 seconds
Mean execution time 14.5123498695
###### uniform_data_6D_1000000S.csv K=10 CORES=4 ######
local[4]
TopKResultPoint(1,Point(Vector(0.09441555305933749, 0.038538750834208074, 0.08085274239122701, 0.04294461110355383, 0.0134958515265391, 0.0108154672508183)),747401)
TopKResultPoint(2,Point(Vector(0.059917281752181265, 0.03741435138133478, 0.020997652665268988, 0.05468949141874475, 0.05745308975262293, 0.06507631117841439)),738060)
TopKResultPoint(3,Point(Vector(0.17787220545396792, 0.09208197744513746, 0.02184343646310525, 0.014590407311648826, 0.021337801934864568, 0.018003204904221)),692421)
TopKResultPoint(4,Point(Vector(0.07373240557042526, 0.0013246480564066245, 0.0025008231597803505, 0.019631380127775176, 0.22132783234249945, 0.055513199553742364)),665272)
TopKResultPoint(5,Point(Vector(0.03868255741704486, 0.07350226502517085, 0.07251332199262203, 0.10037785433673951, 0.051721158753046, 0.07771925746116054)),650874)
TopKResultPoint(6,Point(Vector(0.07372752570333721, 0.08197806594328276, 0.08731798726994422, 0.022839290578300017, 0.08653034345203489, 0.07341493428189544)),642777)
TopKResultPoint(7,Point(Vector(0.11052521273696528, 0.054398560926160786, 0.014053032163799668, 0.0637185051916404, 0.12311628758848557, 0.07155019532961963)),632616)
TopKResultPoint(8,Point(Vector(0.04319884196944111, 0.03539050236431593, 0.045114551595832, 0.03493501495083333, 0.07939104194578825, 0.19452325538967885)),630836)
TopKResultPoint(9,Point(Vector(0.14568481396967325, 0.09126661397280184, 0.04529298873194427, 0.08521852795248414, 0.07225500739796119, 0.001303800098268292)),629278)
TopKResultPoint(10,Point(Vector(0.04687627122889613, 0.06997160761201143, 0.1574848525160199, 0.0639105925028772, 0.09738090285061148, 0.0072012584997747184)),626875)
Iteration: 1 Elapsed time: 1107.633197721 seconds
Mean execution time 110.7633197721
###### uniform_data_2D_1000000S.csv K=10 CORES=8 ######
local[8]
TopKResultPoint(1,Point(Vector(5.650524147524612E-5, 0.0011773574185108503)),998748)
TopKResultPoint(2,Point(Vector(1.709704322228828E-4, 0.0011370360982801563)),998681)
TopKResultPoint(3,Point(Vector(3.7950453332919945E-4, 9.527606453244454E-4)),998663)
TopKResultPoint(4,Point(Vector(1.7067395505402527E-4, 0.0011738608947090175)),998646)
TopKResultPoint(5,Point(Vector(3.01289438290226E-4, 0.0012492246888273764)),998450)
TopKResultPoint(6,Point(Vector(5.227327284813357E-4, 0.001518362609999655)),997957)
TopKResultPoint(7,Point(Vector(0.0012806034419774453, 0.002094686657029154)),996623)
TopKResultPoint(8,Point(Vector(0.00357936184950867, 3.959134501455739E-4)),996030)
TopKResultPoint(9,Point(Vector(2.3449418506693153E-4, 0.003846155178674916)),995930)
TopKResultPoint(10,Point(Vector(5.413100441830767E-4, 0.0037368066383301167)),995729)
Iteration: 1 Elapsed time: 14.517333669 seconds
Mean execution time 1.4517333668999999
###### uniform_data_4D_1000000S.csv K=10 CORES=8 ######
local[8]
TopKResultPoint(1,Point(Vector(0.005206088438112559, 0.005375414768430743, 0.0365792648426215, 0.0022295910186849086)),951239)
TopKResultPoint(2,Point(Vector(0.029330789480961312, 0.0023460099915597935, 0.038625611218752354, 0.0030941530889688085)),928320)
TopKResultPoint(3,Point(Vector(0.0017260921076514468, 0.018628214104021545, 0.02309551511614777, 0.046351326897319856)),912489)
TopKResultPoint(4,Point(Vector(0.03222634882058012, 0.04211195450767642, 0.015113429009277316, 0.0021719195728278854)),910697)
TopKResultPoint(5,Point(Vector(0.032322407055389094, 0.02396909623294583, 0.012325788250354837, 0.024909512443049845)),909598)
TopKResultPoint(6,Point(Vector(0.01358098624951509, 0.05648858593378093, 0.018668816018479677, 0.011177822267969493)),902655)
TopKResultPoint(7,Point(Vector(0.016655723473402165, 0.0036430224570160566, 0.07486536313841997, 0.0050237401222876866)),902059)
TopKResultPoint(8,Point(Vector(0.03222876813696628, 0.06292138131132877, 0.005978801260192265, 0.0045898302666944404)),896998)
TopKResultPoint(9,Point(Vector(0.013952424343756887, 0.003660554382064917, 0.0884769180932955, 5.098204200141697E-4)),895300)
TopKResultPoint(10,Point(Vector(0.01507065713014213, 0.006873298939059479, 8.137649267261792E-4, 0.08637238081293004)),892372)
Iteration: 1 Elapsed time: 96.492501909 seconds
Mean execution time 9.6492501909
###### uniform_data_6D_1000000S.csv K=10 CORES=8 ######
local[8]
TopKResultPoint(1,Point(Vector(0.09441555305933749, 0.038538750834208074, 0.08085274239122701, 0.04294461110355383, 0.0134958515265391, 0.0108154672508183)),747401)
TopKResultPoint(2,Point(Vector(0.059917281752181265, 0.03741435138133478, 0.020997652665268988, 0.05468949141874475, 0.05745308975262293, 0.06507631117841439)),738060)
TopKResultPoint(3,Point(Vector(0.17787220545396792, 0.09208197744513746, 0.02184343646310525, 0.014590407311648826, 0.021337801934864568, 0.018003204904221)),692421)
TopKResultPoint(4,Point(Vector(0.07373240557042526, 0.0013246480564066245, 0.0025008231597803505, 0.019631380127775176, 0.22132783234249945, 0.055513199553742364)),665272)
TopKResultPoint(5,Point(Vector(0.03868255741704486, 0.07350226502517085, 0.07251332199262203, 0.10037785433673951, 0.051721158753046, 0.07771925746116054)),650874)
TopKResultPoint(6,Point(Vector(0.07372752570333721, 0.08197806594328276, 0.08731798726994422, 0.022839290578300017, 0.08653034345203489, 0.07341493428189544)),642777)
TopKResultPoint(7,Point(Vector(0.11052521273696528, 0.054398560926160786, 0.014053032163799668, 0.0637185051916404, 0.12311628758848557, 0.07155019532961963)),632616)
TopKResultPoint(8,Point(Vector(0.04319884196944111, 0.03539050236431593, 0.045114551595832, 0.03493501495083333, 0.07939104194578825, 0.19452325538967885)),630836)
TopKResultPoint(9,Point(Vector(0.14568481396967325, 0.09126661397280184, 0.04529298873194427, 0.08521852795248414, 0.07225500739796119, 0.001303800098268292)),629278)
TopKResultPoint(10,Point(Vector(0.04687627122889613, 0.06997160761201143, 0.1574848525160199, 0.0639105925028772, 0.09738090285061148, 0.0072012584997747184)),626875)
Iteration: 1 Elapsed time: 809.315761851 seconds
Mean execution time 80.9315761851
###### uniform_data_2D_1000000S.csv K=10 CORES=16 ######
local[16]
TopKResultPoint(1,Point(Vector(5.650524147524612E-5, 0.0011773574185108503)),998748)
TopKResultPoint(2,Point(Vector(1.709704322228828E-4, 0.0011370360982801563)),998681)
TopKResultPoint(3,Point(Vector(3.7950453332919945E-4, 9.527606453244454E-4)),998663)
TopKResultPoint(4,Point(Vector(1.7067395505402527E-4, 0.0011738608947090175)),998646)
TopKResultPoint(5,Point(Vector(3.01289438290226E-4, 0.0012492246888273764)),998450)
TopKResultPoint(6,Point(Vector(5.227327284813357E-4, 0.001518362609999655)),997957)
TopKResultPoint(7,Point(Vector(0.0012806034419774453, 0.002094686657029154)),996623)
TopKResultPoint(8,Point(Vector(0.00357936184950867, 3.959134501455739E-4)),996030)
TopKResultPoint(9,Point(Vector(2.3449418506693153E-4, 0.003846155178674916)),995930)
TopKResultPoint(10,Point(Vector(5.413100441830767E-4, 0.0037368066383301167)),995729)
Iteration: 1 Elapsed time: 14.260499344 seconds
Mean execution time 1.4260499344
###### uniform_data_4D_1000000S.csv K=10 CORES=16 ######
local[16]
TopKResultPoint(1,Point(Vector(0.005206088438112559, 0.005375414768430743, 0.0365792648426215, 0.0022295910186849086)),951239)
TopKResultPoint(2,Point(Vector(0.029330789480961312, 0.0023460099915597935, 0.038625611218752354, 0.0030941530889688085)),928320)
TopKResultPoint(3,Point(Vector(0.0017260921076514468, 0.018628214104021545, 0.02309551511614777, 0.046351326897319856)),912489)
TopKResultPoint(4,Point(Vector(0.03222634882058012, 0.04211195450767642, 0.015113429009277316, 0.0021719195728278854)),910697)
TopKResultPoint(5,Point(Vector(0.032322407055389094, 0.02396909623294583, 0.012325788250354837, 0.024909512443049845)),909598)
TopKResultPoint(6,Point(Vector(0.01358098624951509, 0.05648858593378093, 0.018668816018479677, 0.011177822267969493)),902655)
TopKResultPoint(7,Point(Vector(0.016655723473402165, 0.0036430224570160566, 0.07486536313841997, 0.0050237401222876866)),902059)
TopKResultPoint(8,Point(Vector(0.03222876813696628, 0.06292138131132877, 0.005978801260192265, 0.0045898302666944404)),896998)
TopKResultPoint(9,Point(Vector(0.013952424343756887, 0.003660554382064917, 0.0884769180932955, 5.098204200141697E-4)),895300)
TopKResultPoint(10,Point(Vector(0.01507065713014213, 0.006873298939059479, 8.137649267261792E-4, 0.08637238081293004)),892372)
Iteration: 1 Elapsed time: 75.18478601 seconds
Mean execution time 7.518478601
###### uniform_data_6D_1000000S.csv K=10 CORES=16 ######
local[16]
TopKResultPoint(1,Point(Vector(0.09441555305933749, 0.038538750834208074, 0.08085274239122701, 0.04294461110355383, 0.0134958515265391, 0.0108154672508183)),747401)
TopKResultPoint(2,Point(Vector(0.059917281752181265, 0.03741435138133478, 0.020997652665268988, 0.05468949141874475, 0.05745308975262293, 0.06507631117841439)),738060)
TopKResultPoint(3,Point(Vector(0.17787220545396792, 0.09208197744513746, 0.02184343646310525, 0.014590407311648826, 0.021337801934864568, 0.018003204904221)),692421)
TopKResultPoint(4,Point(Vector(0.07373240557042526, 0.0013246480564066245, 0.0025008231597803505, 0.019631380127775176, 0.22132783234249945, 0.055513199553742364)),665272)
TopKResultPoint(5,Point(Vector(0.03868255741704486, 0.07350226502517085, 0.07251332199262203, 0.10037785433673951, 0.051721158753046, 0.07771925746116054)),650874)
TopKResultPoint(6,Point(Vector(0.07372752570333721, 0.08197806594328276, 0.08731798726994422, 0.022839290578300017, 0.08653034345203489, 0.07341493428189544)),642777)
TopKResultPoint(7,Point(Vector(0.11052521273696528, 0.054398560926160786, 0.014053032163799668, 0.0637185051916404, 0.12311628758848557, 0.07155019532961963)),632616)
TopKResultPoint(8,Point(Vector(0.04319884196944111, 0.03539050236431593, 0.045114551595832, 0.03493501495083333, 0.07939104194578825, 0.19452325538967885)),630836)
TopKResultPoint(9,Point(Vector(0.14568481396967325, 0.09126661397280184, 0.04529298873194427, 0.08521852795248414, 0.07225500739796119, 0.001303800098268292)),629278)
TopKResultPoint(10,Point(Vector(0.04687627122889613, 0.06997160761201143, 0.1574848525160199, 0.0639105925028772, 0.09738090285061148, 0.0072012584997747184)),626875)
Iteration: 1 Elapsed time: 647.100443602 seconds
Mean execution time 64.7100443602
