###### normal_data_2D_1000000S.csv K=10 CORES=2 ######
local[2]
WARNING: An illegal reflective access operation has occurred
WARNING: Illegal reflective access by org.apache.spark.unsafe.Platform (file:/home/apapadoi/.cache/coursier/v1/https/repo1.maven.org/maven2/org/apache/spark/spark-unsafe_2.12/3.3.2/spark-unsafe_2.12-3.3.2.jar) to constructor java.nio.DirectByteBuffer(long,int)
WARNING: Please consider reporting this to the maintainers of org.apache.spark.unsafe.Platform
WARNING: Use --illegal-access=warn to enable warnings of further illegal reflective access operations
WARNING: All illegal access operations will be denied in a future release
TopKResultPoint(1,Point(Vector(0.17388597824211482, 0.18608799918055613)),998471)
TopKResultPoint(2,Point(Vector(0.16680207622335397, 0.20108457210758057)),998132)
TopKResultPoint(3,Point(Vector(0.20299946723785267, 0.14905288445454723)),997737)
TopKResultPoint(4,Point(Vector(0.16939876438928542, 0.2122430386278391)),997530)
TopKResultPoint(5,Point(Vector(0.185474365693442, 0.21346100986416394)),996986)
TopKResultPoint(6,Point(Vector(0.20782140221531215, 0.201503671138119)),996367)
TopKResultPoint(7,Point(Vector(0.1628555274143464, 0.2332684120064339)),996158)
TopKResultPoint(8,Point(Vector(0.19122578241996036, 0.2265895595495373)),995880)
TopKResultPoint(9,Point(Vector(0.22834242758862122, 0.18425334611141486)),994992)
TopKResultPoint(10,Point(Vector(0.17189615979302547, 0.24239622225802604)),994943)
Iteration: 1 Elapsed time: 51.883752248 seconds
Mean execution time 5.1883752248
###### normal_data_4D_1000000S.csv K=10 CORES=2 ######
local[2]
TopKResultPoint(1,Point(Vector(0.3461100466574683, 0.2552031920658442, 0.2929762352380557, 0.18666326677142314)),907833)
TopKResultPoint(2,Point(Vector(0.2273982750889172, 0.33857843942833254, 0.267913463595694, 0.12942660177063708)),903236)
TopKResultPoint(3,Point(Vector(0.3802245900967112, 0.21919676695745904, 0.25792104155948087, 0.20902057826373555)),893455)
TopKResultPoint(4,Point(Vector(0.3388192705602253, 0.19076582298845496, 0.3169212679844795, 0.265468962739969)),884770)
TopKResultPoint(5,Point(Vector(0.3198843975419272, 0.34072551301670984, 0.2200473332767517, 0.2691283747538402)),881931)
TopKResultPoint(6,Point(Vector(0.30532744265474154, 0.32422434620947466, 0.27416255993291816, 0.2872704538302104)),880836)
TopKResultPoint(7,Point(Vector(0.3761829171936975, 0.28504309307595543, 0.10532648069806894, 0.28698782629223096)),879349)
TopKResultPoint(8,Point(Vector(0.38389724668910014, 0.2945880771195192, 0.23822715542029776, 0.20428775063790872)),872600)
TopKResultPoint(9,Point(Vector(0.30718743122799197, 0.3092807978127506, 0.2621264165155873, 0.32257855941634217)),871444)
TopKResultPoint(10,Point(Vector(0.3751940055953882, 0.22744192723042883, 0.2884124648611593, 0.2716456698945656)),869499)
Iteration: 1 Elapsed time: 591.284870759 seconds
Mean execution time 59.1284870759
###### normal_data_6D_1000000S.csv K=10 CORES=2 ######
local[2]
TopKResultPoint(1,Point(Vector(0.3491468090051646, 0.38209523000967266, 0.3203714567712119, 0.3216559862461212, 0.38053669302068055, 0.31705093141902096)),672539)
TopKResultPoint(2,Point(Vector(0.39092173118967327, 0.3318615073928022, 0.35299056799613915, 0.3346750957361433, 0.28811803521997836, 0.3998009425985023)),658086)
TopKResultPoint(3,Point(Vector(0.29535331470446824, 0.40526362045762243, 0.36047572921488535, 0.27052926340114536, 0.34592193488429535, 0.382182333635102)),657091)
TopKResultPoint(4,Point(Vector(0.40399994764626346, 0.3628121155401408, 0.3640812192118892, 0.3237316491997875, 0.34227648864921745, 0.31087936979995767)),656605)
TopKResultPoint(5,Point(Vector(0.38140929899361486, 0.3299987868604456, 0.3911825718306906, 0.36585451840949257, 0.2564424608613808, 0.3592241977688392)),653974)
TopKResultPoint(6,Point(Vector(0.3427038267521545, 0.2999822653045601, 0.3993367140488601, 0.3410388449455229, 0.35672657503200816, 0.3741435762007249)),652985)
TopKResultPoint(7,Point(Vector(0.3654187583377354, 0.36733545519970434, 0.3633982212134939, 0.3067452368091017, 0.3581362863635392, 0.3819376508574869)),647000)
TopKResultPoint(8,Point(Vector(0.3944976760809463, 0.2987227954641467, 0.3729510765562653, 0.35891052155306397, 0.3728492281884335, 0.3041251597277609)),636932)
TopKResultPoint(9,Point(Vector(0.35089902677696255, 0.3483168459870299, 0.38862812175874906, 0.3831934586494937, 0.34759720556146145, 0.28424134671475937)),635949)
TopKResultPoint(10,Point(Vector(0.41588231694683736, 0.3024074853343097, 0.21576928341331048, 0.3310926634114028, 0.3040284465917381, 0.41609099653477005)),632236)
Iteration: 1 Elapsed time: 3640.133374425 seconds
Mean execution time 364.0133374425
###### normal_data_2D_1000000S.csv K=10 CORES=4 ######
local[4]
TopKResultPoint(1,Point(Vector(0.17388597824211482, 0.18608799918055613)),998471)
TopKResultPoint(2,Point(Vector(0.16680207622335397, 0.20108457210758057)),998132)
TopKResultPoint(3,Point(Vector(0.20299946723785267, 0.14905288445454723)),997737)
TopKResultPoint(4,Point(Vector(0.16939876438928542, 0.2122430386278391)),997530)
TopKResultPoint(5,Point(Vector(0.185474365693442, 0.21346100986416394)),996986)
TopKResultPoint(6,Point(Vector(0.20782140221531215, 0.201503671138119)),996367)
TopKResultPoint(7,Point(Vector(0.1628555274143464, 0.2332684120064339)),996158)
TopKResultPoint(8,Point(Vector(0.19122578241996036, 0.2265895595495373)),995880)
TopKResultPoint(9,Point(Vector(0.22834242758862122, 0.18425334611141486)),994992)
TopKResultPoint(10,Point(Vector(0.17189615979302547, 0.24239622225802604)),994943)
Iteration: 1 Elapsed time: 24.626154298 seconds
Mean execution time 2.4626154298
###### normal_data_4D_1000000S.csv K=10 CORES=4 ######
local[4]
TopKResultPoint(1,Point(Vector(0.3461100466574683, 0.2552031920658442, 0.2929762352380557, 0.18666326677142314)),907833)
TopKResultPoint(2,Point(Vector(0.2273982750889172, 0.33857843942833254, 0.267913463595694, 0.12942660177063708)),903236)
TopKResultPoint(3,Point(Vector(0.3802245900967112, 0.21919676695745904, 0.25792104155948087, 0.20902057826373555)),893455)
TopKResultPoint(4,Point(Vector(0.3388192705602253, 0.19076582298845496, 0.3169212679844795, 0.265468962739969)),884770)
TopKResultPoint(5,Point(Vector(0.3198843975419272, 0.34072551301670984, 0.2200473332767517, 0.2691283747538402)),881931)
TopKResultPoint(6,Point(Vector(0.30532744265474154, 0.32422434620947466, 0.27416255993291816, 0.2872704538302104)),880836)
TopKResultPoint(7,Point(Vector(0.3761829171936975, 0.28504309307595543, 0.10532648069806894, 0.28698782629223096)),879349)
TopKResultPoint(8,Point(Vector(0.38389724668910014, 0.2945880771195192, 0.23822715542029776, 0.20428775063790872)),872600)
TopKResultPoint(9,Point(Vector(0.30718743122799197, 0.3092807978127506, 0.2621264165155873, 0.32257855941634217)),871444)
TopKResultPoint(10,Point(Vector(0.3751940055953882, 0.22744192723042883, 0.2884124648611593, 0.2716456698945656)),869499)
Iteration: 1 Elapsed time: 437.128735647 seconds
Mean execution time 43.7128735647
###### normal_data_6D_1000000S.csv K=10 CORES=4 ######
local[4]
TopKResultPoint(1,Point(Vector(0.3491468090051646, 0.38209523000967266, 0.3203714567712119, 0.3216559862461212, 0.38053669302068055, 0.31705093141902096)),672539)
TopKResultPoint(2,Point(Vector(0.39092173118967327, 0.3318615073928022, 0.35299056799613915, 0.3346750957361433, 0.28811803521997836, 0.3998009425985023)),658086)
TopKResultPoint(3,Point(Vector(0.29535331470446824, 0.40526362045762243, 0.36047572921488535, 0.27052926340114536, 0.34592193488429535, 0.382182333635102)),657091)
TopKResultPoint(4,Point(Vector(0.40399994764626346, 0.3628121155401408, 0.3640812192118892, 0.3237316491997875, 0.34227648864921745, 0.31087936979995767)),656605)
TopKResultPoint(5,Point(Vector(0.38140929899361486, 0.3299987868604456, 0.3911825718306906, 0.36585451840949257, 0.2564424608613808, 0.3592241977688392)),653974)
TopKResultPoint(6,Point(Vector(0.3427038267521545, 0.2999822653045601, 0.3993367140488601, 0.3410388449455229, 0.35672657503200816, 0.3741435762007249)),652985)
TopKResultPoint(7,Point(Vector(0.3654187583377354, 0.36733545519970434, 0.3633982212134939, 0.3067452368091017, 0.3581362863635392, 0.3819376508574869)),647000)
TopKResultPoint(8,Point(Vector(0.3944976760809463, 0.2987227954641467, 0.3729510765562653, 0.35891052155306397, 0.3728492281884335, 0.3041251597277609)),636932)
TopKResultPoint(9,Point(Vector(0.35089902677696255, 0.3483168459870299, 0.38862812175874906, 0.3831934586494937, 0.34759720556146145, 0.28424134671475937)),635949)
TopKResultPoint(10,Point(Vector(0.41588231694683736, 0.3024074853343097, 0.21576928341331048, 0.3310926634114028, 0.3040284465917381, 0.41609099653477005)),632236)
Iteration: 1 Elapsed time: 2615.290520089 seconds
Mean execution time 261.5290520089
###### normal_data_2D_1000000S.csv K=10 CORES=8 ######
local[8]
TopKResultPoint(1,Point(Vector(0.17388597824211482, 0.18608799918055613)),998471)
TopKResultPoint(2,Point(Vector(0.16680207622335397, 0.20108457210758057)),998132)
TopKResultPoint(3,Point(Vector(0.20299946723785267, 0.14905288445454723)),997737)
TopKResultPoint(4,Point(Vector(0.16939876438928542, 0.2122430386278391)),997530)
TopKResultPoint(5,Point(Vector(0.185474365693442, 0.21346100986416394)),996986)
TopKResultPoint(6,Point(Vector(0.20782140221531215, 0.201503671138119)),996367)
TopKResultPoint(7,Point(Vector(0.1628555274143464, 0.2332684120064339)),996158)
TopKResultPoint(8,Point(Vector(0.19122578241996036, 0.2265895595495373)),995880)
TopKResultPoint(9,Point(Vector(0.22834242758862122, 0.18425334611141486)),994992)
TopKResultPoint(10,Point(Vector(0.17189615979302547, 0.24239622225802604)),994943)
Iteration: 1 Elapsed time: 18.359763015 seconds
Mean execution time 1.8359763015
###### normal_data_4D_1000000S.csv K=10 CORES=8 ######
local[8]
TopKResultPoint(1,Point(Vector(0.3461100466574683, 0.2552031920658442, 0.2929762352380557, 0.18666326677142314)),907833)
TopKResultPoint(2,Point(Vector(0.2273982750889172, 0.33857843942833254, 0.267913463595694, 0.12942660177063708)),903236)
TopKResultPoint(3,Point(Vector(0.3802245900967112, 0.21919676695745904, 0.25792104155948087, 0.20902057826373555)),893455)
TopKResultPoint(4,Point(Vector(0.3388192705602253, 0.19076582298845496, 0.3169212679844795, 0.265468962739969)),884770)
TopKResultPoint(5,Point(Vector(0.3198843975419272, 0.34072551301670984, 0.2200473332767517, 0.2691283747538402)),881931)
TopKResultPoint(6,Point(Vector(0.30532744265474154, 0.32422434620947466, 0.27416255993291816, 0.2872704538302104)),880836)
TopKResultPoint(7,Point(Vector(0.3761829171936975, 0.28504309307595543, 0.10532648069806894, 0.28698782629223096)),879349)
TopKResultPoint(8,Point(Vector(0.38389724668910014, 0.2945880771195192, 0.23822715542029776, 0.20428775063790872)),872600)
TopKResultPoint(9,Point(Vector(0.30718743122799197, 0.3092807978127506, 0.2621264165155873, 0.32257855941634217)),871444)
TopKResultPoint(10,Point(Vector(0.3751940055953882, 0.22744192723042883, 0.2884124648611593, 0.2716456698945656)),869499)
Iteration: 1 Elapsed time: 193.823420233 seconds
Mean execution time 19.3823420233
###### normal_data_6D_1000000S.csv K=10 CORES=8 ######
local[8]
TopKResultPoint(1,Point(Vector(0.3491468090051646, 0.38209523000967266, 0.3203714567712119, 0.3216559862461212, 0.38053669302068055, 0.31705093141902096)),672539)
TopKResultPoint(2,Point(Vector(0.39092173118967327, 0.3318615073928022, 0.35299056799613915, 0.3346750957361433, 0.28811803521997836, 0.3998009425985023)),658086)
TopKResultPoint(3,Point(Vector(0.29535331470446824, 0.40526362045762243, 0.36047572921488535, 0.27052926340114536, 0.34592193488429535, 0.382182333635102)),657091)
TopKResultPoint(4,Point(Vector(0.40399994764626346, 0.3628121155401408, 0.3640812192118892, 0.3237316491997875, 0.34227648864921745, 0.31087936979995767)),656605)
TopKResultPoint(5,Point(Vector(0.38140929899361486, 0.3299987868604456, 0.3911825718306906, 0.36585451840949257, 0.2564424608613808, 0.3592241977688392)),653974)
TopKResultPoint(6,Point(Vector(0.3427038267521545, 0.2999822653045601, 0.3993367140488601, 0.3410388449455229, 0.35672657503200816, 0.3741435762007249)),652985)
TopKResultPoint(7,Point(Vector(0.3654187583377354, 0.36733545519970434, 0.3633982212134939, 0.3067452368091017, 0.3581362863635392, 0.3819376508574869)),647000)
TopKResultPoint(8,Point(Vector(0.3944976760809463, 0.2987227954641467, 0.3729510765562653, 0.35891052155306397, 0.3728492281884335, 0.3041251597277609)),636932)
TopKResultPoint(9,Point(Vector(0.35089902677696255, 0.3483168459870299, 0.38862812175874906, 0.3831934586494937, 0.34759720556146145, 0.28424134671475937)),635949)
TopKResultPoint(10,Point(Vector(0.41588231694683736, 0.3024074853343097, 0.21576928341331048, 0.3310926634114028, 0.3040284465917381, 0.41609099653477005)),632236)
Iteration: 1 Elapsed time: 1535.041211927 seconds
Mean execution time 153.50412119269998
###### normal_data_2D_1000000S.csv K=10 CORES=16 ######
local[16]
TopKResultPoint(1,Point(Vector(0.17388597824211482, 0.18608799918055613)),998471)
TopKResultPoint(2,Point(Vector(0.16680207622335397, 0.20108457210758057)),998132)
TopKResultPoint(3,Point(Vector(0.20299946723785267, 0.14905288445454723)),997737)
TopKResultPoint(4,Point(Vector(0.16939876438928542, 0.2122430386278391)),997530)
TopKResultPoint(5,Point(Vector(0.185474365693442, 0.21346100986416394)),996986)
TopKResultPoint(6,Point(Vector(0.20782140221531215, 0.201503671138119)),996367)
TopKResultPoint(7,Point(Vector(0.1628555274143464, 0.2332684120064339)),996158)
TopKResultPoint(8,Point(Vector(0.19122578241996036, 0.2265895595495373)),995880)
TopKResultPoint(9,Point(Vector(0.22834242758862122, 0.18425334611141486)),994992)
TopKResultPoint(10,Point(Vector(0.17189615979302547, 0.24239622225802604)),994943)
Iteration: 1 Elapsed time: 13.48499014 seconds
Mean execution time 1.3484990140000002
###### normal_data_4D_1000000S.csv K=10 CORES=16 ######
local[16]
TopKResultPoint(1,Point(Vector(0.3461100466574683, 0.2552031920658442, 0.2929762352380557, 0.18666326677142314)),907833)
TopKResultPoint(2,Point(Vector(0.2273982750889172, 0.33857843942833254, 0.267913463595694, 0.12942660177063708)),903236)
TopKResultPoint(3,Point(Vector(0.3802245900967112, 0.21919676695745904, 0.25792104155948087, 0.20902057826373555)),893455)
TopKResultPoint(4,Point(Vector(0.3388192705602253, 0.19076582298845496, 0.3169212679844795, 0.265468962739969)),884770)
TopKResultPoint(5,Point(Vector(0.3198843975419272, 0.34072551301670984, 0.2200473332767517, 0.2691283747538402)),881931)
TopKResultPoint(6,Point(Vector(0.30532744265474154, 0.32422434620947466, 0.27416255993291816, 0.2872704538302104)),880836)
TopKResultPoint(7,Point(Vector(0.3761829171936975, 0.28504309307595543, 0.10532648069806894, 0.28698782629223096)),879349)
TopKResultPoint(8,Point(Vector(0.38389724668910014, 0.2945880771195192, 0.23822715542029776, 0.20428775063790872)),872600)
TopKResultPoint(9,Point(Vector(0.30718743122799197, 0.3092807978127506, 0.2621264165155873, 0.32257855941634217)),871444)
TopKResultPoint(10,Point(Vector(0.3751940055953882, 0.22744192723042883, 0.2884124648611593, 0.2716456698945656)),869499)
Iteration: 1 Elapsed time: 125.151443214 seconds
Mean execution time 12.5151443214
###### normal_data_6D_1000000S.csv K=10 CORES=16 ######
local[16]
TopKResultPoint(1,Point(Vector(0.3491468090051646, 0.38209523000967266, 0.3203714567712119, 0.3216559862461212, 0.38053669302068055, 0.31705093141902096)),672539)
TopKResultPoint(2,Point(Vector(0.39092173118967327, 0.3318615073928022, 0.35299056799613915, 0.3346750957361433, 0.28811803521997836, 0.3998009425985023)),658086)
TopKResultPoint(3,Point(Vector(0.29535331470446824, 0.40526362045762243, 0.36047572921488535, 0.27052926340114536, 0.34592193488429535, 0.382182333635102)),657091)
TopKResultPoint(4,Point(Vector(0.40399994764626346, 0.3628121155401408, 0.3640812192118892, 0.3237316491997875, 0.34227648864921745, 0.31087936979995767)),656605)
TopKResultPoint(5,Point(Vector(0.38140929899361486, 0.3299987868604456, 0.3911825718306906, 0.36585451840949257, 0.2564424608613808, 0.3592241977688392)),653974)
TopKResultPoint(6,Point(Vector(0.3427038267521545, 0.2999822653045601, 0.3993367140488601, 0.3410388449455229, 0.35672657503200816, 0.3741435762007249)),652985)
TopKResultPoint(7,Point(Vector(0.3654187583377354, 0.36733545519970434, 0.3633982212134939, 0.3067452368091017, 0.3581362863635392, 0.3819376508574869)),647000)
TopKResultPoint(8,Point(Vector(0.3944976760809463, 0.2987227954641467, 0.3729510765562653, 0.35891052155306397, 0.3728492281884335, 0.3041251597277609)),636932)
TopKResultPoint(9,Point(Vector(0.35089902677696255, 0.3483168459870299, 0.38862812175874906, 0.3831934586494937, 0.34759720556146145, 0.28424134671475937)),635949)
TopKResultPoint(10,Point(Vector(0.41588231694683736, 0.3024074853343097, 0.21576928341331048, 0.3310926634114028, 0.3040284465917381, 0.41609099653477005)),632236)
Iteration: 1 Elapsed time: 919.054421644 seconds
Mean execution time 91.9054421644
