###### normal_data_6D_100000S.csv K=10 CORES=16 ######
local[16]
Using Spark's default log4j profile: org/apache/spark/log4j-defaults.properties
24/01/31 22:08:13 WARN Utils: Your hostname, numenor resolves to a loopback address: 127.0.1.1; using 155.207.131.39 instead (on interface enp4s0)
24/01/31 22:08:13 WARN Utils: Set SPARK_LOCAL_IP if you need to bind to another address
WARNING: An illegal reflective access operation has occurred
WARNING: Illegal reflective access by org.apache.spark.unsafe.Platform (file:/home/apapadoi/.cache/coursier/v1/https/repo1.maven.org/maven2/org/apache/spark/spark-unsafe_2.12/2.4.3/spark-unsafe_2.12-2.4.3.jar) to method java.nio.Bits.unaligned()
WARNING: Please consider reporting this to the maintainers of org.apache.spark.unsafe.Platform
WARNING: Use --illegal-access=warn to enable warnings of further illegal reflective access operations
WARNING: All illegal access operations will be denied in a future release
24/01/31 22:08:13 INFO SparkContext: Running Spark version 2.4.3
24/01/31 22:08:13 WARN NativeCodeLoader: Unable to load native-hadoop library for your platform... using builtin-java classes where applicable
24/01/31 22:08:13 INFO SparkContext: Submitted application: Top-k dominating
24/01/31 22:08:13 INFO SecurityManager: Changing view acls to: apapadoi
24/01/31 22:08:13 INFO SecurityManager: Changing modify acls to: apapadoi
24/01/31 22:08:13 INFO SecurityManager: Changing view acls groups to: 
24/01/31 22:08:13 INFO SecurityManager: Changing modify acls groups to: 
24/01/31 22:08:13 INFO SecurityManager: SecurityManager: authentication disabled; ui acls disabled; users  with view permissions: Set(apapadoi); groups with view permissions: Set(); users  with modify permissions: Set(apapadoi); groups with modify permissions: Set()
24/01/31 22:08:13 INFO Utils: Successfully started service 'sparkDriver' on port 35363.
24/01/31 22:08:13 INFO SparkEnv: Registering MapOutputTracker
24/01/31 22:08:13 INFO SparkEnv: Registering BlockManagerMaster
24/01/31 22:08:13 INFO BlockManagerMasterEndpoint: Using org.apache.spark.storage.DefaultTopologyMapper for getting topology information
24/01/31 22:08:13 INFO BlockManagerMasterEndpoint: BlockManagerMasterEndpoint up
24/01/31 22:08:13 INFO DiskBlockManager: Created local directory at /tmp/blockmgr-f4636a02-b1e1-4308-a900-c5efac6d4f22
24/01/31 22:08:13 INFO MemoryStore: MemoryStore started with capacity 9.2 GB
24/01/31 22:08:13 INFO SparkEnv: Registering OutputCommitCoordinator
24/01/31 22:08:13 INFO Utils: Successfully started service 'SparkUI' on port 4040.
24/01/31 22:08:13 INFO SparkUI: Bound SparkUI to 0.0.0.0, and started at http://chribell.csd.auth.gr:4040
24/01/31 22:08:13 INFO Executor: Starting executor ID driver on host localhost
24/01/31 22:08:13 INFO Utils: Successfully started service 'org.apache.spark.network.netty.NettyBlockTransferService' on port 43577.
24/01/31 22:08:13 INFO NettyBlockTransferService: Server created on chribell.csd.auth.gr:43577
24/01/31 22:08:13 INFO BlockManager: Using org.apache.spark.storage.RandomBlockReplicationPolicy for block replication policy
24/01/31 22:08:13 INFO BlockManagerMaster: Registering BlockManager BlockManagerId(driver, chribell.csd.auth.gr, 43577, None)
24/01/31 22:08:13 INFO BlockManagerMasterEndpoint: Registering block manager chribell.csd.auth.gr:43577 with 9.2 GB RAM, BlockManagerId(driver, chribell.csd.auth.gr, 43577, None)
24/01/31 22:08:13 INFO BlockManagerMaster: Registered BlockManager BlockManagerId(driver, chribell.csd.auth.gr, 43577, None)
24/01/31 22:08:13 INFO BlockManager: Initialized BlockManager: BlockManagerId(driver, chribell.csd.auth.gr, 43577, None)
TopKResultPoint(1,Point(Vector(0.3036411167190323, 0.2591897454794012, 0.23436725452963036, 0.18805753009014364, 0.38521322599081054, 0.3018607456636516)),74590)
TopKResultPoint(2,Point(Vector(0.3327408133682186, 0.322254694101055, 0.37578265701185376, 0.14907820544708644, 0.32180629506916963, 0.23152391764372726)),66311)
TopKResultPoint(3,Point(Vector(0.39161626518816817, 0.24826488864941523, 0.3853031438387498, 0.1658579690212602, 0.32107845922530415, 0.05099105803279014)),61615)
TopKResultPoint(4,Point(Vector(0.37554189814074523, 0.4048076925522902, 0.3064336783861536, 0.2036069203285359, 0.2565494497481221, 0.2871009347339873)),59310)
TopKResultPoint(5,Point(Vector(0.3018174213622751, 0.3318171265481034, 0.33071163810715953, 0.14709703744291858, 0.3613740974294316, 0.39641423766430206)),57032)
TopKResultPoint(6,Point(Vector(0.1162638745726382, 0.333202646817469, 0.3263320229211838, 0.31682051470123257, 0.37834413798709166, 0.34214875070936784)),55481)
TopKResultPoint(7,Point(Vector(0.3611479636274506, 0.309469839007448, 0.2589447052226591, 0.21196169314740643, 0.3893123963908571, 0.3924262382500225)),55091)
TopKResultPoint(8,Point(Vector(0.321035308971928, 0.4173901215898729, 0.3325336091076092, 0.2443429754539104, 0.3631257476431186, 0.2427855284269439)),53927)
TopKResultPoint(9,Point(Vector(0.30359786940908906, 0.2606147952243526, 0.3498882278794453, 0.36270526251415197, 0.35984580464422355, 0.26521115324190964)),51519)
TopKResultPoint(10,Point(Vector(0.29023015261086677, 0.38122677483815925, 0.355484788838054, 0.25894727631965875, 0.40836778464651285, 0.2779182829873461)),51506)
Iteration: 1 Elapsed time: 45.797422259 seconds
Mean execution time 4.5797422259000005
###### normal_data_6D_1000000S.csv K=10 CORES=16 ######
local[16]
TopKResultPoint(1,Point(Vector(0.3491468090051646, 0.38209523000967266, 0.3203714567712119, 0.3216559862461212, 0.38053669302068055, 0.31705093141902096)),672539)
TopKResultPoint(2,Point(Vector(0.39092173118967327, 0.3318615073928022, 0.35299056799613915, 0.3346750957361433, 0.28811803521997836, 0.3998009425985023)),658086)
TopKResultPoint(3,Point(Vector(0.29535331470446824, 0.40526362045762243, 0.36047572921488535, 0.27052926340114536, 0.34592193488429535, 0.382182333635102)),657091)
TopKResultPoint(4,Point(Vector(0.40399994764626346, 0.3628121155401408, 0.3640812192118892, 0.3237316491997875, 0.34227648864921745, 0.31087936979995767)),656605)
TopKResultPoint(5,Point(Vector(0.38140929899361486, 0.3299987868604456, 0.3911825718306906, 0.36585451840949257, 0.2564424608613808, 0.3592241977688392)),653974)
TopKResultPoint(6,Point(Vector(0.3427038267521545, 0.2999822653045601, 0.3993367140488601, 0.3410388449455229, 0.35672657503200816, 0.3741435762007249)),652985)
TopKResultPoint(7,Point(Vector(0.3654187583377354, 0.36733545519970434, 0.3633982212134939, 0.3067452368091017, 0.3581362863635392, 0.3819376508574869)),647000)
TopKResultPoint(8,Point(Vector(0.3944976760809463, 0.2987227954641467, 0.3729510765562653, 0.35891052155306397, 0.3728492281884335, 0.3041251597277609)),636932)
TopKResultPoint(9,Point(Vector(0.35089902677696255, 0.3483168459870299, 0.38862812175874906, 0.3831934586494937, 0.34759720556146145, 0.28424134671475937)),635949)
TopKResultPoint(10,Point(Vector(0.41588231694683736, 0.3024074853343097, 0.21576928341331048, 0.3310926634114028, 0.3040284465917381, 0.41609099653477005)),632236)
Iteration: 1 Elapsed time: 837.47227524 seconds
Mean execution time 83.74722752400001
###### normal_data_6D_10000000S.csv K=10 CORES=16 ######
local[16]
TopKResultPoint(1,Point(Vector(0.289341866574724, 0.24726560147863402, 0.2548213614450845, 0.3176017320664468, 0.26788730081974216, 0.38248328070491056)),8458930)
TopKResultPoint(2,Point(Vector(0.3178267670993545, 0.2744360432759585, 0.405712557026062, 0.2143298768731426, 0.30371688981713696, 0.31396994173764947)),7813091)
TopKResultPoint(3,Point(Vector(0.34330317970302615, 0.3185628926191259, 0.2477594170400812, 0.368578970892751, 0.3221505222709464, 0.29792045092341335)),7725957)
TopKResultPoint(4,Point(Vector(0.33683824384552963, 0.32617885239955674, 0.3493057421767718, 0.3160462992616814, 0.3555824288991052, 0.27864193276455385)),7660395)
TopKResultPoint(5,Point(Vector(0.34289307897501997, 0.3216462753711456, 0.27134361568944954, 0.28954975709791475, 0.35056797131537815, 0.3768714088580931)),7630858)
TopKResultPoint(6,Point(Vector(0.24772753715812262, 0.36038676714377615, 0.3555777458661423, 0.3239848791126504, 0.3551867597837134, 0.24776267574307964)),7616913)
TopKResultPoint(7,Point(Vector(0.33929322994486844, 0.3696793792691162, 0.3395392155888268, 0.2708938347646869, 0.35095330621992266, 0.31208545409347566)),7569937)
TopKResultPoint(8,Point(Vector(0.286417982664699, 0.39811042829626636, 0.34669530935044024, 0.2082108750357442, 0.327519217564947, 0.35921802814412945)),7398109)
TopKResultPoint(9,Point(Vector(0.3135646465053976, 0.39871039570896616, 0.3458535886294083, 0.31794934687292514, 0.3350309187117637, 0.15058256995614944)),7340596)
TopKResultPoint(10,Point(Vector(0.38173254410588775, 0.34370828113662727, 0.3225738987851408, 0.1979190723044778, 0.3455742006741567, 0.36957597315749247)),7214369)
Iteration: 1 Elapsed time: 19079.372000877 seconds
Mean execution time 1907.9372000877
###### normal_data_6D_100000S.csv K=10 CORES=8 ######
local[8]
TopKResultPoint(1,Point(Vector(0.3036411167190323, 0.2591897454794012, 0.23436725452963036, 0.18805753009014364, 0.38521322599081054, 0.3018607456636516)),74590)
TopKResultPoint(2,Point(Vector(0.3327408133682186, 0.322254694101055, 0.37578265701185376, 0.14907820544708644, 0.32180629506916963, 0.23152391764372726)),66311)
TopKResultPoint(3,Point(Vector(0.39161626518816817, 0.24826488864941523, 0.3853031438387498, 0.1658579690212602, 0.32107845922530415, 0.05099105803279014)),61615)
TopKResultPoint(4,Point(Vector(0.37554189814074523, 0.4048076925522902, 0.3064336783861536, 0.2036069203285359, 0.2565494497481221, 0.2871009347339873)),59310)
TopKResultPoint(5,Point(Vector(0.3018174213622751, 0.3318171265481034, 0.33071163810715953, 0.14709703744291858, 0.3613740974294316, 0.39641423766430206)),57032)
TopKResultPoint(6,Point(Vector(0.1162638745726382, 0.333202646817469, 0.3263320229211838, 0.31682051470123257, 0.37834413798709166, 0.34214875070936784)),55481)
TopKResultPoint(7,Point(Vector(0.3611479636274506, 0.309469839007448, 0.2589447052226591, 0.21196169314740643, 0.3893123963908571, 0.3924262382500225)),55091)
TopKResultPoint(8,Point(Vector(0.321035308971928, 0.4173901215898729, 0.3325336091076092, 0.2443429754539104, 0.3631257476431186, 0.2427855284269439)),53927)
TopKResultPoint(9,Point(Vector(0.30359786940908906, 0.2606147952243526, 0.3498882278794453, 0.36270526251415197, 0.35984580464422355, 0.26521115324190964)),51519)
TopKResultPoint(10,Point(Vector(0.29023015261086677, 0.38122677483815925, 0.355484788838054, 0.25894727631965875, 0.40836778464651285, 0.2779182829873461)),51506)
Iteration: 1 Elapsed time: 52.105954055 seconds
Mean execution time 5.210595405499999
###### normal_data_6D_1000000S.csv K=10 CORES=8 ######
local[8]
TopKResultPoint(1,Point(Vector(0.3491468090051646, 0.38209523000967266, 0.3203714567712119, 0.3216559862461212, 0.38053669302068055, 0.31705093141902096)),672539)
TopKResultPoint(2,Point(Vector(0.39092173118967327, 0.3318615073928022, 0.35299056799613915, 0.3346750957361433, 0.28811803521997836, 0.3998009425985023)),658086)
TopKResultPoint(3,Point(Vector(0.29535331470446824, 0.40526362045762243, 0.36047572921488535, 0.27052926340114536, 0.34592193488429535, 0.382182333635102)),657091)
TopKResultPoint(4,Point(Vector(0.40399994764626346, 0.3628121155401408, 0.3640812192118892, 0.3237316491997875, 0.34227648864921745, 0.31087936979995767)),656605)
TopKResultPoint(5,Point(Vector(0.38140929899361486, 0.3299987868604456, 0.3911825718306906, 0.36585451840949257, 0.2564424608613808, 0.3592241977688392)),653974)
TopKResultPoint(6,Point(Vector(0.3427038267521545, 0.2999822653045601, 0.3993367140488601, 0.3410388449455229, 0.35672657503200816, 0.3741435762007249)),652985)
TopKResultPoint(7,Point(Vector(0.3654187583377354, 0.36733545519970434, 0.3633982212134939, 0.3067452368091017, 0.3581362863635392, 0.3819376508574869)),647000)
TopKResultPoint(8,Point(Vector(0.3944976760809463, 0.2987227954641467, 0.3729510765562653, 0.35891052155306397, 0.3728492281884335, 0.3041251597277609)),636932)
TopKResultPoint(9,Point(Vector(0.35089902677696255, 0.3483168459870299, 0.38862812175874906, 0.3831934586494937, 0.34759720556146145, 0.28424134671475937)),635949)
TopKResultPoint(10,Point(Vector(0.41588231694683736, 0.3024074853343097, 0.21576928341331048, 0.3310926634114028, 0.3040284465917381, 0.41609099653477005)),632236)
Iteration: 1 Elapsed time: 1221.243135498 seconds
Mean execution time 122.1243135498
###### normal_data_6D_10000000S.csv K=10 CORES=8 ######
local[8]
TopKResultPoint(1,Point(Vector(0.289341866574724, 0.24726560147863402, 0.2548213614450845, 0.3176017320664468, 0.26788730081974216, 0.38248328070491056)),8458930)
TopKResultPoint(2,Point(Vector(0.3178267670993545, 0.2744360432759585, 0.405712557026062, 0.2143298768731426, 0.30371688981713696, 0.31396994173764947)),7813091)
TopKResultPoint(3,Point(Vector(0.34330317970302615, 0.3185628926191259, 0.2477594170400812, 0.368578970892751, 0.3221505222709464, 0.29792045092341335)),7725957)
TopKResultPoint(4,Point(Vector(0.33683824384552963, 0.32617885239955674, 0.3493057421767718, 0.3160462992616814, 0.3555824288991052, 0.27864193276455385)),7660395)
TopKResultPoint(5,Point(Vector(0.34289307897501997, 0.3216462753711456, 0.27134361568944954, 0.28954975709791475, 0.35056797131537815, 0.3768714088580931)),7630858)
TopKResultPoint(6,Point(Vector(0.24772753715812262, 0.36038676714377615, 0.3555777458661423, 0.3239848791126504, 0.3551867597837134, 0.24776267574307964)),7616913)
TopKResultPoint(7,Point(Vector(0.33929322994486844, 0.3696793792691162, 0.3395392155888268, 0.2708938347646869, 0.35095330621992266, 0.31208545409347566)),7569937)
TopKResultPoint(8,Point(Vector(0.286417982664699, 0.39811042829626636, 0.34669530935044024, 0.2082108750357442, 0.327519217564947, 0.35921802814412945)),7398109)
TopKResultPoint(9,Point(Vector(0.3135646465053976, 0.39871039570896616, 0.3458535886294083, 0.31794934687292514, 0.3350309187117637, 0.15058256995614944)),7340596)
TopKResultPoint(10,Point(Vector(0.38173254410588775, 0.34370828113662727, 0.3225738987851408, 0.1979190723044778, 0.3455742006741567, 0.36957597315749247)),7214369)
Iteration: 1 Elapsed time: 30720.410695489 seconds
Mean execution time 3072.0410695489
###### anticorrelated_data_6D_100000S.csv K=10 CORES=16 ######
local[16]
TopKResultPoint(1,Point(Vector(0.42110324718890596, 0.39299784337159177, 0.47867437031034576, 0.32493907956450685, 0.45124414018363385, 0.3050892623069809)),25459)
TopKResultPoint(2,Point(Vector(0.42135671244936124, 0.4103845070000714, 0.4240130964480148, 0.41499785148043883, 0.40843346570981187, 0.4194767617033168)),22329)
TopKResultPoint(3,Point(Vector(0.4482508700154555, 0.42841808456222796, 0.4461970753398949, 0.3823303778579661, 0.3741796363996397, 0.420178127554102)),20088)
TopKResultPoint(4,Point(Vector(0.44867193827105467, 0.4322298269335493, 0.45285571182949647, 0.3449746426616106, 0.43254463436537555, 0.39739697317151057)),19155)
TopKResultPoint(5,Point(Vector(0.4371070004671596, 0.4459561248433291, 0.410448012419561, 0.4177331359988006, 0.4218673679718635, 0.39428606732425614)),19079)
TopKResultPoint(6,Point(Vector(0.39142135471934647, 0.439366115335335, 0.40011782266639917, 0.43817022703058867, 0.4325548380797931, 0.40723023996720603)),18960)
TopKResultPoint(7,Point(Vector(0.4145388906686498, 0.4213328963399682, 0.44623354663769355, 0.41120761870444245, 0.39681942803692616, 0.44027778271090556)),18139)
TopKResultPoint(8,Point(Vector(0.4169566181244427, 0.4703859572255923, 0.43317302211856124, 0.3834888578241056, 0.3736482022701934, 0.4410958369853378)),18022)
TopKResultPoint(9,Point(Vector(0.3775703188902492, 0.48558100052281206, 0.3761077501427695, 0.46507438430877635, 0.3556321494991512, 0.48252743612786314)),17264)
TopKResultPoint(10,Point(Vector(0.46167996223009045, 0.448748685738122, 0.41209236393183774, 0.4138093810030527, 0.394315084666467, 0.42046970888564594)),16573)
Iteration: 1 Elapsed time: 81.522361706 seconds
Mean execution time 8.1522361706
###### anticorrelated_data_6D_1000000S.csv K=10 CORES=16 ######
local[16]
TopKResultPoint(1,Point(Vector(0.48064690279380934, 0.4559857019105218, 0.3882044305867948, 0.42459125620821453, 0.3642409135034811, 0.466453781053262)),273049)
TopKResultPoint(2,Point(Vector(0.4866579928711224, 0.36068466552557316, 0.4097881280331411, 0.4285281796177611, 0.4837040117578893, 0.42708679093175717)),263105)
TopKResultPoint(3,Point(Vector(0.41499801720672114, 0.472556615152031, 0.33932539742727397, 0.4915786005462911, 0.2891192726037211, 0.5392877611581796)),253885)
TopKResultPoint(4,Point(Vector(0.5311263212706938, 0.37983196748364656, 0.40489322871090333, 0.440800970967884, 0.43714548110068535, 0.39011903242217877)),252987)
TopKResultPoint(5,Point(Vector(0.5072005839803959, 0.3964206241342957, 0.43198213435541605, 0.44644301506657547, 0.4189180136384247, 0.44264549645671103)),240647)
TopKResultPoint(6,Point(Vector(0.521178780041505, 0.3647329885158162, 0.4506149990209324, 0.42610209912933295, 0.4624260231234993, 0.4145170529123986)),234331)
TopKResultPoint(7,Point(Vector(0.5241791124272028, 0.2898762117656777, 0.47713564845591655, 0.40393952657509224, 0.4584496277833897, 0.4187365728816175)),233820)
TopKResultPoint(8,Point(Vector(0.47242759821250424, 0.40020948785421384, 0.4660628853303516, 0.45065433651138104, 0.3828168944830282, 0.4319177386005526)),228796)
TopKResultPoint(9,Point(Vector(0.44462431122989826, 0.42606808198036106, 0.3866581198029782, 0.5063097084745488, 0.3906000571337848, 0.49488561869653047)),227085)
TopKResultPoint(10,Point(Vector(0.4474826800912666, 0.414868323969417, 0.3713407475844812, 0.47477122783209624, 0.4554939445337084, 0.47490296730872894)),226466)
Iteration: 1 Elapsed time: 1689.299641409 seconds
Mean execution time 168.9299641409
###### anticorrelated_data_6D_10000000S.csv K=10 CORES=16 ######
local[16]
TopKResultPoint(1,Point(Vector(0.4446603219011925, 0.44587825254340785, 0.43348358495962747, 0.3184371988298287, 0.4203580287053493, 0.42798760511510103)),3534032)
TopKResultPoint(2,Point(Vector(0.46502155579917864, 0.3731403398630857, 0.4708637479820921, 0.38451380173623695, 0.4651607309943234, 0.405133582626301)),3256445)
TopKResultPoint(3,Point(Vector(0.46814000548154067, 0.37883140080818345, 0.5005484077504, 0.36148599963538386, 0.4727307451709484, 0.3770680195172942)),3221646)
TopKResultPoint(4,Point(Vector(0.41788388715400465, 0.4178018789280534, 0.4407501698058269, 0.4342754050126539, 0.44381018284461243, 0.4137552967249707)),3136409)
TopKResultPoint(5,Point(Vector(0.34866166635829393, 0.4892696216005228, 0.35000854230696665, 0.4755233564228904, 0.3680818168365358, 0.46729544388022115)),3084916)
TopKResultPoint(6,Point(Vector(0.3857093438092493, 0.47258103381242367, 0.45905664004198926, 0.3796542937787623, 0.40162406907817716, 0.4524083529364071)),2990886)
TopKResultPoint(7,Point(Vector(0.4498691992525238, 0.4122758887206375, 0.4729713195589327, 0.3995797980564024, 0.46578677308079686, 0.3917197601937459)),2954087)
TopKResultPoint(8,Point(Vector(0.4458303775735807, 0.4324969267976169, 0.4837940726866537, 0.37744723980360234, 0.4279359007246794, 0.43315716739076554)),2894597)
TopKResultPoint(9,Point(Vector(0.36788749536595006, 0.5055092295408092, 0.3998360771375045, 0.414395685117271, 0.39095703822522193, 0.45948346184389005)),2862910)
TopKResultPoint(10,Point(Vector(0.352545666612283, 0.46533823007572284, 0.41666086060100255, 0.4747863190919145, 0.3891842125305472, 0.45662571188667433)),2849099)
Iteration: 1 Elapsed time: 39153.523611278 seconds
Mean execution time 3915.3523611277997
###### anticorrelated_data_6D_100000S.csv K=10 CORES=8 ######
local[8]
TopKResultPoint(1,Point(Vector(0.42110324718890596, 0.39299784337159177, 0.47867437031034576, 0.32493907956450685, 0.45124414018363385, 0.3050892623069809)),25459)
TopKResultPoint(2,Point(Vector(0.42135671244936124, 0.4103845070000714, 0.4240130964480148, 0.41499785148043883, 0.40843346570981187, 0.4194767617033168)),22329)
TopKResultPoint(3,Point(Vector(0.4482508700154555, 0.42841808456222796, 0.4461970753398949, 0.3823303778579661, 0.3741796363996397, 0.420178127554102)),20088)
TopKResultPoint(4,Point(Vector(0.44867193827105467, 0.4322298269335493, 0.45285571182949647, 0.3449746426616106, 0.43254463436537555, 0.39739697317151057)),19155)
TopKResultPoint(5,Point(Vector(0.4371070004671596, 0.4459561248433291, 0.410448012419561, 0.4177331359988006, 0.4218673679718635, 0.39428606732425614)),19079)
TopKResultPoint(6,Point(Vector(0.39142135471934647, 0.439366115335335, 0.40011782266639917, 0.43817022703058867, 0.4325548380797931, 0.40723023996720603)),18960)
TopKResultPoint(7,Point(Vector(0.4145388906686498, 0.4213328963399682, 0.44623354663769355, 0.41120761870444245, 0.39681942803692616, 0.44027778271090556)),18139)
TopKResultPoint(8,Point(Vector(0.4169566181244427, 0.4703859572255923, 0.43317302211856124, 0.3834888578241056, 0.3736482022701934, 0.4410958369853378)),18022)
TopKResultPoint(9,Point(Vector(0.3775703188902492, 0.48558100052281206, 0.3761077501427695, 0.46507438430877635, 0.3556321494991512, 0.48252743612786314)),17264)
TopKResultPoint(10,Point(Vector(0.46167996223009045, 0.448748685738122, 0.41209236393183774, 0.4138093810030527, 0.394315084666467, 0.42046970888564594)),16573)
Iteration: 1 Elapsed time: 102.541738148 seconds
Mean execution time 10.2541738148
###### anticorrelated_data_6D_1000000S.csv K=10 CORES=8 ######
local[8]
TopKResultPoint(1,Point(Vector(0.48064690279380934, 0.4559857019105218, 0.3882044305867948, 0.42459125620821453, 0.3642409135034811, 0.466453781053262)),273049)
TopKResultPoint(2,Point(Vector(0.4866579928711224, 0.36068466552557316, 0.4097881280331411, 0.4285281796177611, 0.4837040117578893, 0.42708679093175717)),263105)
TopKResultPoint(3,Point(Vector(0.41499801720672114, 0.472556615152031, 0.33932539742727397, 0.4915786005462911, 0.2891192726037211, 0.5392877611581796)),253885)
TopKResultPoint(4,Point(Vector(0.5311263212706938, 0.37983196748364656, 0.40489322871090333, 0.440800970967884, 0.43714548110068535, 0.39011903242217877)),252987)
TopKResultPoint(5,Point(Vector(0.5072005839803959, 0.3964206241342957, 0.43198213435541605, 0.44644301506657547, 0.4189180136384247, 0.44264549645671103)),240647)
TopKResultPoint(6,Point(Vector(0.521178780041505, 0.3647329885158162, 0.4506149990209324, 0.42610209912933295, 0.4624260231234993, 0.4145170529123986)),234331)
TopKResultPoint(7,Point(Vector(0.5241791124272028, 0.2898762117656777, 0.47713564845591655, 0.40393952657509224, 0.4584496277833897, 0.4187365728816175)),233820)
TopKResultPoint(8,Point(Vector(0.47242759821250424, 0.40020948785421384, 0.4660628853303516, 0.45065433651138104, 0.3828168944830282, 0.4319177386005526)),228796)
TopKResultPoint(9,Point(Vector(0.44462431122989826, 0.42606808198036106, 0.3866581198029782, 0.5063097084745488, 0.3906000571337848, 0.49488561869653047)),227085)
TopKResultPoint(10,Point(Vector(0.4474826800912666, 0.414868323969417, 0.3713407475844812, 0.47477122783209624, 0.4554939445337084, 0.47490296730872894)),226466)
Iteration: 1 Elapsed time: 2550.668875112 seconds
Mean execution time 255.0668875112
###### anticorrelated_data_6D_10000000S.csv K=10 CORES=8 ######
local[8]
TopKResultPoint(1,Point(Vector(0.4446603219011925, 0.44587825254340785, 0.43348358495962747, 0.3184371988298287, 0.4203580287053493, 0.42798760511510103)),3534032)
TopKResultPoint(2,Point(Vector(0.46502155579917864, 0.3731403398630857, 0.4708637479820921, 0.38451380173623695, 0.4651607309943234, 0.405133582626301)),3256445)
TopKResultPoint(3,Point(Vector(0.46814000548154067, 0.37883140080818345, 0.5005484077504, 0.36148599963538386, 0.4727307451709484, 0.3770680195172942)),3221646)
TopKResultPoint(4,Point(Vector(0.41788388715400465, 0.4178018789280534, 0.4407501698058269, 0.4342754050126539, 0.44381018284461243, 0.4137552967249707)),3136409)
TopKResultPoint(5,Point(Vector(0.34866166635829393, 0.4892696216005228, 0.35000854230696665, 0.4755233564228904, 0.3680818168365358, 0.46729544388022115)),3084916)
TopKResultPoint(6,Point(Vector(0.3857093438092493, 0.47258103381242367, 0.45905664004198926, 0.3796542937787623, 0.40162406907817716, 0.4524083529364071)),2990886)
TopKResultPoint(7,Point(Vector(0.4498691992525238, 0.4122758887206375, 0.4729713195589327, 0.3995797980564024, 0.46578677308079686, 0.3917197601937459)),2954087)
TopKResultPoint(8,Point(Vector(0.4458303775735807, 0.4324969267976169, 0.4837940726866537, 0.37744723980360234, 0.4279359007246794, 0.43315716739076554)),2894597)
TopKResultPoint(9,Point(Vector(0.36788749536595006, 0.5055092295408092, 0.3998360771375045, 0.414395685117271, 0.39095703822522193, 0.45948346184389005)),2862910)
TopKResultPoint(10,Point(Vector(0.352545666612283, 0.46533823007572284, 0.41666086060100255, 0.4747863190919145, 0.3891842125305472, 0.45662571188667433)),2849099)
Iteration: 1 Elapsed time: 68234.821288872 seconds
Mean execution time 6823.4821288872
