###### uniform_data_6D_100000S.csv K=10 CORES=16 ######
local[16]
WARNING: An illegal reflective access operation has occurred
WARNING: Illegal reflective access by org.apache.spark.unsafe.Platform (file:/home/apapadoi/.cache/coursier/v1/https/repo1.maven.org/maven2/org/apache/spark/spark-unsafe_2.12/3.3.2/spark-unsafe_2.12-3.3.2.jar) to constructor java.nio.DirectByteBuffer(long,int)
WARNING: Please consider reporting this to the maintainers of org.apache.spark.unsafe.Platform
WARNING: Use --illegal-access=warn to enable warnings of further illegal reflective access operations
WARNING: All illegal access operations will be denied in a future release
TopKResultPoint(1,Point(Vector(0.05062168740442313, 0.014732765219819364, 0.0042715098795217, 0.13397700939379176, 0.04952493133919106, 0.2019822152634321)),61107)
TopKResultPoint(2,Point(Vector(0.05243500481281719, 0.013173593137093242, 0.21505532257049084, 0.013406743732594832, 0.008411312119821011, 0.16928883742153863)),59688)
TopKResultPoint(3,Point(Vector(0.04013613361995544, 0.11665582958085813, 0.023485384295790685, 0.06738593060152262, 0.1594407248102998, 0.14723499791863887)),55187)
TopKResultPoint(4,Point(Vector(0.060902310682946936, 0.20527773005264502, 0.013677404038280189, 0.09175784005084049, 0.026094648474383114, 0.16328263032010776)),54495)
TopKResultPoint(5,Point(Vector(0.10305243192498058, 0.20370823902038604, 0.06840881776128255, 0.06209567871738236, 0.0405941829735792, 0.1549964327279816)),50570)
TopKResultPoint(6,Point(Vector(0.01579893273870991, 0.004758923764769433, 0.062428152878464906, 0.2802090112455347, 0.0636659647535173, 0.18818619042542795)),50290)
TopKResultPoint(7,Point(Vector(0.046371535341726985, 0.29522063089483963, 0.04972538071413921, 0.10506054855408353, 0.004492343685190726, 0.12420137165928577)),49958)
TopKResultPoint(8,Point(Vector(0.19714582250716747, 0.19879403092854223, 0.011334898719226242, 0.1242430110642595, 0.09160201525011724, 0.034504875981461486)),48901)
TopKResultPoint(9,Point(Vector(0.08713958908804299, 0.03169219074469769, 0.14326366401720175, 0.2251397977043667, 0.06129733418512265, 0.11945244914542594)),48459)
TopKResultPoint(10,Point(Vector(0.07620459479008221, 0.05167988230766496, 0.04933293729853444, 0.21938493630502157, 0.018706597411327238, 0.2534016617081156)),47665)
Iteration: 1 Elapsed time: 56.172431924 seconds
Mean execution time 5.6172431924
###### uniform_data_6D_1000000S.csv K=10 CORES=16 ######
local[16]
TopKResultPoint(1,Point(Vector(0.09441555305933749, 0.038538750834208074, 0.08085274239122701, 0.04294461110355383, 0.0134958515265391, 0.0108154672508183)),747401)
TopKResultPoint(2,Point(Vector(0.059917281752181265, 0.03741435138133478, 0.020997652665268988, 0.05468949141874475, 0.05745308975262293, 0.06507631117841439)),738060)
TopKResultPoint(3,Point(Vector(0.17787220545396792, 0.09208197744513746, 0.02184343646310525, 0.014590407311648826, 0.021337801934864568, 0.018003204904221)),692421)
TopKResultPoint(4,Point(Vector(0.07373240557042526, 0.0013246480564066245, 0.0025008231597803505, 0.019631380127775176, 0.22132783234249945, 0.055513199553742364)),665272)
TopKResultPoint(5,Point(Vector(0.03868255741704486, 0.07350226502517085, 0.07251332199262203, 0.10037785433673951, 0.051721158753046, 0.07771925746116054)),650874)
TopKResultPoint(6,Point(Vector(0.07372752570333721, 0.08197806594328276, 0.08731798726994422, 0.022839290578300017, 0.08653034345203489, 0.07341493428189544)),642777)
TopKResultPoint(7,Point(Vector(0.11052521273696528, 0.054398560926160786, 0.014053032163799668, 0.0637185051916404, 0.12311628758848557, 0.07155019532961963)),632616)
TopKResultPoint(8,Point(Vector(0.04319884196944111, 0.03539050236431593, 0.045114551595832, 0.03493501495083333, 0.07939104194578825, 0.19452325538967885)),630836)
TopKResultPoint(9,Point(Vector(0.14568481396967325, 0.09126661397280184, 0.04529298873194427, 0.08521852795248414, 0.07225500739796119, 0.001303800098268292)),629278)
TopKResultPoint(10,Point(Vector(0.04687627122889613, 0.06997160761201143, 0.1574848525160199, 0.0639105925028772, 0.09738090285061148, 0.0072012584997747184)),626875)
Iteration: 1 Elapsed time: 630.469533031 seconds
Mean execution time 63.0469533031
###### uniform_data_6D_10000000S.csv K=10 CORES=16 ######
local[16]
TopKResultPoint(1,Point(Vector(0.0015593103255752841, 0.051588633734841696, 0.06644934388562697, 0.023041598759813722, 0.001359479883616273, 0.04574659902298046)),8227596)
TopKResultPoint(2,Point(Vector(0.1207360133560948, 0.005506011903193294, 0.01201990517972163, 0.021772391213274393, 0.02991393291957583, 0.016076680347255408)),8063631)
TopKResultPoint(3,Point(Vector(0.08606013174454384, 0.040811788651424985, 0.04986501065905033, 0.011181202123587827, 0.02144555117554528, 0.016068014580836315)),7928850)
TopKResultPoint(4,Point(Vector(0.04532115922868024, 0.04089589051991657, 0.0034896474656366536, 0.010863952515196928, 0.11302875927183628, 0.01727468835128637)),7863951)
TopKResultPoint(5,Point(Vector(0.05827942460140842, 0.024940075210012517, 0.03382447769229366, 0.09903940933885912, 0.04104173367175162, 0.02836174376220483)),7445329)
TopKResultPoint(6,Point(Vector(0.06589185003997376, 0.057689698970178435, 0.03411395646647609, 0.08879851523708154, 0.0032002185284910768, 0.04203044143020696)),7394432)
TopKResultPoint(7,Point(Vector(0.0063092051742368845, 0.003290379768954652, 0.13090208471022433, 0.05182527186088263, 0.04335703064729871, 0.05793113881555488)),7353786)
TopKResultPoint(8,Point(Vector(4.332263074806455E-4, 0.09924807839472262, 0.12344358516120746, 0.019964305940824833, 0.02233648170159764, 0.029662763491330527)),7336411)
TopKResultPoint(9,Point(Vector(0.09854408631173146, 0.031062088773931466, 0.05475289438570388, 0.019042688607687732, 0.07441456550624177, 0.034542451287154684)),7234941)
TopKResultPoint(10,Point(Vector(0.007036242326751222, 0.004480079869169685, 0.09458713126031652, 0.07435480472611261, 0.07407171232122269, 0.05662934878826266)),7234278)
Iteration: 1 Elapsed time: 12853.742371815 seconds
Mean execution time 1285.3742371815001
###### uniform_data_6D_100000S.csv K=10 CORES=8 ######
local[8]
TopKResultPoint(1,Point(Vector(0.05062168740442313, 0.014732765219819364, 0.0042715098795217, 0.13397700939379176, 0.04952493133919106, 0.2019822152634321)),61107)
TopKResultPoint(2,Point(Vector(0.05243500481281719, 0.013173593137093242, 0.21505532257049084, 0.013406743732594832, 0.008411312119821011, 0.16928883742153863)),59688)
TopKResultPoint(3,Point(Vector(0.04013613361995544, 0.11665582958085813, 0.023485384295790685, 0.06738593060152262, 0.1594407248102998, 0.14723499791863887)),55187)
TopKResultPoint(4,Point(Vector(0.060902310682946936, 0.20527773005264502, 0.013677404038280189, 0.09175784005084049, 0.026094648474383114, 0.16328263032010776)),54495)
TopKResultPoint(5,Point(Vector(0.10305243192498058, 0.20370823902038604, 0.06840881776128255, 0.06209567871738236, 0.0405941829735792, 0.1549964327279816)),50570)
TopKResultPoint(6,Point(Vector(0.01579893273870991, 0.004758923764769433, 0.062428152878464906, 0.2802090112455347, 0.0636659647535173, 0.18818619042542795)),50290)
TopKResultPoint(7,Point(Vector(0.046371535341726985, 0.29522063089483963, 0.04972538071413921, 0.10506054855408353, 0.004492343685190726, 0.12420137165928577)),49958)
TopKResultPoint(8,Point(Vector(0.19714582250716747, 0.19879403092854223, 0.011334898719226242, 0.1242430110642595, 0.09160201525011724, 0.034504875981461486)),48901)
TopKResultPoint(9,Point(Vector(0.08713958908804299, 0.03169219074469769, 0.14326366401720175, 0.2251397977043667, 0.06129733418512265, 0.11945244914542594)),48459)
TopKResultPoint(10,Point(Vector(0.07620459479008221, 0.05167988230766496, 0.04933293729853444, 0.21938493630502157, 0.018706597411327238, 0.2534016617081156)),47665)
Iteration: 1 Elapsed time: 46.789452008 seconds
Mean execution time 4.678945200799999
###### uniform_data_6D_1000000S.csv K=10 CORES=8 ######
local[8]
TopKResultPoint(1,Point(Vector(0.09441555305933749, 0.038538750834208074, 0.08085274239122701, 0.04294461110355383, 0.0134958515265391, 0.0108154672508183)),747401)
TopKResultPoint(2,Point(Vector(0.059917281752181265, 0.03741435138133478, 0.020997652665268988, 0.05468949141874475, 0.05745308975262293, 0.06507631117841439)),738060)
TopKResultPoint(3,Point(Vector(0.17787220545396792, 0.09208197744513746, 0.02184343646310525, 0.014590407311648826, 0.021337801934864568, 0.018003204904221)),692421)
TopKResultPoint(4,Point(Vector(0.07373240557042526, 0.0013246480564066245, 0.0025008231597803505, 0.019631380127775176, 0.22132783234249945, 0.055513199553742364)),665272)
TopKResultPoint(5,Point(Vector(0.03868255741704486, 0.07350226502517085, 0.07251332199262203, 0.10037785433673951, 0.051721158753046, 0.07771925746116054)),650874)
TopKResultPoint(6,Point(Vector(0.07372752570333721, 0.08197806594328276, 0.08731798726994422, 0.022839290578300017, 0.08653034345203489, 0.07341493428189544)),642777)
TopKResultPoint(7,Point(Vector(0.11052521273696528, 0.054398560926160786, 0.014053032163799668, 0.0637185051916404, 0.12311628758848557, 0.07155019532961963)),632616)
TopKResultPoint(8,Point(Vector(0.04319884196944111, 0.03539050236431593, 0.045114551595832, 0.03493501495083333, 0.07939104194578825, 0.19452325538967885)),630836)
TopKResultPoint(9,Point(Vector(0.14568481396967325, 0.09126661397280184, 0.04529298873194427, 0.08521852795248414, 0.07225500739796119, 0.001303800098268292)),629278)
TopKResultPoint(10,Point(Vector(0.04687627122889613, 0.06997160761201143, 0.1574848525160199, 0.0639105925028772, 0.09738090285061148, 0.0072012584997747184)),626875)
Iteration: 1 Elapsed time: 786.690749599 seconds
Mean execution time 78.6690749599
###### uniform_data_6D_10000000S.csv K=10 CORES=8 ######
local[8]
TopKResultPoint(1,Point(Vector(0.0015593103255752841, 0.051588633734841696, 0.06644934388562697, 0.023041598759813722, 0.001359479883616273, 0.04574659902298046)),8227596)
TopKResultPoint(2,Point(Vector(0.1207360133560948, 0.005506011903193294, 0.01201990517972163, 0.021772391213274393, 0.02991393291957583, 0.016076680347255408)),8063631)
TopKResultPoint(3,Point(Vector(0.08606013174454384, 0.040811788651424985, 0.04986501065905033, 0.011181202123587827, 0.02144555117554528, 0.016068014580836315)),7928850)
TopKResultPoint(4,Point(Vector(0.04532115922868024, 0.04089589051991657, 0.0034896474656366536, 0.010863952515196928, 0.11302875927183628, 0.01727468835128637)),7863951)
TopKResultPoint(5,Point(Vector(0.05827942460140842, 0.024940075210012517, 0.03382447769229366, 0.09903940933885912, 0.04104173367175162, 0.02836174376220483)),7445329)
TopKResultPoint(6,Point(Vector(0.06589185003997376, 0.057689698970178435, 0.03411395646647609, 0.08879851523708154, 0.0032002185284910768, 0.04203044143020696)),7394432)
TopKResultPoint(7,Point(Vector(0.0063092051742368845, 0.003290379768954652, 0.13090208471022433, 0.05182527186088263, 0.04335703064729871, 0.05793113881555488)),7353786)
TopKResultPoint(8,Point(Vector(4.332263074806455E-4, 0.09924807839472262, 0.12344358516120746, 0.019964305940824833, 0.02233648170159764, 0.029662763491330527)),7336411)
TopKResultPoint(9,Point(Vector(0.09854408631173146, 0.031062088773931466, 0.05475289438570388, 0.019042688607687732, 0.07441456550624177, 0.034542451287154684)),7234941)
TopKResultPoint(10,Point(Vector(0.007036242326751222, 0.004480079869169685, 0.09458713126031652, 0.07435480472611261, 0.07407171232122269, 0.05662934878826266)),7234278)
Iteration: 1 Elapsed time: 16085.574988281 seconds
Mean execution time 1608.5574988281
###### normal_data_6D_100000S.csv K=10 CORES=16 ######
local[16]
TopKResultPoint(1,Point(Vector(0.3036411167190323, 0.2591897454794012, 0.23436725452963036, 0.18805753009014364, 0.38521322599081054, 0.3018607456636516)),74590)
TopKResultPoint(2,Point(Vector(0.3327408133682186, 0.322254694101055, 0.37578265701185376, 0.14907820544708644, 0.32180629506916963, 0.23152391764372726)),66311)
TopKResultPoint(3,Point(Vector(0.39161626518816817, 0.24826488864941523, 0.3853031438387498, 0.1658579690212602, 0.32107845922530415, 0.05099105803279014)),61615)
TopKResultPoint(4,Point(Vector(0.37554189814074523, 0.4048076925522902, 0.3064336783861536, 0.2036069203285359, 0.2565494497481221, 0.2871009347339873)),59310)
TopKResultPoint(5,Point(Vector(0.3018174213622751, 0.3318171265481034, 0.33071163810715953, 0.14709703744291858, 0.3613740974294316, 0.39641423766430206)),57032)
TopKResultPoint(6,Point(Vector(0.1162638745726382, 0.333202646817469, 0.3263320229211838, 0.31682051470123257, 0.37834413798709166, 0.34214875070936784)),55481)
TopKResultPoint(7,Point(Vector(0.3611479636274506, 0.309469839007448, 0.2589447052226591, 0.21196169314740643, 0.3893123963908571, 0.3924262382500225)),55091)
TopKResultPoint(8,Point(Vector(0.321035308971928, 0.4173901215898729, 0.3325336091076092, 0.2443429754539104, 0.3631257476431186, 0.2427855284269439)),53927)
TopKResultPoint(9,Point(Vector(0.30359786940908906, 0.2606147952243526, 0.3498882278794453, 0.36270526251415197, 0.35984580464422355, 0.26521115324190964)),51519)
TopKResultPoint(10,Point(Vector(0.29023015261086677, 0.38122677483815925, 0.355484788838054, 0.25894727631965875, 0.40836778464651285, 0.2779182829873461)),51506)
Iteration: 1 Elapsed time: 42.690821217 seconds
Mean execution time 4.2690821217
###### normal_data_6D_1000000S.csv K=10 CORES=16 ######
local[16]
TopKResultPoint(1,Point(Vector(0.3491468090051646, 0.38209523000967266, 0.3203714567712119, 0.3216559862461212, 0.38053669302068055, 0.31705093141902096)),672539)
TopKResultPoint(2,Point(Vector(0.39092173118967327, 0.3318615073928022, 0.35299056799613915, 0.3346750957361433, 0.28811803521997836, 0.3998009425985023)),658086)
TopKResultPoint(3,Point(Vector(0.29535331470446824, 0.40526362045762243, 0.36047572921488535, 0.27052926340114536, 0.34592193488429535, 0.382182333635102)),657091)
TopKResultPoint(4,Point(Vector(0.40399994764626346, 0.3628121155401408, 0.3640812192118892, 0.3237316491997875, 0.34227648864921745, 0.31087936979995767)),656605)
TopKResultPoint(5,Point(Vector(0.38140929899361486, 0.3299987868604456, 0.3911825718306906, 0.36585451840949257, 0.2564424608613808, 0.3592241977688392)),653974)
TopKResultPoint(6,Point(Vector(0.3427038267521545, 0.2999822653045601, 0.3993367140488601, 0.3410388449455229, 0.35672657503200816, 0.3741435762007249)),652985)
TopKResultPoint(7,Point(Vector(0.3654187583377354, 0.36733545519970434, 0.3633982212134939, 0.3067452368091017, 0.3581362863635392, 0.3819376508574869)),647000)
TopKResultPoint(8,Point(Vector(0.3944976760809463, 0.2987227954641467, 0.3729510765562653, 0.35891052155306397, 0.3728492281884335, 0.3041251597277609)),636932)
TopKResultPoint(9,Point(Vector(0.35089902677696255, 0.3483168459870299, 0.38862812175874906, 0.3831934586494937, 0.34759720556146145, 0.28424134671475937)),635949)
TopKResultPoint(10,Point(Vector(0.41588231694683736, 0.3024074853343097, 0.21576928341331048, 0.3310926634114028, 0.3040284465917381, 0.41609099653477005)),632236)
Iteration: 1 Elapsed time: 837.45283085 seconds
Mean execution time 83.74528308500001
###### normal_data_6D_10000000S.csv K=10 CORES=16 ######
local[16]
Exception in thread "main" org.apache.spark.SparkException: Job 4 cancelled because SparkContext was shut down
	at org.apache.spark.scheduler.DAGScheduler.$anonfun$cleanUpAfterSchedulerStop$1(DAGScheduler.scala:1188)
	at org.apache.spark.scheduler.DAGScheduler.$anonfun$cleanUpAfterSchedulerStop$1$adapted(DAGScheduler.scala:1186)
	at scala.collection.mutable.HashSet.foreach(HashSet.scala:79)
	at org.apache.spark.scheduler.DAGScheduler.cleanUpAfterSchedulerStop(DAGScheduler.scala:1186)
	at org.apache.spark.scheduler.DAGSchedulerEventProcessLoop.onStop(DAGScheduler.scala:2887)
	at org.apache.spark.util.EventLoop.stop(EventLoop.scala:84)
	at org.apache.spark.scheduler.DAGScheduler.stop(DAGScheduler.scala:2784)
	at org.apache.spark.SparkContext.$anonfun$stop$11(SparkContext.scala:2105)
	at org.apache.spark.util.Utils$.tryLogNonFatalError(Utils.scala:1484)
	at org.apache.spark.SparkContext.stop(SparkContext.scala:2105)
	at org.apache.spark.SparkContext.$anonfun$new$35(SparkContext.scala:670)
	at org.apache.spark.util.SparkShutdownHook.run(ShutdownHookManager.scala:214)
	at org.apache.spark.util.SparkShutdownHookManager.$anonfun$runAll$2(ShutdownHookManager.scala:188)
	at scala.runtime.java8.JFunction0$mcV$sp.apply(JFunction0$mcV$sp.java:23)
	at org.apache.spark.util.Utils$.logUncaughtExceptions(Utils.scala:2066)
	at org.apache.spark.util.SparkShutdownHookManager.$anonfun$runAll$1(ShutdownHookManager.scala:188)
	at scala.runtime.java8.JFunction0$mcV$sp.apply(JFunction0$mcV$sp.java:23)
	at scala.util.Try$.apply(Try.scala:213)
	at org.apache.spark.util.SparkShutdownHookManager.runAll(ShutdownHookManager.scala:188)
	at org.apache.spark.util.SparkShutdownHookManager$$anon$2.run(ShutdownHookManager.scala:178)
	at java.base/java.util.concurrent.Executors$RunnableAdapter.call(Executors.java:515)
	at java.base/java.util.concurrent.FutureTask.run(FutureTask.java:264)
	at java.base/java.util.concurrent.ThreadPoolExecutor.runWorker(ThreadPoolExecutor.java:1128)
	at java.base/java.util.concurrent.ThreadPoolExecutor$Worker.run(ThreadPoolExecutor.java:628)
	at java.base/java.lang.Thread.run(Thread.java:829)
	at org.apache.spark.scheduler.DAGScheduler.runJob(DAGScheduler.scala:952)
	at org.apache.spark.SparkContext.runJob(SparkContext.scala:2238)
	at org.apache.spark.SparkContext.runJob(SparkContext.scala:2333)
	at org.apache.spark.rdd.RDD.$anonfun$reduce$1(RDD.scala:1111)
	at org.apache.spark.rdd.RDDOperationScope$.withScope(RDDOperationScope.scala:151)
	at org.apache.spark.rdd.RDDOperationScope$.withScope(RDDOperationScope.scala:112)
	at org.apache.spark.rdd.RDD.withScope(RDD.scala:406)
	at org.apache.spark.rdd.RDD.reduce(RDD.scala:1093)
	at org.apache.spark.sql.Dataset.$anonfun$reduce$1(Dataset.scala:1803)
	at org.apache.spark.sql.Dataset.$anonfun$withNewRDDExecutionId$1(Dataset.scala:3845)
	at org.apache.spark.sql.execution.SQLExecution$.$anonfun$withNewExecutionId$6(SQLExecution.scala:109)
	at org.apache.spark.sql.execution.SQLExecution$.withSQLConfPropagated(SQLExecution.scala:169)
	at org.apache.spark.sql.execution.SQLExecution$.$anonfun$withNewExecutionId$1(SQLExecution.scala:95)
	at org.apache.spark.sql.SparkSession.withActive(SparkSession.scala:779)
	at org.apache.spark.sql.execution.SQLExecution$.withNewExecutionId(SQLExecution.scala:64)
	at org.apache.spark.sql.Dataset.withNewRDDExecutionId(Dataset.scala:3843)
	at org.apache.spark.sql.Dataset.reduce(Dataset.scala:1803)
	at std.skyline.SkylineCalculator.BlockNestedLoop(SkylineCalculator.scala:84)
	at std.STD.apply(STD.scala:14)
	at std.STDMain$.$anonfun$main$6(STDMain.scala:64)
	at scala.collection.immutable.Range.foreach$mVc$sp(Range.scala:158)
	at std.STDMain$.$anonfun$main$5(STDMain.scala:39)
	at std.STDMain$.$anonfun$main$5$adapted(STDMain.scala:33)
	at java.base/java.lang.Iterable.forEach(Iterable.java:75)
	at std.STDMain$.$anonfun$main$4(STDMain.scala:33)
	at std.STDMain$.$anonfun$main$4$adapted(STDMain.scala:32)
	at java.base/java.lang.Iterable.forEach(Iterable.java:75)
	at std.STDMain$.$anonfun$main$3(STDMain.scala:32)
	at std.STDMain$.$anonfun$main$3$adapted(STDMain.scala:31)
	at java.base/java.lang.Iterable.forEach(Iterable.java:75)
	at std.STDMain$.$anonfun$main$2(STDMain.scala:31)
	at std.STDMain$.$anonfun$main$2$adapted(STDMain.scala:30)
	at java.base/java.lang.Iterable.forEach(Iterable.java:75)
	at std.STDMain$.$anonfun$main$1(STDMain.scala:30)
	at java.base/java.lang.Iterable.forEach(Iterable.java:75)
	at std.STDMain$.main(STDMain.scala:29)
	at std.STDMain.main(STDMain.scala)
