###### correlated_data_6D_100000S.csv K=10 CORES=16 ######
local[16]
WARNING: An illegal reflective access operation has occurred
WARNING: Illegal reflective access by org.apache.spark.unsafe.Platform (file:/home/apapadoi/.cache/coursier/v1/https/repo1.maven.org/maven2/org/apache/spark/spark-unsafe_2.12/3.3.2/spark-unsafe_2.12-3.3.2.jar) to constructor java.nio.DirectByteBuffer(long,int)
WARNING: Please consider reporting this to the maintainers of org.apache.spark.unsafe.Platform
WARNING: Use --illegal-access=warn to enable warnings of further illegal reflective access operations
WARNING: All illegal access operations will be denied in a future release
TopKResultPoint(10,Point(Vector(0.0, 0.0, 0.0, 0.029526277261177902, 0.0, 0.04698687292064335)),99990)
TopKResultPoint(10,Point(Vector(0.22888776494951568, 0.16437616112637998, 0.22680290480307974, 0.06834766964966121, 0.1770567199406493, 0.0)),99722)
TopKResultPoint(10,Point(Vector(0.25234400961739817, 0.1594818558293989, 0.2272652619222616, 0.075272608117257, 0.19952459781421417, 0.03967245147619003)),99677)
TopKResultPoint(10,Point(Vector(0.30197689700957425, 0.06525773762566217, 0.21671579006776315, 0.0, 0.17540816087928685, 0.045236557900116214)),99563)
TopKResultPoint(10,Point(Vector(0.31007219048367685, 0.11960539194171776, 0.20347459090573938, 0.10861351156608923, 0.18549420670425998, 0.04293604988042049)),99475)
TopKResultPoint(10,Point(Vector(0.2525759142057469, 0.12055262349784318, 0.2619578861079232, 0.009793988671169596, 0.2532160178061321, 0.09258814226785789)),99247)
TopKResultPoint(10,Point(Vector(0.2641942633883811, 0.1297350413663867, 0.13679671809573485, 0.17420616326838034, 0.09552689696555172, 0.026062291860274922)),99597)
TopKResultPoint(10,Point(Vector(0.2817761354423974, 0.21933435524886258, 0.21230898827786926, 0.012888733906669503, 0.22557194406215203, 0.09443141884487638)),99127)
Iteration: 1 Elapsed time: 6.21223273 seconds
local[16]
TopKResultPoint(10,Point(Vector(0.0, 0.0, 0.0, 0.029526277261177902, 0.0, 0.04698687292064335)),99990)
TopKResultPoint(10,Point(Vector(0.22888776494951568, 0.16437616112637998, 0.22680290480307974, 0.06834766964966121, 0.1770567199406493, 0.0)),99722)
TopKResultPoint(10,Point(Vector(0.25234400961739817, 0.1594818558293989, 0.2272652619222616, 0.075272608117257, 0.19952459781421417, 0.03967245147619003)),99677)
TopKResultPoint(10,Point(Vector(0.2641942633883811, 0.1297350413663867, 0.13679671809573485, 0.17420616326838034, 0.09552689696555172, 0.026062291860274922)),99597)
TopKResultPoint(10,Point(Vector(0.31007219048367685, 0.11960539194171776, 0.20347459090573938, 0.10861351156608923, 0.18549420670425998, 0.04293604988042049)),99475)
TopKResultPoint(10,Point(Vector(0.2525759142057469, 0.12055262349784318, 0.2619578861079232, 0.009793988671169596, 0.2532160178061321, 0.09258814226785789)),99247)
TopKResultPoint(10,Point(Vector(0.2817761354423974, 0.21933435524886258, 0.21230898827786926, 0.012888733906669503, 0.22557194406215203, 0.09443141884487638)),99127)
TopKResultPoint(10,Point(Vector(0.30197689700957425, 0.06525773762566217, 0.21671579006776315, 0.0, 0.17540816087928685, 0.045236557900116214)),99563)
Iteration: 2 Elapsed time: 2.511190485 seconds
local[16]
TopKResultPoint(10,Point(Vector(0.0, 0.0, 0.0, 0.029526277261177902, 0.0, 0.04698687292064335)),99990)
TopKResultPoint(10,Point(Vector(0.22888776494951568, 0.16437616112637998, 0.22680290480307974, 0.06834766964966121, 0.1770567199406493, 0.0)),99722)
TopKResultPoint(10,Point(Vector(0.30197689700957425, 0.06525773762566217, 0.21671579006776315, 0.0, 0.17540816087928685, 0.045236557900116214)),99563)
TopKResultPoint(10,Point(Vector(0.25234400961739817, 0.1594818558293989, 0.2272652619222616, 0.075272608117257, 0.19952459781421417, 0.03967245147619003)),99677)
TopKResultPoint(10,Point(Vector(0.2641942633883811, 0.1297350413663867, 0.13679671809573485, 0.17420616326838034, 0.09552689696555172, 0.026062291860274922)),99597)
TopKResultPoint(10,Point(Vector(0.31007219048367685, 0.11960539194171776, 0.20347459090573938, 0.10861351156608923, 0.18549420670425998, 0.04293604988042049)),99475)
TopKResultPoint(10,Point(Vector(0.2525759142057469, 0.12055262349784318, 0.2619578861079232, 0.009793988671169596, 0.2532160178061321, 0.09258814226785789)),99247)
TopKResultPoint(10,Point(Vector(0.2817761354423974, 0.21933435524886258, 0.21230898827786926, 0.012888733906669503, 0.22557194406215203, 0.09443141884487638)),99127)
Iteration: 3 Elapsed time: 2.508447052 seconds
local[16]
TopKResultPoint(10,Point(Vector(0.0, 0.0, 0.0, 0.029526277261177902, 0.0, 0.04698687292064335)),99990)
TopKResultPoint(10,Point(Vector(0.22888776494951568, 0.16437616112637998, 0.22680290480307974, 0.06834766964966121, 0.1770567199406493, 0.0)),99722)
TopKResultPoint(10,Point(Vector(0.25234400961739817, 0.1594818558293989, 0.2272652619222616, 0.075272608117257, 0.19952459781421417, 0.03967245147619003)),99677)
TopKResultPoint(10,Point(Vector(0.30197689700957425, 0.06525773762566217, 0.21671579006776315, 0.0, 0.17540816087928685, 0.045236557900116214)),99563)
TopKResultPoint(10,Point(Vector(0.2641942633883811, 0.1297350413663867, 0.13679671809573485, 0.17420616326838034, 0.09552689696555172, 0.026062291860274922)),99597)
TopKResultPoint(10,Point(Vector(0.31007219048367685, 0.11960539194171776, 0.20347459090573938, 0.10861351156608923, 0.18549420670425998, 0.04293604988042049)),99475)
TopKResultPoint(10,Point(Vector(0.2525759142057469, 0.12055262349784318, 0.2619578861079232, 0.009793988671169596, 0.2532160178061321, 0.09258814226785789)),99247)
TopKResultPoint(10,Point(Vector(0.2817761354423974, 0.21933435524886258, 0.21230898827786926, 0.012888733906669503, 0.22557194406215203, 0.09443141884487638)),99127)
Iteration: 4 Elapsed time: 2.284078276 seconds
local[16]
TopKResultPoint(10,Point(Vector(0.0, 0.0, 0.0, 0.029526277261177902, 0.0, 0.04698687292064335)),99990)
TopKResultPoint(10,Point(Vector(0.22888776494951568, 0.16437616112637998, 0.22680290480307974, 0.06834766964966121, 0.1770567199406493, 0.0)),99722)
TopKResultPoint(10,Point(Vector(0.30197689700957425, 0.06525773762566217, 0.21671579006776315, 0.0, 0.17540816087928685, 0.045236557900116214)),99563)
TopKResultPoint(10,Point(Vector(0.25234400961739817, 0.1594818558293989, 0.2272652619222616, 0.075272608117257, 0.19952459781421417, 0.03967245147619003)),99677)
TopKResultPoint(10,Point(Vector(0.2641942633883811, 0.1297350413663867, 0.13679671809573485, 0.17420616326838034, 0.09552689696555172, 0.026062291860274922)),99597)
TopKResultPoint(10,Point(Vector(0.31007219048367685, 0.11960539194171776, 0.20347459090573938, 0.10861351156608923, 0.18549420670425998, 0.04293604988042049)),99475)
TopKResultPoint(10,Point(Vector(0.2525759142057469, 0.12055262349784318, 0.2619578861079232, 0.009793988671169596, 0.2532160178061321, 0.09258814226785789)),99247)
TopKResultPoint(10,Point(Vector(0.2817761354423974, 0.21933435524886258, 0.21230898827786926, 0.012888733906669503, 0.22557194406215203, 0.09443141884487638)),99127)
Iteration: 5 Elapsed time: 2.264284685 seconds
local[16]
TopKResultPoint(10,Point(Vector(0.0, 0.0, 0.0, 0.029526277261177902, 0.0, 0.04698687292064335)),99990)
TopKResultPoint(10,Point(Vector(0.22888776494951568, 0.16437616112637998, 0.22680290480307974, 0.06834766964966121, 0.1770567199406493, 0.0)),99722)
TopKResultPoint(10,Point(Vector(0.30197689700957425, 0.06525773762566217, 0.21671579006776315, 0.0, 0.17540816087928685, 0.045236557900116214)),99563)
TopKResultPoint(10,Point(Vector(0.25234400961739817, 0.1594818558293989, 0.2272652619222616, 0.075272608117257, 0.19952459781421417, 0.03967245147619003)),99677)
TopKResultPoint(10,Point(Vector(0.2641942633883811, 0.1297350413663867, 0.13679671809573485, 0.17420616326838034, 0.09552689696555172, 0.026062291860274922)),99597)
TopKResultPoint(10,Point(Vector(0.31007219048367685, 0.11960539194171776, 0.20347459090573938, 0.10861351156608923, 0.18549420670425998, 0.04293604988042049)),99475)
TopKResultPoint(10,Point(Vector(0.2525759142057469, 0.12055262349784318, 0.2619578861079232, 0.009793988671169596, 0.2532160178061321, 0.09258814226785789)),99247)
TopKResultPoint(10,Point(Vector(0.2817761354423974, 0.21933435524886258, 0.21230898827786926, 0.012888733906669503, 0.22557194406215203, 0.09443141884487638)),99127)
Iteration: 6 Elapsed time: 2.174485945 seconds
local[16]
TopKResultPoint(10,Point(Vector(0.0, 0.0, 0.0, 0.029526277261177902, 0.0, 0.04698687292064335)),99990)
TopKResultPoint(10,Point(Vector(0.22888776494951568, 0.16437616112637998, 0.22680290480307974, 0.06834766964966121, 0.1770567199406493, 0.0)),99722)
TopKResultPoint(10,Point(Vector(0.30197689700957425, 0.06525773762566217, 0.21671579006776315, 0.0, 0.17540816087928685, 0.045236557900116214)),99563)
TopKResultPoint(10,Point(Vector(0.25234400961739817, 0.1594818558293989, 0.2272652619222616, 0.075272608117257, 0.19952459781421417, 0.03967245147619003)),99677)
TopKResultPoint(10,Point(Vector(0.2641942633883811, 0.1297350413663867, 0.13679671809573485, 0.17420616326838034, 0.09552689696555172, 0.026062291860274922)),99597)
TopKResultPoint(10,Point(Vector(0.31007219048367685, 0.11960539194171776, 0.20347459090573938, 0.10861351156608923, 0.18549420670425998, 0.04293604988042049)),99475)
TopKResultPoint(10,Point(Vector(0.2525759142057469, 0.12055262349784318, 0.2619578861079232, 0.009793988671169596, 0.2532160178061321, 0.09258814226785789)),99247)
TopKResultPoint(10,Point(Vector(0.2817761354423974, 0.21933435524886258, 0.21230898827786926, 0.012888733906669503, 0.22557194406215203, 0.09443141884487638)),99127)
Iteration: 7 Elapsed time: 2.545031537 seconds
local[16]
TopKResultPoint(10,Point(Vector(0.0, 0.0, 0.0, 0.029526277261177902, 0.0, 0.04698687292064335)),99990)
TopKResultPoint(10,Point(Vector(0.22888776494951568, 0.16437616112637998, 0.22680290480307974, 0.06834766964966121, 0.1770567199406493, 0.0)),99722)
TopKResultPoint(10,Point(Vector(0.30197689700957425, 0.06525773762566217, 0.21671579006776315, 0.0, 0.17540816087928685, 0.045236557900116214)),99563)
TopKResultPoint(10,Point(Vector(0.25234400961739817, 0.1594818558293989, 0.2272652619222616, 0.075272608117257, 0.19952459781421417, 0.03967245147619003)),99677)
TopKResultPoint(10,Point(Vector(0.2641942633883811, 0.1297350413663867, 0.13679671809573485, 0.17420616326838034, 0.09552689696555172, 0.026062291860274922)),99597)
TopKResultPoint(10,Point(Vector(0.31007219048367685, 0.11960539194171776, 0.20347459090573938, 0.10861351156608923, 0.18549420670425998, 0.04293604988042049)),99475)
TopKResultPoint(10,Point(Vector(0.2525759142057469, 0.12055262349784318, 0.2619578861079232, 0.009793988671169596, 0.2532160178061321, 0.09258814226785789)),99247)
TopKResultPoint(10,Point(Vector(0.2817761354423974, 0.21933435524886258, 0.21230898827786926, 0.012888733906669503, 0.22557194406215203, 0.09443141884487638)),99127)
Iteration: 8 Elapsed time: 1.929730396 seconds
local[16]
TopKResultPoint(10,Point(Vector(0.0, 0.0, 0.0, 0.029526277261177902, 0.0, 0.04698687292064335)),99990)
TopKResultPoint(10,Point(Vector(0.25234400961739817, 0.1594818558293989, 0.2272652619222616, 0.075272608117257, 0.19952459781421417, 0.03967245147619003)),99677)
TopKResultPoint(10,Point(Vector(0.22888776494951568, 0.16437616112637998, 0.22680290480307974, 0.06834766964966121, 0.1770567199406493, 0.0)),99722)
TopKResultPoint(10,Point(Vector(0.30197689700957425, 0.06525773762566217, 0.21671579006776315, 0.0, 0.17540816087928685, 0.045236557900116214)),99563)
TopKResultPoint(10,Point(Vector(0.2817761354423974, 0.21933435524886258, 0.21230898827786926, 0.012888733906669503, 0.22557194406215203, 0.09443141884487638)),99127)
TopKResultPoint(10,Point(Vector(0.2641942633883811, 0.1297350413663867, 0.13679671809573485, 0.17420616326838034, 0.09552689696555172, 0.026062291860274922)),99597)
TopKResultPoint(10,Point(Vector(0.31007219048367685, 0.11960539194171776, 0.20347459090573938, 0.10861351156608923, 0.18549420670425998, 0.04293604988042049)),99475)
TopKResultPoint(10,Point(Vector(0.2525759142057469, 0.12055262349784318, 0.2619578861079232, 0.009793988671169596, 0.2532160178061321, 0.09258814226785789)),99247)
Iteration: 9 Elapsed time: 1.920926482 seconds
local[16]
TopKResultPoint(10,Point(Vector(0.0, 0.0, 0.0, 0.029526277261177902, 0.0, 0.04698687292064335)),99990)
TopKResultPoint(10,Point(Vector(0.22888776494951568, 0.16437616112637998, 0.22680290480307974, 0.06834766964966121, 0.1770567199406493, 0.0)),99722)
TopKResultPoint(10,Point(Vector(0.30197689700957425, 0.06525773762566217, 0.21671579006776315, 0.0, 0.17540816087928685, 0.045236557900116214)),99563)
TopKResultPoint(10,Point(Vector(0.25234400961739817, 0.1594818558293989, 0.2272652619222616, 0.075272608117257, 0.19952459781421417, 0.03967245147619003)),99677)
TopKResultPoint(10,Point(Vector(0.2641942633883811, 0.1297350413663867, 0.13679671809573485, 0.17420616326838034, 0.09552689696555172, 0.026062291860274922)),99597)
TopKResultPoint(10,Point(Vector(0.31007219048367685, 0.11960539194171776, 0.20347459090573938, 0.10861351156608923, 0.18549420670425998, 0.04293604988042049)),99475)
TopKResultPoint(10,Point(Vector(0.2525759142057469, 0.12055262349784318, 0.2619578861079232, 0.009793988671169596, 0.2532160178061321, 0.09258814226785789)),99247)
TopKResultPoint(10,Point(Vector(0.2817761354423974, 0.21933435524886258, 0.21230898827786926, 0.012888733906669503, 0.22557194406215203, 0.09443141884487638)),99127)
Iteration: 10 Elapsed time: 2.207051435 seconds
Mean execution time 2.6557459023
###### correlated_data_6D_1000000S.csv K=10 CORES=16 ######
local[16]
TopKResultPoint(10,Point(Vector(0.03798389328542584, 0.010292360405482093, 0.06597605366586423, 0.015919378080100632, 0.030439877467905885, 0.0)),999972)
TopKResultPoint(10,Point(Vector(0.08031211684458395, 0.0, 0.0, 0.04998571662840268, 0.0, 7.84613669703782E-4)),999956)
TopKResultPoint(10,Point(Vector(0.11169770243162941, 0.03636669608923193, 0.023980604664992078, 0.03051467554532955, 0.09549101726613785, 0.06709125136840516)),999872)
TopKResultPoint(10,Point(Vector(0.0, 0.14542850939799296, 0.08014115799362798, 0.07481946270687667, 0.20831310316106327, 0.11899049146669488)),999306)
TopKResultPoint(10,Point(Vector(0.12268074339337165, 0.1496816020690796, 0.08692021712222742, 0.0018905297253151154, 0.11257801938397283, 0.040788101704731794)),999621)
TopKResultPoint(10,Point(Vector(0.03154678573992148, 0.11626198660192216, 0.15933254763489557, 0.11664226169700653, 0.21144916006191278, 0.17219207304842182)),997843)
TopKResultPoint(10,Point(Vector(0.02128959478129616, 0.14387467463629572, 0.15583673721084418, 0.1289341413482889, 0.25299368040712567, 0.11665548783962215)),997807)
TopKResultPoint(10,Point(Vector(0.0314823693982087, 0.19377670870991526, 0.06804473404178224, 0.10142430755598147, 0.2234011590226258, 0.05350933405554692)),998505)
TopKResultPoint(10,Point(Vector(0.12797477998073192, 0.1538586831135647, 0.14747202608574417, 0.0, 0.14758102552436053, 0.14280928535395498)),998864)
TopKResultPoint(10,Point(Vector(0.038373665961041414, 0.06991537857632496, 0.11947944252468323, 0.015406815401515284, 0.15424050299467645, 0.13714575209097174)),999383)
Iteration: 1 Elapsed time: 47.374380209 seconds
local[16]
TopKResultPoint(10,Point(Vector(0.03798389328542584, 0.010292360405482093, 0.06597605366586423, 0.015919378080100632, 0.030439877467905885, 0.0)),999972)
TopKResultPoint(10,Point(Vector(0.08031211684458395, 0.0, 0.0, 0.04998571662840268, 0.0, 7.84613669703782E-4)),999956)
TopKResultPoint(10,Point(Vector(0.0, 0.14542850939799296, 0.08014115799362798, 0.07481946270687667, 0.20831310316106327, 0.11899049146669488)),999306)
TopKResultPoint(10,Point(Vector(0.11169770243162941, 0.03636669608923193, 0.023980604664992078, 0.03051467554532955, 0.09549101726613785, 0.06709125136840516)),999872)
TopKResultPoint(10,Point(Vector(0.12268074339337165, 0.1496816020690796, 0.08692021712222742, 0.0018905297253151154, 0.11257801938397283, 0.040788101704731794)),999621)
TopKResultPoint(10,Point(Vector(0.12797477998073192, 0.1538586831135647, 0.14747202608574417, 0.0, 0.14758102552436053, 0.14280928535395498)),998864)
TopKResultPoint(10,Point(Vector(0.0314823693982087, 0.19377670870991526, 0.06804473404178224, 0.10142430755598147, 0.2234011590226258, 0.05350933405554692)),998505)
TopKResultPoint(10,Point(Vector(0.038373665961041414, 0.06991537857632496, 0.11947944252468323, 0.015406815401515284, 0.15424050299467645, 0.13714575209097174)),999383)
TopKResultPoint(10,Point(Vector(0.02128959478129616, 0.14387467463629572, 0.15583673721084418, 0.1289341413482889, 0.25299368040712567, 0.11665548783962215)),997807)
TopKResultPoint(10,Point(Vector(0.11625679627643054, 0.19766218134321656, 0.11563113706562517, 0.014232161532863441, 0.21163785811419966, 0.041162151198908814)),998459)
Iteration: 2 Elapsed time: 45.881836482 seconds
local[16]
TopKResultPoint(10,Point(Vector(0.03798389328542584, 0.010292360405482093, 0.06597605366586423, 0.015919378080100632, 0.030439877467905885, 0.0)),999972)
TopKResultPoint(10,Point(Vector(0.08031211684458395, 0.0, 0.0, 0.04998571662840268, 0.0, 7.84613669703782E-4)),999956)
TopKResultPoint(10,Point(Vector(0.11169770243162941, 0.03636669608923193, 0.023980604664992078, 0.03051467554532955, 0.09549101726613785, 0.06709125136840516)),999872)
TopKResultPoint(10,Point(Vector(0.038373665961041414, 0.06991537857632496, 0.11947944252468323, 0.015406815401515284, 0.15424050299467645, 0.13714575209097174)),999383)
TopKResultPoint(10,Point(Vector(0.12268074339337165, 0.1496816020690796, 0.08692021712222742, 0.0018905297253151154, 0.11257801938397283, 0.040788101704731794)),999621)
TopKResultPoint(10,Point(Vector(0.12797477998073192, 0.1538586831135647, 0.14747202608574417, 0.0, 0.14758102552436053, 0.14280928535395498)),998864)
TopKResultPoint(10,Point(Vector(0.0314823693982087, 0.19377670870991526, 0.06804473404178224, 0.10142430755598147, 0.2234011590226258, 0.05350933405554692)),998505)
TopKResultPoint(10,Point(Vector(0.0, 0.14542850939799296, 0.08014115799362798, 0.07481946270687667, 0.20831310316106327, 0.11899049146669488)),999306)
TopKResultPoint(10,Point(Vector(0.11625679627643054, 0.19766218134321656, 0.11563113706562517, 0.014232161532863441, 0.21163785811419966, 0.041162151198908814)),998459)
TopKResultPoint(10,Point(Vector(0.03154678573992148, 0.11626198660192216, 0.15933254763489557, 0.11664226169700653, 0.21144916006191278, 0.17219207304842182)),997843)
Iteration: 3 Elapsed time: 61.237276834 seconds
local[16]
TopKResultPoint(10,Point(Vector(0.03798389328542584, 0.010292360405482093, 0.06597605366586423, 0.015919378080100632, 0.030439877467905885, 0.0)),999972)
TopKResultPoint(10,Point(Vector(0.08031211684458395, 0.0, 0.0, 0.04998571662840268, 0.0, 7.84613669703782E-4)),999956)
TopKResultPoint(10,Point(Vector(0.12797477998073192, 0.1538586831135647, 0.14747202608574417, 0.0, 0.14758102552436053, 0.14280928535395498)),998864)
TopKResultPoint(10,Point(Vector(0.0, 0.14542850939799296, 0.08014115799362798, 0.07481946270687667, 0.20831310316106327, 0.11899049146669488)),999306)
TopKResultPoint(10,Point(Vector(0.11169770243162941, 0.03636669608923193, 0.023980604664992078, 0.03051467554532955, 0.09549101726613785, 0.06709125136840516)),999872)
TopKResultPoint(10,Point(Vector(0.11625679627643054, 0.19766218134321656, 0.11563113706562517, 0.014232161532863441, 0.21163785811419966, 0.041162151198908814)),998459)
TopKResultPoint(10,Point(Vector(0.03154678573992148, 0.11626198660192216, 0.15933254763489557, 0.11664226169700653, 0.21144916006191278, 0.17219207304842182)),997843)
TopKResultPoint(10,Point(Vector(0.0314823693982087, 0.19377670870991526, 0.06804473404178224, 0.10142430755598147, 0.2234011590226258, 0.05350933405554692)),998505)
TopKResultPoint(10,Point(Vector(0.07733098806400701, 0.09854820709138423, 0.01713827783131161, 0.08014280349742825, 0.1576202849015963, 0.1912936571141518)),997240)
TopKResultPoint(10,Point(Vector(0.038373665961041414, 0.06991537857632496, 0.11947944252468323, 0.015406815401515284, 0.15424050299467645, 0.13714575209097174)),999383)
Iteration: 4 Elapsed time: 36.29831386 seconds
local[16]
TopKResultPoint(10,Point(Vector(0.03798389328542584, 0.010292360405482093, 0.06597605366586423, 0.015919378080100632, 0.030439877467905885, 0.0)),999972)
TopKResultPoint(10,Point(Vector(0.08031211684458395, 0.0, 0.0, 0.04998571662840268, 0.0, 7.84613669703782E-4)),999956)
TopKResultPoint(10,Point(Vector(0.11169770243162941, 0.03636669608923193, 0.023980604664992078, 0.03051467554532955, 0.09549101726613785, 0.06709125136840516)),999872)
TopKResultPoint(10,Point(Vector(0.038373665961041414, 0.06991537857632496, 0.11947944252468323, 0.015406815401515284, 0.15424050299467645, 0.13714575209097174)),999383)
TopKResultPoint(10,Point(Vector(0.0, 0.14542850939799296, 0.08014115799362798, 0.07481946270687667, 0.20831310316106327, 0.11899049146669488)),999306)
TopKResultPoint(10,Point(Vector(0.0314823693982087, 0.19377670870991526, 0.06804473404178224, 0.10142430755598147, 0.2234011590226258, 0.05350933405554692)),998505)
TopKResultPoint(10,Point(Vector(0.12268074339337165, 0.1496816020690796, 0.08692021712222742, 0.0018905297253151154, 0.11257801938397283, 0.040788101704731794)),999621)
TopKResultPoint(10,Point(Vector(0.07733098806400701, 0.09854820709138423, 0.01713827783131161, 0.08014280349742825, 0.1576202849015963, 0.1912936571141518)),997240)
TopKResultPoint(10,Point(Vector(0.12797477998073192, 0.1538586831135647, 0.14747202608574417, 0.0, 0.14758102552436053, 0.14280928535395498)),998864)
TopKResultPoint(10,Point(Vector(0.11625679627643054, 0.19766218134321656, 0.11563113706562517, 0.014232161532863441, 0.21163785811419966, 0.041162151198908814)),998459)
Iteration: 5 Elapsed time: 44.196238336 seconds
local[16]
TopKResultPoint(10,Point(Vector(0.03798389328542584, 0.010292360405482093, 0.06597605366586423, 0.015919378080100632, 0.030439877467905885, 0.0)),999972)
TopKResultPoint(10,Point(Vector(0.08031211684458395, 0.0, 0.0, 0.04998571662840268, 0.0, 7.84613669703782E-4)),999956)
TopKResultPoint(10,Point(Vector(0.11169770243162941, 0.03636669608923193, 0.023980604664992078, 0.03051467554532955, 0.09549101726613785, 0.06709125136840516)),999872)
TopKResultPoint(10,Point(Vector(0.038373665961041414, 0.06991537857632496, 0.11947944252468323, 0.015406815401515284, 0.15424050299467645, 0.13714575209097174)),999383)
TopKResultPoint(10,Point(Vector(0.12268074339337165, 0.1496816020690796, 0.08692021712222742, 0.0018905297253151154, 0.11257801938397283, 0.040788101704731794)),999621)
TopKResultPoint(10,Point(Vector(0.12797477998073192, 0.1538586831135647, 0.14747202608574417, 0.0, 0.14758102552436053, 0.14280928535395498)),998864)
TopKResultPoint(10,Point(Vector(0.0314823693982087, 0.19377670870991526, 0.06804473404178224, 0.10142430755598147, 0.2234011590226258, 0.05350933405554692)),998505)
TopKResultPoint(10,Point(Vector(0.0, 0.14542850939799296, 0.08014115799362798, 0.07481946270687667, 0.20831310316106327, 0.11899049146669488)),999306)
TopKResultPoint(10,Point(Vector(0.11625679627643054, 0.19766218134321656, 0.11563113706562517, 0.014232161532863441, 0.21163785811419966, 0.041162151198908814)),998459)
TopKResultPoint(10,Point(Vector(0.03154678573992148, 0.11626198660192216, 0.15933254763489557, 0.11664226169700653, 0.21144916006191278, 0.17219207304842182)),997843)
Iteration: 6 Elapsed time: 75.488583754 seconds
local[16]
TopKResultPoint(10,Point(Vector(0.03798389328542584, 0.010292360405482093, 0.06597605366586423, 0.015919378080100632, 0.030439877467905885, 0.0)),999972)
TopKResultPoint(10,Point(Vector(0.08031211684458395, 0.0, 0.0, 0.04998571662840268, 0.0, 7.84613669703782E-4)),999956)
TopKResultPoint(10,Point(Vector(0.11169770243162941, 0.03636669608923193, 0.023980604664992078, 0.03051467554532955, 0.09549101726613785, 0.06709125136840516)),999872)
TopKResultPoint(10,Point(Vector(0.038373665961041414, 0.06991537857632496, 0.11947944252468323, 0.015406815401515284, 0.15424050299467645, 0.13714575209097174)),999383)
TopKResultPoint(10,Point(Vector(0.12268074339337165, 0.1496816020690796, 0.08692021712222742, 0.0018905297253151154, 0.11257801938397283, 0.040788101704731794)),999621)
TopKResultPoint(10,Point(Vector(0.12797477998073192, 0.1538586831135647, 0.14747202608574417, 0.0, 0.14758102552436053, 0.14280928535395498)),998864)
TopKResultPoint(10,Point(Vector(0.0314823693982087, 0.19377670870991526, 0.06804473404178224, 0.10142430755598147, 0.2234011590226258, 0.05350933405554692)),998505)
TopKResultPoint(10,Point(Vector(0.0, 0.14542850939799296, 0.08014115799362798, 0.07481946270687667, 0.20831310316106327, 0.11899049146669488)),999306)
TopKResultPoint(10,Point(Vector(0.11625679627643054, 0.19766218134321656, 0.11563113706562517, 0.014232161532863441, 0.21163785811419966, 0.041162151198908814)),998459)
TopKResultPoint(10,Point(Vector(0.03154678573992148, 0.11626198660192216, 0.15933254763489557, 0.11664226169700653, 0.21144916006191278, 0.17219207304842182)),997843)
Iteration: 7 Elapsed time: 45.639782408 seconds
local[16]
TopKResultPoint(10,Point(Vector(0.03798389328542584, 0.010292360405482093, 0.06597605366586423, 0.015919378080100632, 0.030439877467905885, 0.0)),999972)
TopKResultPoint(10,Point(Vector(0.08031211684458395, 0.0, 0.0, 0.04998571662840268, 0.0, 7.84613669703782E-4)),999956)
TopKResultPoint(10,Point(Vector(0.038373665961041414, 0.06991537857632496, 0.11947944252468323, 0.015406815401515284, 0.15424050299467645, 0.13714575209097174)),999383)
TopKResultPoint(10,Point(Vector(0.12268074339337165, 0.1496816020690796, 0.08692021712222742, 0.0018905297253151154, 0.11257801938397283, 0.040788101704731794)),999621)
TopKResultPoint(10,Point(Vector(0.11169770243162941, 0.03636669608923193, 0.023980604664992078, 0.03051467554532955, 0.09549101726613785, 0.06709125136840516)),999872)
TopKResultPoint(10,Point(Vector(0.12797477998073192, 0.1538586831135647, 0.14747202608574417, 0.0, 0.14758102552436053, 0.14280928535395498)),998864)
TopKResultPoint(10,Point(Vector(0.11625679627643054, 0.19766218134321656, 0.11563113706562517, 0.014232161532863441, 0.21163785811419966, 0.041162151198908814)),998459)
TopKResultPoint(10,Point(Vector(0.03154678573992148, 0.11626198660192216, 0.15933254763489557, 0.11664226169700653, 0.21144916006191278, 0.17219207304842182)),997843)
TopKResultPoint(10,Point(Vector(0.02128959478129616, 0.14387467463629572, 0.15583673721084418, 0.1289341413482889, 0.25299368040712567, 0.11665548783962215)),997807)
TopKResultPoint(10,Point(Vector(0.0314823693982087, 0.19377670870991526, 0.06804473404178224, 0.10142430755598147, 0.2234011590226258, 0.05350933405554692)),998505)
Iteration: 8 Elapsed time: 39.968264974 seconds
local[16]
TopKResultPoint(10,Point(Vector(0.03798389328542584, 0.010292360405482093, 0.06597605366586423, 0.015919378080100632, 0.030439877467905885, 0.0)),999972)
TopKResultPoint(10,Point(Vector(0.08031211684458395, 0.0, 0.0, 0.04998571662840268, 0.0, 7.84613669703782E-4)),999956)
TopKResultPoint(10,Point(Vector(0.11169770243162941, 0.03636669608923193, 0.023980604664992078, 0.03051467554532955, 0.09549101726613785, 0.06709125136840516)),999872)
TopKResultPoint(10,Point(Vector(0.11625679627643054, 0.19766218134321656, 0.11563113706562517, 0.014232161532863441, 0.21163785811419966, 0.041162151198908814)),998459)
TopKResultPoint(10,Point(Vector(0.12268074339337165, 0.1496816020690796, 0.08692021712222742, 0.0018905297253151154, 0.11257801938397283, 0.040788101704731794)),999621)
TopKResultPoint(10,Point(Vector(0.12797477998073192, 0.1538586831135647, 0.14747202608574417, 0.0, 0.14758102552436053, 0.14280928535395498)),998864)
TopKResultPoint(10,Point(Vector(0.038373665961041414, 0.06991537857632496, 0.11947944252468323, 0.015406815401515284, 0.15424050299467645, 0.13714575209097174)),999383)
TopKResultPoint(10,Point(Vector(0.02128959478129616, 0.14387467463629572, 0.15583673721084418, 0.1289341413482889, 0.25299368040712567, 0.11665548783962215)),997807)
TopKResultPoint(10,Point(Vector(0.03154678573992148, 0.11626198660192216, 0.15933254763489557, 0.11664226169700653, 0.21144916006191278, 0.17219207304842182)),997843)
TopKResultPoint(10,Point(Vector(0.0314823693982087, 0.19377670870991526, 0.06804473404178224, 0.10142430755598147, 0.2234011590226258, 0.05350933405554692)),998505)
Iteration: 9 Elapsed time: 36.753272983 seconds
local[16]
TopKResultPoint(10,Point(Vector(0.03798389328542584, 0.010292360405482093, 0.06597605366586423, 0.015919378080100632, 0.030439877467905885, 0.0)),999972)
TopKResultPoint(10,Point(Vector(0.08031211684458395, 0.0, 0.0, 0.04998571662840268, 0.0, 7.84613669703782E-4)),999956)
TopKResultPoint(10,Point(Vector(0.11169770243162941, 0.03636669608923193, 0.023980604664992078, 0.03051467554532955, 0.09549101726613785, 0.06709125136840516)),999872)
TopKResultPoint(10,Point(Vector(0.11625679627643054, 0.19766218134321656, 0.11563113706562517, 0.014232161532863441, 0.21163785811419966, 0.041162151198908814)),998459)
TopKResultPoint(10,Point(Vector(0.12268074339337165, 0.1496816020690796, 0.08692021712222742, 0.0018905297253151154, 0.11257801938397283, 0.040788101704731794)),999621)
TopKResultPoint(10,Point(Vector(0.12797477998073192, 0.1538586831135647, 0.14747202608574417, 0.0, 0.14758102552436053, 0.14280928535395498)),998864)
TopKResultPoint(10,Point(Vector(0.038373665961041414, 0.06991537857632496, 0.11947944252468323, 0.015406815401515284, 0.15424050299467645, 0.13714575209097174)),999383)
TopKResultPoint(10,Point(Vector(0.02128959478129616, 0.14387467463629572, 0.15583673721084418, 0.1289341413482889, 0.25299368040712567, 0.11665548783962215)),997807)
TopKResultPoint(10,Point(Vector(0.03154678573992148, 0.11626198660192216, 0.15933254763489557, 0.11664226169700653, 0.21144916006191278, 0.17219207304842182)),997843)
TopKResultPoint(10,Point(Vector(0.0314823693982087, 0.19377670870991526, 0.06804473404178224, 0.10142430755598147, 0.2234011590226258, 0.05350933405554692)),998505)
Iteration: 10 Elapsed time: 40.518804579 seconds
Mean execution time 47.335675441899994
###### correlated_data_6D_10000000S.csv K=10 CORES=16 ######
local[16]
TopKResultPoint(10,Point(Vector(0.09220560099510716, 0.042777150101251105, 0.02665459518309471, 0.012006174355532029, 0.047946627843877265, 0.053682007392529596)),9999816)
TopKResultPoint(10,Point(Vector(0.035065288943379014, 0.0, 0.0310017579147428, 0.04899298074155911, 0.0804593363865681, 0.04424452719519911)),9999763)
TopKResultPoint(10,Point(Vector(0.03617739702363071, 0.10493223852281952, 0.00591877106446459, 0.06319697439099808, 0.08760872360666588, 0.041767692078095275)),9999576)
TopKResultPoint(10,Point(Vector(0.036064182861764216, 0.11902998201593423, 0.07627951517168158, 0.09881602402503137, 0.02193165024953142, 0.11779874173972993)),9998964)
TopKResultPoint(10,Point(Vector(0.13115557587135657, 0.06964422814794496, 0.03514424565131696, 0.06338122235922816, 0.008724493602558225, 0.02174833711996299)),9999271)
TopKResultPoint(10,Point(Vector(0.02123474516263313, 0.08323699539042267, 0.092029830825202, 0.11550309084972216, 0.07792245112168972, 0.07829832968622175)),9998885)
TopKResultPoint(10,Point(Vector(0.07581467639969125, 0.10011942219716352, 0.04239348180695213, 0.0979219967118557, 0.07047720931262563, 0.08420114862193295)),9999413)
TopKResultPoint(10,Point(Vector(0.09188422539586749, 0.09870736242837652, 0.06832849414044428, 0.09841117381389936, 0.06777069231323568, 0.12744783352601263)),9998816)
TopKResultPoint(10,Point(Vector(0.08810335202461045, 0.09189257523653444, 0.12516274685665196, 0.10739166095322583, 0.07607974295254383, 0.14899632446695404)),9996881)
TopKResultPoint(10,Point(Vector(0.06815028573956039, 0.182572683916704, 0.1406409745729973, 0.06765421475592709, 0.024205750623004063, 0.05084975265108488)),9994219)
Iteration: 1 Elapsed time: 548.649641458 seconds
local[16]
TopKResultPoint(10,Point(Vector(0.09220560099510716, 0.042777150101251105, 0.02665459518309471, 0.012006174355532029, 0.047946627843877265, 0.053682007392529596)),9999816)
TopKResultPoint(10,Point(Vector(0.035065288943379014, 0.0, 0.0310017579147428, 0.04899298074155911, 0.0804593363865681, 0.04424452719519911)),9999763)
TopKResultPoint(10,Point(Vector(0.07581467639969125, 0.10011942219716352, 0.04239348180695213, 0.0979219967118557, 0.07047720931262563, 0.08420114862193295)),9999413)
TopKResultPoint(10,Point(Vector(0.03617739702363071, 0.10493223852281952, 0.00591877106446459, 0.06319697439099808, 0.08760872360666588, 0.041767692078095275)),9999576)
TopKResultPoint(10,Point(Vector(0.13115557587135657, 0.06964422814794496, 0.03514424565131696, 0.06338122235922816, 0.008724493602558225, 0.02174833711996299)),9999271)
TopKResultPoint(10,Point(Vector(0.02123474516263313, 0.08323699539042267, 0.092029830825202, 0.11550309084972216, 0.07792245112168972, 0.07829832968622175)),9998885)
TopKResultPoint(10,Point(Vector(0.10049950569010824, 0.17270257001111333, 0.06035812821375808, 0.05366313710007803, 0.026789662344450738, 0.12180774014364382)),9996970)
TopKResultPoint(10,Point(Vector(0.09188422539586749, 0.09870736242837652, 0.06832849414044428, 0.09841117381389936, 0.06777069231323568, 0.12744783352601263)),9998816)
TopKResultPoint(10,Point(Vector(0.036064182861764216, 0.11902998201593423, 0.07627951517168158, 0.09881602402503137, 0.02193165024953142, 0.11779874173972993)),9998964)
TopKResultPoint(10,Point(Vector(0.020343656456132175, 0.1581865858488547, 0.1319643792459022, 0.08570421905526909, 0.08440191914844108, 0.16967348292086587)),9994082)
Iteration: 2 Elapsed time: 412.431931516 seconds
local[16]
TopKResultPoint(10,Point(Vector(0.09220560099510716, 0.042777150101251105, 0.02665459518309471, 0.012006174355532029, 0.047946627843877265, 0.053682007392529596)),9999816)
TopKResultPoint(10,Point(Vector(0.035065288943379014, 0.0, 0.0310017579147428, 0.04899298074155911, 0.0804593363865681, 0.04424452719519911)),9999763)
TopKResultPoint(10,Point(Vector(0.03617739702363071, 0.10493223852281952, 0.00591877106446459, 0.06319697439099808, 0.08760872360666588, 0.041767692078095275)),9999576)
TopKResultPoint(10,Point(Vector(0.036064182861764216, 0.11902998201593423, 0.07627951517168158, 0.09881602402503137, 0.02193165024953142, 0.11779874173972993)),9998964)
TopKResultPoint(10,Point(Vector(0.10049950569010824, 0.17270257001111333, 0.06035812821375808, 0.05366313710007803, 0.026789662344450738, 0.12180774014364382)),9996970)
TopKResultPoint(10,Point(Vector(0.13115557587135657, 0.06964422814794496, 0.03514424565131696, 0.06338122235922816, 0.008724493602558225, 0.02174833711996299)),9999271)
TopKResultPoint(10,Point(Vector(0.07581467639969125, 0.10011942219716352, 0.04239348180695213, 0.0979219967118557, 0.07047720931262563, 0.08420114862193295)),9999413)
TopKResultPoint(10,Point(Vector(0.09188422539586749, 0.09870736242837652, 0.06832849414044428, 0.09841117381389936, 0.06777069231323568, 0.12744783352601263)),9998816)
TopKResultPoint(10,Point(Vector(0.02123474516263313, 0.08323699539042267, 0.092029830825202, 0.11550309084972216, 0.07792245112168972, 0.07829832968622175)),9998885)
TopKResultPoint(10,Point(Vector(0.08646573091699417, 0.07220746179062515, 0.11956304061698153, 0.1059476242032667, 0.14571970028670606, 0.025607617334215738)),9996339)
Iteration: 3 Elapsed time: 396.033300997 seconds
local[16]
Exception in thread "main" org.apache.spark.SparkException: Job 4 cancelled because SparkContext was shut down
	at org.apache.spark.scheduler.DAGScheduler.$anonfun$cleanUpAfterSchedulerStop$1(DAGScheduler.scala:1188)
	at org.apache.spark.scheduler.DAGScheduler.$anonfun$cleanUpAfterSchedulerStop$1$adapted(DAGScheduler.scala:1186)
	at scala.collection.mutable.HashSet.foreach(HashSet.scala:79)
	at org.apache.spark.scheduler.DAGScheduler.cleanUpAfterSchedulerStop(DAGScheduler.scala:1186)
	at org.apache.spark.scheduler.DAGSchedulerEventProcessLoop.onStop(DAGScheduler.scala:2887)
	at org.apache.spark.util.EventLoop.stop(EventLoop.scala:84)
	at org.apache.spark.scheduler.DAGScheduler.stop(DAGScheduler.scala:2784)
	at org.apache.spark.SparkContext.$anonfun$stop$11(SparkContext.scala:2105)
	at org.apache.spark.util.Utils$.tryLogNonFatalError(Utils.scala:1484)
	at org.apache.spark.SparkContext.stop(SparkContext.scala:2105)
	at org.apache.spark.SparkContext.$anonfun$new$35(SparkContext.scala:670)
	at org.apache.spark.util.SparkShutdownHook.run(ShutdownHookManager.scala:214)
	at org.apache.spark.util.SparkShutdownHookManager.$anonfun$runAll$2(ShutdownHookManager.scala:188)
	at scala.runtime.java8.JFunction0$mcV$sp.apply(JFunction0$mcV$sp.java:23)
	at org.apache.spark.util.Utils$.logUncaughtExceptions(Utils.scala:2066)
	at org.apache.spark.util.SparkShutdownHookManager.$anonfun$runAll$1(ShutdownHookManager.scala:188)
	at scala.runtime.java8.JFunction0$mcV$sp.apply(JFunction0$mcV$sp.java:23)
	at scala.util.Try$.apply(Try.scala:213)
	at org.apache.spark.util.SparkShutdownHookManager.runAll(ShutdownHookManager.scala:188)
	at org.apache.spark.util.SparkShutdownHookManager$$anon$2.run(ShutdownHookManager.scala:178)
	at java.base/java.util.concurrent.Executors$RunnableAdapter.call(Executors.java:515)
	at java.base/java.util.concurrent.FutureTask.run(FutureTask.java:264)
	at java.base/java.util.concurrent.ThreadPoolExecutor.runWorker(ThreadPoolExecutor.java:1128)
	at java.base/java.util.concurrent.ThreadPoolExecutor$Worker.run(ThreadPoolExecutor.java:628)
	at java.base/java.lang.Thread.run(Thread.java:829)
	at org.apache.spark.scheduler.DAGScheduler.runJob(DAGScheduler.scala:952)
	at org.apache.spark.SparkContext.runJob(SparkContext.scala:2238)
	at org.apache.spark.SparkContext.runJob(SparkContext.scala:2333)
	at org.apache.spark.rdd.RDD.$anonfun$reduce$1(RDD.scala:1111)
	at org.apache.spark.rdd.RDDOperationScope$.withScope(RDDOperationScope.scala:151)
	at org.apache.spark.rdd.RDDOperationScope$.withScope(RDDOperationScope.scala:112)
	at org.apache.spark.rdd.RDD.withScope(RDD.scala:406)
	at org.apache.spark.rdd.RDD.reduce(RDD.scala:1093)
	at org.apache.spark.sql.Dataset.$anonfun$reduce$1(Dataset.scala:1803)
	at org.apache.spark.sql.Dataset.$anonfun$withNewRDDExecutionId$1(Dataset.scala:3845)
	at org.apache.spark.sql.execution.SQLExecution$.$anonfun$withNewExecutionId$6(SQLExecution.scala:109)
	at org.apache.spark.sql.execution.SQLExecution$.withSQLConfPropagated(SQLExecution.scala:169)
	at org.apache.spark.sql.execution.SQLExecution$.$anonfun$withNewExecutionId$1(SQLExecution.scala:95)
	at org.apache.spark.sql.SparkSession.withActive(SparkSession.scala:779)
	at org.apache.spark.sql.execution.SQLExecution$.withNewExecutionId(SQLExecution.scala:64)
	at org.apache.spark.sql.Dataset.withNewRDDExecutionId(Dataset.scala:3843)
	at org.apache.spark.sql.Dataset.reduce(Dataset.scala:1803)
	at std.skyline.SkylineCalculator.BlockNestedLoop(SkylineCalculator.scala:84)
	at std.STD.apply(STD.scala:14)
	at std.STDMain$.$anonfun$main$6(STDMain.scala:64)
	at scala.collection.immutable.Range.foreach$mVc$sp(Range.scala:158)
	at std.STDMain$.$anonfun$main$5(STDMain.scala:39)
	at std.STDMain$.$anonfun$main$5$adapted(STDMain.scala:33)
	at java.base/java.lang.Iterable.forEach(Iterable.java:75)
	at std.STDMain$.$anonfun$main$4(STDMain.scala:33)
	at std.STDMain$.$anonfun$main$4$adapted(STDMain.scala:32)
	at java.base/java.lang.Iterable.forEach(Iterable.java:75)
	at std.STDMain$.$anonfun$main$3(STDMain.scala:32)
	at std.STDMain$.$anonfun$main$3$adapted(STDMain.scala:31)
	at java.base/java.lang.Iterable.forEach(Iterable.java:75)
	at std.STDMain$.$anonfun$main$2(STDMain.scala:31)
	at std.STDMain$.$anonfun$main$2$adapted(STDMain.scala:30)
	at java.base/java.lang.Iterable.forEach(Iterable.java:75)
	at std.STDMain$.$anonfun$main$1(STDMain.scala:30)
	at java.base/java.lang.Iterable.forEach(Iterable.java:75)
	at std.STDMain$.main(STDMain.scala:29)
	at std.STDMain.main(STDMain.scala)
