###### uniform_data_8D_1000000S.csv K=10 CORES=8 ######
local[8]
WARNING: An illegal reflective access operation has occurred
WARNING: Illegal reflective access by org.apache.spark.unsafe.Platform (file:/home/apapadoi/.cache/coursier/v1/https/repo1.maven.org/maven2/org/apache/spark/spark-unsafe_2.12/3.3.2/spark-unsafe_2.12-3.3.2.jar) to constructor java.nio.DirectByteBuffer(long,int)
WARNING: Please consider reporting this to the maintainers of org.apache.spark.unsafe.Platform
WARNING: Use --illegal-access=warn to enable warnings of further illegal reflective access operations
WARNING: All illegal access operations will be denied in a future release
TopKResultPoint(1,Point(Vector(0.03428212911196038, 0.24702706692667079, 2.811113419713519E-4, 0.04624153655107261, 0.11575895076729319, 0.06988129925992331, 0.03527913510596354, 0.22141956502727747)),428817)
TopKResultPoint(2,Point(Vector(0.025158114569587876, 0.23588129813416256, 0.11276043971683024, 0.16784519024910455, 0.02012086180827964, 0.16990896534940317, 0.017701466575400438, 0.07595011648634302)),406101)
TopKResultPoint(3,Point(Vector(0.03372068297006913, 0.11703419185326167, 0.06176267719973891, 0.11692595143890265, 0.1753697744485474, 0.05103980135177464, 0.20910405248889377, 0.08146338554754153)),402317)
TopKResultPoint(4,Point(Vector(0.02194060772242657, 0.08807988419108279, 0.3653956292792467, 0.10228100467926585, 0.020589328419674462, 0.03332341117149689, 0.18817146813532545, 0.001857479157360005)),389935)
TopKResultPoint(5,Point(Vector(0.21841846895453285, 0.014525599494362544, 0.07467494504607783, 0.08167359427391506, 0.11781793185389895, 0.15135484234474827, 0.06899667721915195, 0.15491930760712797)),385834)
TopKResultPoint(6,Point(Vector(0.18625092306740876, 0.1706645874766606, 2.001991258269605E-4, 0.004204529686692928, 0.2598711837869061, 0.09306356126516496, 0.06603262082952381, 0.10599484796329307)),376949)
TopKResultPoint(7,Point(Vector(0.06841499177098265, 0.12391659022748323, 0.007254517328988529, 0.12251706255520084, 0.21734377787249998, 0.1034437260794715, 0.020860905256162455, 0.2924314762110852)),346238)
TopKResultPoint(8,Point(Vector(0.020895487119086363, 0.3073269881488848, 0.026162647613264728, 0.148296123605597, 0.17440814216455833, 0.17296912646803317, 0.054245759901344885, 0.06356644863900508)),340532)
TopKResultPoint(9,Point(Vector(0.177242813023846, 0.3150242796407513, 0.03543536740366048, 0.22549042809084144, 0.026233291847918994, 0.05350118576272979, 0.0913586018161887, 0.04541089919413419)),336320)
TopKResultPoint(10,Point(Vector(0.3422648092888925, 0.14852252608026387, 0.04980584344022346, 0.09241593640178222, 0.14992768425370967, 0.02294845772896921, 0.07578456080288788, 0.0963743051818004)),335587)
Iteration: 1 Elapsed time: 3793.095672329 seconds
Mean execution time 379.3095672329
###### normal_data_8D_1000000S.csv K=10 CORES=8 ######
local[8]
TopKResultPoint(1,Point(Vector(0.3538913503857647, 0.4495795262463432, 0.29954025748769564, 0.3629545287679431, 0.3344695340771013, 0.2731309497708274, 0.39540797507588066, 0.3705202642909384)),473033)
TopKResultPoint(2,Point(Vector(0.2901066118098027, 0.394136521379755, 0.37873858216217837, 0.34844705899649187, 0.4251928949769844, 0.3630686764272607, 0.4383736706621872, 0.30729882928552604)),424291)
TopKResultPoint(3,Point(Vector(0.2641349731522784, 0.30311633634132956, 0.3625820030699207, 0.4876123457401529, 0.3755572284479665, 0.3218747393595499, 0.34248462446919603, 0.39942057133627185)),420144)
TopKResultPoint(4,Point(Vector(0.42480875534597407, 0.28078064242761724, 0.4592451800674793, 0.37525885787745705, 0.3483793331836246, 0.3015104571921926, 0.3597581342288785, 0.4349899213435706)),408213)
TopKResultPoint(5,Point(Vector(0.403197108414763, 0.3444834704268326, 0.383501940183679, 0.27498303293750104, 0.38086769359231726, 0.34059989090191367, 0.2967966747492332, 0.4886191043663113)),394017)
TopKResultPoint(6,Point(Vector(0.4800947164045806, 0.270828627928727, 0.37198008694405976, 0.23848786624871843, 0.4127019624652666, 0.331016777168803, 0.3173169866293668, 0.4186297889668831)),390638)
TopKResultPoint(7,Point(Vector(0.42237363035048026, 0.41910539550641634, 0.4346852583819777, 0.41221345240692037, 0.35763318389815657, 0.29520763647969406, 0.3726048415342974, 0.32698566380144256)),387517)
TopKResultPoint(8,Point(Vector(0.3923812857858082, 0.4173712902146205, 0.44749161323033615, 0.41758415017933836, 0.32381011283562966, 0.31129452116347717, 0.40997975417217736, 0.3125727168701885)),385310)
TopKResultPoint(9,Point(Vector(0.4246833677936258, 0.34434775876262297, 0.33592046352292826, 0.41218335329798034, 0.4202977959446037, 0.4008648990320859, 0.39972978708541346, 0.34231628824286453)),360069)
TopKResultPoint(10,Point(Vector(0.4184304230057738, 0.4287737803870083, 0.36427706118345027, 0.4508376090822274, 0.33358779061322286, 0.33964592144684436, 0.36897215856629617, 0.35020882538416753)),359395)
Iteration: 1 Elapsed time: 5488.921486543 seconds
Mean execution time 548.8921486543001
