###### correlated_data_6D_100000S.csv K=10 CORES=8 ######
local[8]
WARNING: An illegal reflective access operation has occurred
WARNING: Illegal reflective access by org.apache.spark.unsafe.Platform (file:/home/apapadoi/.cache/coursier/v1/https/repo1.maven.org/maven2/org/apache/spark/spark-unsafe_2.12/3.3.2/spark-unsafe_2.12-3.3.2.jar) to constructor java.nio.DirectByteBuffer(long,int)
WARNING: Please consider reporting this to the maintainers of org.apache.spark.unsafe.Platform
WARNING: Use --illegal-access=warn to enable warnings of further illegal reflective access operations
WARNING: All illegal access operations will be denied in a future release
TopKResultPoint(1,Point(Vector(0.0, 0.0, 0.0, 0.029526277261177902, 0.0, 0.04698687292064335)),99990)
TopKResultPoint(2,Point(Vector(0.22007421579431008, 0.030027402183624152, 0.15817929771338207, 0.062446789548934456, 0.08923223452618129, 0.05202628543409776)),99956)
TopKResultPoint(3,Point(Vector(0.24342784402217665, 0.02838264851932948, 0.16717541078509535, 0.08650049281266031, 0.08819228523587641, 0.06580749755988535)),99912)
TopKResultPoint(4,Point(Vector(0.12275201923534973, 0.13186911353594688, 0.10948113010646504, 0.09801520369213051, 0.1359455259741687, 0.06077662448778498)),99907)
TopKResultPoint(5,Point(Vector(0.23328999444788656, 0.060782281307731445, 0.13430505172002005, 0.06240614000345751, 0.17111755908660492, 0.12387498859735796)),99857)
TopKResultPoint(6,Point(Vector(0.28541214569500734, 0.08273729767879967, 0.12125147178361995, 0.11441636975986202, 0.15995864457013642, 0.08762143765876851)),99747)
TopKResultPoint(7,Point(Vector(0.22601217488951525, 0.09552985084481175, 0.2210247328746961, 0.09101029613658917, 0.21250756330805548, 0.08660972750292645)),99740)
TopKResultPoint(8,Point(Vector(0.22888776494951568, 0.16437616112637998, 0.22680290480307974, 0.06834766964966121, 0.1770567199406493, 0.0)),99722)
TopKResultPoint(9,Point(Vector(0.25234400961739817, 0.1594818558293989, 0.2272652619222616, 0.075272608117257, 0.19952459781421417, 0.03967245147619003)),99677)
TopKResultPoint(10,Point(Vector(0.21906604666805246, 0.16405024401891366, 0.22763942769240447, 0.06279841216440779, 0.1777161049426902, 0.1306321753302963)),99659)
Iteration: 1 Elapsed time: 11.897531595 seconds
local[8]
TopKResultPoint(1,Point(Vector(0.0, 0.0, 0.0, 0.029526277261177902, 0.0, 0.04698687292064335)),99990)
TopKResultPoint(2,Point(Vector(0.22007421579431008, 0.030027402183624152, 0.15817929771338207, 0.062446789548934456, 0.08923223452618129, 0.05202628543409776)),99956)
TopKResultPoint(3,Point(Vector(0.24342784402217665, 0.02838264851932948, 0.16717541078509535, 0.08650049281266031, 0.08819228523587641, 0.06580749755988535)),99912)
TopKResultPoint(4,Point(Vector(0.12275201923534973, 0.13186911353594688, 0.10948113010646504, 0.09801520369213051, 0.1359455259741687, 0.06077662448778498)),99907)
TopKResultPoint(5,Point(Vector(0.23328999444788656, 0.060782281307731445, 0.13430505172002005, 0.06240614000345751, 0.17111755908660492, 0.12387498859735796)),99857)
TopKResultPoint(6,Point(Vector(0.28541214569500734, 0.08273729767879967, 0.12125147178361995, 0.11441636975986202, 0.15995864457013642, 0.08762143765876851)),99747)
TopKResultPoint(7,Point(Vector(0.22601217488951525, 0.09552985084481175, 0.2210247328746961, 0.09101029613658917, 0.21250756330805548, 0.08660972750292645)),99740)
TopKResultPoint(8,Point(Vector(0.22888776494951568, 0.16437616112637998, 0.22680290480307974, 0.06834766964966121, 0.1770567199406493, 0.0)),99722)
TopKResultPoint(9,Point(Vector(0.25234400961739817, 0.1594818558293989, 0.2272652619222616, 0.075272608117257, 0.19952459781421417, 0.03967245147619003)),99677)
TopKResultPoint(10,Point(Vector(0.21906604666805246, 0.16405024401891366, 0.22763942769240447, 0.06279841216440779, 0.1777161049426902, 0.1306321753302963)),99659)
Iteration: 2 Elapsed time: 7.449247672 seconds
local[8]
TopKResultPoint(1,Point(Vector(0.0, 0.0, 0.0, 0.029526277261177902, 0.0, 0.04698687292064335)),99990)
TopKResultPoint(2,Point(Vector(0.22007421579431008, 0.030027402183624152, 0.15817929771338207, 0.062446789548934456, 0.08923223452618129, 0.05202628543409776)),99956)
TopKResultPoint(3,Point(Vector(0.24342784402217665, 0.02838264851932948, 0.16717541078509535, 0.08650049281266031, 0.08819228523587641, 0.06580749755988535)),99912)
TopKResultPoint(4,Point(Vector(0.12275201923534973, 0.13186911353594688, 0.10948113010646504, 0.09801520369213051, 0.1359455259741687, 0.06077662448778498)),99907)
TopKResultPoint(5,Point(Vector(0.23328999444788656, 0.060782281307731445, 0.13430505172002005, 0.06240614000345751, 0.17111755908660492, 0.12387498859735796)),99857)
TopKResultPoint(6,Point(Vector(0.28541214569500734, 0.08273729767879967, 0.12125147178361995, 0.11441636975986202, 0.15995864457013642, 0.08762143765876851)),99747)
TopKResultPoint(7,Point(Vector(0.22601217488951525, 0.09552985084481175, 0.2210247328746961, 0.09101029613658917, 0.21250756330805548, 0.08660972750292645)),99740)
TopKResultPoint(8,Point(Vector(0.22888776494951568, 0.16437616112637998, 0.22680290480307974, 0.06834766964966121, 0.1770567199406493, 0.0)),99722)
TopKResultPoint(9,Point(Vector(0.25234400961739817, 0.1594818558293989, 0.2272652619222616, 0.075272608117257, 0.19952459781421417, 0.03967245147619003)),99677)
TopKResultPoint(10,Point(Vector(0.21906604666805246, 0.16405024401891366, 0.22763942769240447, 0.06279841216440779, 0.1777161049426902, 0.1306321753302963)),99659)
Iteration: 3 Elapsed time: 7.32463766 seconds
local[8]
TopKResultPoint(1,Point(Vector(0.0, 0.0, 0.0, 0.029526277261177902, 0.0, 0.04698687292064335)),99990)
TopKResultPoint(2,Point(Vector(0.22007421579431008, 0.030027402183624152, 0.15817929771338207, 0.062446789548934456, 0.08923223452618129, 0.05202628543409776)),99956)
TopKResultPoint(3,Point(Vector(0.24342784402217665, 0.02838264851932948, 0.16717541078509535, 0.08650049281266031, 0.08819228523587641, 0.06580749755988535)),99912)
TopKResultPoint(4,Point(Vector(0.12275201923534973, 0.13186911353594688, 0.10948113010646504, 0.09801520369213051, 0.1359455259741687, 0.06077662448778498)),99907)
TopKResultPoint(5,Point(Vector(0.23328999444788656, 0.060782281307731445, 0.13430505172002005, 0.06240614000345751, 0.17111755908660492, 0.12387498859735796)),99857)
TopKResultPoint(6,Point(Vector(0.28541214569500734, 0.08273729767879967, 0.12125147178361995, 0.11441636975986202, 0.15995864457013642, 0.08762143765876851)),99747)
TopKResultPoint(7,Point(Vector(0.22601217488951525, 0.09552985084481175, 0.2210247328746961, 0.09101029613658917, 0.21250756330805548, 0.08660972750292645)),99740)
TopKResultPoint(8,Point(Vector(0.22888776494951568, 0.16437616112637998, 0.22680290480307974, 0.06834766964966121, 0.1770567199406493, 0.0)),99722)
TopKResultPoint(9,Point(Vector(0.25234400961739817, 0.1594818558293989, 0.2272652619222616, 0.075272608117257, 0.19952459781421417, 0.03967245147619003)),99677)
TopKResultPoint(10,Point(Vector(0.21906604666805246, 0.16405024401891366, 0.22763942769240447, 0.06279841216440779, 0.1777161049426902, 0.1306321753302963)),99659)
Iteration: 4 Elapsed time: 7.464785296 seconds
local[8]
TopKResultPoint(1,Point(Vector(0.0, 0.0, 0.0, 0.029526277261177902, 0.0, 0.04698687292064335)),99990)
TopKResultPoint(2,Point(Vector(0.22007421579431008, 0.030027402183624152, 0.15817929771338207, 0.062446789548934456, 0.08923223452618129, 0.05202628543409776)),99956)
TopKResultPoint(3,Point(Vector(0.24342784402217665, 0.02838264851932948, 0.16717541078509535, 0.08650049281266031, 0.08819228523587641, 0.06580749755988535)),99912)
TopKResultPoint(4,Point(Vector(0.12275201923534973, 0.13186911353594688, 0.10948113010646504, 0.09801520369213051, 0.1359455259741687, 0.06077662448778498)),99907)
TopKResultPoint(5,Point(Vector(0.23328999444788656, 0.060782281307731445, 0.13430505172002005, 0.06240614000345751, 0.17111755908660492, 0.12387498859735796)),99857)
TopKResultPoint(6,Point(Vector(0.28541214569500734, 0.08273729767879967, 0.12125147178361995, 0.11441636975986202, 0.15995864457013642, 0.08762143765876851)),99747)
TopKResultPoint(7,Point(Vector(0.22601217488951525, 0.09552985084481175, 0.2210247328746961, 0.09101029613658917, 0.21250756330805548, 0.08660972750292645)),99740)
TopKResultPoint(8,Point(Vector(0.22888776494951568, 0.16437616112637998, 0.22680290480307974, 0.06834766964966121, 0.1770567199406493, 0.0)),99722)
TopKResultPoint(9,Point(Vector(0.25234400961739817, 0.1594818558293989, 0.2272652619222616, 0.075272608117257, 0.19952459781421417, 0.03967245147619003)),99677)
TopKResultPoint(10,Point(Vector(0.21906604666805246, 0.16405024401891366, 0.22763942769240447, 0.06279841216440779, 0.1777161049426902, 0.1306321753302963)),99659)
Iteration: 5 Elapsed time: 6.7084745 seconds
local[8]
TopKResultPoint(1,Point(Vector(0.0, 0.0, 0.0, 0.029526277261177902, 0.0, 0.04698687292064335)),99990)
TopKResultPoint(2,Point(Vector(0.22007421579431008, 0.030027402183624152, 0.15817929771338207, 0.062446789548934456, 0.08923223452618129, 0.05202628543409776)),99956)
TopKResultPoint(3,Point(Vector(0.24342784402217665, 0.02838264851932948, 0.16717541078509535, 0.08650049281266031, 0.08819228523587641, 0.06580749755988535)),99912)
TopKResultPoint(4,Point(Vector(0.12275201923534973, 0.13186911353594688, 0.10948113010646504, 0.09801520369213051, 0.1359455259741687, 0.06077662448778498)),99907)
TopKResultPoint(5,Point(Vector(0.23328999444788656, 0.060782281307731445, 0.13430505172002005, 0.06240614000345751, 0.17111755908660492, 0.12387498859735796)),99857)
TopKResultPoint(6,Point(Vector(0.28541214569500734, 0.08273729767879967, 0.12125147178361995, 0.11441636975986202, 0.15995864457013642, 0.08762143765876851)),99747)
TopKResultPoint(7,Point(Vector(0.22601217488951525, 0.09552985084481175, 0.2210247328746961, 0.09101029613658917, 0.21250756330805548, 0.08660972750292645)),99740)
TopKResultPoint(8,Point(Vector(0.22888776494951568, 0.16437616112637998, 0.22680290480307974, 0.06834766964966121, 0.1770567199406493, 0.0)),99722)
TopKResultPoint(9,Point(Vector(0.25234400961739817, 0.1594818558293989, 0.2272652619222616, 0.075272608117257, 0.19952459781421417, 0.03967245147619003)),99677)
TopKResultPoint(10,Point(Vector(0.21906604666805246, 0.16405024401891366, 0.22763942769240447, 0.06279841216440779, 0.1777161049426902, 0.1306321753302963)),99659)
Iteration: 6 Elapsed time: 5.932732796 seconds
local[8]
TopKResultPoint(1,Point(Vector(0.0, 0.0, 0.0, 0.029526277261177902, 0.0, 0.04698687292064335)),99990)
TopKResultPoint(2,Point(Vector(0.22007421579431008, 0.030027402183624152, 0.15817929771338207, 0.062446789548934456, 0.08923223452618129, 0.05202628543409776)),99956)
TopKResultPoint(3,Point(Vector(0.24342784402217665, 0.02838264851932948, 0.16717541078509535, 0.08650049281266031, 0.08819228523587641, 0.06580749755988535)),99912)
TopKResultPoint(4,Point(Vector(0.12275201923534973, 0.13186911353594688, 0.10948113010646504, 0.09801520369213051, 0.1359455259741687, 0.06077662448778498)),99907)
TopKResultPoint(5,Point(Vector(0.23328999444788656, 0.060782281307731445, 0.13430505172002005, 0.06240614000345751, 0.17111755908660492, 0.12387498859735796)),99857)
TopKResultPoint(6,Point(Vector(0.28541214569500734, 0.08273729767879967, 0.12125147178361995, 0.11441636975986202, 0.15995864457013642, 0.08762143765876851)),99747)
TopKResultPoint(7,Point(Vector(0.22601217488951525, 0.09552985084481175, 0.2210247328746961, 0.09101029613658917, 0.21250756330805548, 0.08660972750292645)),99740)
TopKResultPoint(8,Point(Vector(0.22888776494951568, 0.16437616112637998, 0.22680290480307974, 0.06834766964966121, 0.1770567199406493, 0.0)),99722)
TopKResultPoint(9,Point(Vector(0.25234400961739817, 0.1594818558293989, 0.2272652619222616, 0.075272608117257, 0.19952459781421417, 0.03967245147619003)),99677)
TopKResultPoint(10,Point(Vector(0.21906604666805246, 0.16405024401891366, 0.22763942769240447, 0.06279841216440779, 0.1777161049426902, 0.1306321753302963)),99659)
Iteration: 7 Elapsed time: 6.796338785 seconds
local[8]
TopKResultPoint(1,Point(Vector(0.0, 0.0, 0.0, 0.029526277261177902, 0.0, 0.04698687292064335)),99990)
TopKResultPoint(2,Point(Vector(0.22007421579431008, 0.030027402183624152, 0.15817929771338207, 0.062446789548934456, 0.08923223452618129, 0.05202628543409776)),99956)
TopKResultPoint(3,Point(Vector(0.24342784402217665, 0.02838264851932948, 0.16717541078509535, 0.08650049281266031, 0.08819228523587641, 0.06580749755988535)),99912)
TopKResultPoint(4,Point(Vector(0.12275201923534973, 0.13186911353594688, 0.10948113010646504, 0.09801520369213051, 0.1359455259741687, 0.06077662448778498)),99907)
TopKResultPoint(5,Point(Vector(0.23328999444788656, 0.060782281307731445, 0.13430505172002005, 0.06240614000345751, 0.17111755908660492, 0.12387498859735796)),99857)
TopKResultPoint(6,Point(Vector(0.28541214569500734, 0.08273729767879967, 0.12125147178361995, 0.11441636975986202, 0.15995864457013642, 0.08762143765876851)),99747)
TopKResultPoint(7,Point(Vector(0.22601217488951525, 0.09552985084481175, 0.2210247328746961, 0.09101029613658917, 0.21250756330805548, 0.08660972750292645)),99740)
TopKResultPoint(8,Point(Vector(0.22888776494951568, 0.16437616112637998, 0.22680290480307974, 0.06834766964966121, 0.1770567199406493, 0.0)),99722)
TopKResultPoint(9,Point(Vector(0.25234400961739817, 0.1594818558293989, 0.2272652619222616, 0.075272608117257, 0.19952459781421417, 0.03967245147619003)),99677)
TopKResultPoint(10,Point(Vector(0.21906604666805246, 0.16405024401891366, 0.22763942769240447, 0.06279841216440779, 0.1777161049426902, 0.1306321753302963)),99659)
Iteration: 8 Elapsed time: 6.701815575 seconds
local[8]
TopKResultPoint(1,Point(Vector(0.0, 0.0, 0.0, 0.029526277261177902, 0.0, 0.04698687292064335)),99990)
TopKResultPoint(2,Point(Vector(0.22007421579431008, 0.030027402183624152, 0.15817929771338207, 0.062446789548934456, 0.08923223452618129, 0.05202628543409776)),99956)
TopKResultPoint(3,Point(Vector(0.24342784402217665, 0.02838264851932948, 0.16717541078509535, 0.08650049281266031, 0.08819228523587641, 0.06580749755988535)),99912)
TopKResultPoint(4,Point(Vector(0.12275201923534973, 0.13186911353594688, 0.10948113010646504, 0.09801520369213051, 0.1359455259741687, 0.06077662448778498)),99907)
TopKResultPoint(5,Point(Vector(0.23328999444788656, 0.060782281307731445, 0.13430505172002005, 0.06240614000345751, 0.17111755908660492, 0.12387498859735796)),99857)
TopKResultPoint(6,Point(Vector(0.28541214569500734, 0.08273729767879967, 0.12125147178361995, 0.11441636975986202, 0.15995864457013642, 0.08762143765876851)),99747)
TopKResultPoint(7,Point(Vector(0.22601217488951525, 0.09552985084481175, 0.2210247328746961, 0.09101029613658917, 0.21250756330805548, 0.08660972750292645)),99740)
TopKResultPoint(8,Point(Vector(0.22888776494951568, 0.16437616112637998, 0.22680290480307974, 0.06834766964966121, 0.1770567199406493, 0.0)),99722)
TopKResultPoint(9,Point(Vector(0.25234400961739817, 0.1594818558293989, 0.2272652619222616, 0.075272608117257, 0.19952459781421417, 0.03967245147619003)),99677)
TopKResultPoint(10,Point(Vector(0.21906604666805246, 0.16405024401891366, 0.22763942769240447, 0.06279841216440779, 0.1777161049426902, 0.1306321753302963)),99659)
Iteration: 9 Elapsed time: 6.805525957 seconds
local[8]
TopKResultPoint(1,Point(Vector(0.0, 0.0, 0.0, 0.029526277261177902, 0.0, 0.04698687292064335)),99990)
TopKResultPoint(2,Point(Vector(0.22007421579431008, 0.030027402183624152, 0.15817929771338207, 0.062446789548934456, 0.08923223452618129, 0.05202628543409776)),99956)
TopKResultPoint(3,Point(Vector(0.24342784402217665, 0.02838264851932948, 0.16717541078509535, 0.08650049281266031, 0.08819228523587641, 0.06580749755988535)),99912)
TopKResultPoint(4,Point(Vector(0.12275201923534973, 0.13186911353594688, 0.10948113010646504, 0.09801520369213051, 0.1359455259741687, 0.06077662448778498)),99907)
TopKResultPoint(5,Point(Vector(0.23328999444788656, 0.060782281307731445, 0.13430505172002005, 0.06240614000345751, 0.17111755908660492, 0.12387498859735796)),99857)
TopKResultPoint(6,Point(Vector(0.28541214569500734, 0.08273729767879967, 0.12125147178361995, 0.11441636975986202, 0.15995864457013642, 0.08762143765876851)),99747)
TopKResultPoint(7,Point(Vector(0.22601217488951525, 0.09552985084481175, 0.2210247328746961, 0.09101029613658917, 0.21250756330805548, 0.08660972750292645)),99740)
TopKResultPoint(8,Point(Vector(0.22888776494951568, 0.16437616112637998, 0.22680290480307974, 0.06834766964966121, 0.1770567199406493, 0.0)),99722)
TopKResultPoint(9,Point(Vector(0.25234400961739817, 0.1594818558293989, 0.2272652619222616, 0.075272608117257, 0.19952459781421417, 0.03967245147619003)),99677)
TopKResultPoint(10,Point(Vector(0.21906604666805246, 0.16405024401891366, 0.22763942769240447, 0.06279841216440779, 0.1777161049426902, 0.1306321753302963)),99659)
Iteration: 10 Elapsed time: 6.444102915 seconds
Mean execution time 7.352519275100001
###### correlated_data_6D_1000000S.csv K=10 CORES=8 ######
local[8]
TopKResultPoint(1,Point(Vector(0.03798389328542584, 0.010292360405482093, 0.06597605366586423, 0.015919378080100632, 0.030439877467905885, 0.0)),999972)
TopKResultPoint(2,Point(Vector(0.08031211684458395, 0.0, 0.0, 0.04998571662840268, 0.0, 7.84613669703782E-4)),999956)
TopKResultPoint(3,Point(Vector(0.11169770243162941, 0.03636669608923193, 0.023980604664992078, 0.03051467554532955, 0.09549101726613785, 0.06709125136840516)),999872)
TopKResultPoint(4,Point(Vector(0.08242617318051998, 0.10890807827093679, 0.07657321084340818, 0.06428975985404073, 0.19375540451859025, 0.020891866752476285)),999721)
TopKResultPoint(5,Point(Vector(0.10918002737994903, 0.12990622337159374, 0.04244716750200239, 0.0754492049301464, 0.17290319768999846, 0.06691897439309097)),999698)
TopKResultPoint(6,Point(Vector(0.11721861588362326, 0.036884157548203345, 0.11158278751414663, 0.06615818837770154, 0.16815548844815054, 0.09120730897036389)),999672)
TopKResultPoint(7,Point(Vector(0.12268074339337165, 0.1496816020690796, 0.08692021712222742, 0.0018905297253151154, 0.11257801938397283, 0.040788101704731794)),999621)
TopKResultPoint(8,Point(Vector(0.07751835468736212, 0.09726399894346283, 0.13931031598045956, 0.031896035407891654, 0.17396867747758715, 0.08227677793271554)),999576)
TopKResultPoint(9,Point(Vector(0.15152115978196268, 0.09655104683231985, 0.10315979744896825, 0.033556797227337454, 0.13635128229020554, 0.06964972481072756)),999511)
TopKResultPoint(10,Point(Vector(0.14098686618331985, 0.11035710647088404, 0.0781896618397585, 0.051953333112461864, 0.13298438139362556, 0.11745581891329815)),999467)
Iteration: 1 Elapsed time: 86.116058235 seconds
local[8]
TopKResultPoint(1,Point(Vector(0.03798389328542584, 0.010292360405482093, 0.06597605366586423, 0.015919378080100632, 0.030439877467905885, 0.0)),999972)
TopKResultPoint(2,Point(Vector(0.08031211684458395, 0.0, 0.0, 0.04998571662840268, 0.0, 7.84613669703782E-4)),999956)
TopKResultPoint(3,Point(Vector(0.11169770243162941, 0.03636669608923193, 0.023980604664992078, 0.03051467554532955, 0.09549101726613785, 0.06709125136840516)),999872)
TopKResultPoint(4,Point(Vector(0.08242617318051998, 0.10890807827093679, 0.07657321084340818, 0.06428975985404073, 0.19375540451859025, 0.020891866752476285)),999721)
TopKResultPoint(5,Point(Vector(0.10918002737994903, 0.12990622337159374, 0.04244716750200239, 0.0754492049301464, 0.17290319768999846, 0.06691897439309097)),999698)
TopKResultPoint(6,Point(Vector(0.11721861588362326, 0.036884157548203345, 0.11158278751414663, 0.06615818837770154, 0.16815548844815054, 0.09120730897036389)),999672)
TopKResultPoint(7,Point(Vector(0.12268074339337165, 0.1496816020690796, 0.08692021712222742, 0.0018905297253151154, 0.11257801938397283, 0.040788101704731794)),999621)
TopKResultPoint(8,Point(Vector(0.07751835468736212, 0.09726399894346283, 0.13931031598045956, 0.031896035407891654, 0.17396867747758715, 0.08227677793271554)),999576)
TopKResultPoint(9,Point(Vector(0.15152115978196268, 0.09655104683231985, 0.10315979744896825, 0.033556797227337454, 0.13635128229020554, 0.06964972481072756)),999511)
TopKResultPoint(10,Point(Vector(0.14098686618331985, 0.11035710647088404, 0.0781896618397585, 0.051953333112461864, 0.13298438139362556, 0.11745581891329815)),999467)
Iteration: 2 Elapsed time: 64.133993527 seconds
local[8]
TopKResultPoint(1,Point(Vector(0.03798389328542584, 0.010292360405482093, 0.06597605366586423, 0.015919378080100632, 0.030439877467905885, 0.0)),999972)
TopKResultPoint(2,Point(Vector(0.08031211684458395, 0.0, 0.0, 0.04998571662840268, 0.0, 7.84613669703782E-4)),999956)
TopKResultPoint(3,Point(Vector(0.11169770243162941, 0.03636669608923193, 0.023980604664992078, 0.03051467554532955, 0.09549101726613785, 0.06709125136840516)),999872)
TopKResultPoint(4,Point(Vector(0.08242617318051998, 0.10890807827093679, 0.07657321084340818, 0.06428975985404073, 0.19375540451859025, 0.020891866752476285)),999721)
TopKResultPoint(5,Point(Vector(0.10918002737994903, 0.12990622337159374, 0.04244716750200239, 0.0754492049301464, 0.17290319768999846, 0.06691897439309097)),999698)
TopKResultPoint(6,Point(Vector(0.11721861588362326, 0.036884157548203345, 0.11158278751414663, 0.06615818837770154, 0.16815548844815054, 0.09120730897036389)),999672)
TopKResultPoint(7,Point(Vector(0.12268074339337165, 0.1496816020690796, 0.08692021712222742, 0.0018905297253151154, 0.11257801938397283, 0.040788101704731794)),999621)
TopKResultPoint(8,Point(Vector(0.07751835468736212, 0.09726399894346283, 0.13931031598045956, 0.031896035407891654, 0.17396867747758715, 0.08227677793271554)),999576)
TopKResultPoint(9,Point(Vector(0.15152115978196268, 0.09655104683231985, 0.10315979744896825, 0.033556797227337454, 0.13635128229020554, 0.06964972481072756)),999511)
TopKResultPoint(10,Point(Vector(0.14098686618331985, 0.11035710647088404, 0.0781896618397585, 0.051953333112461864, 0.13298438139362556, 0.11745581891329815)),999467)
Iteration: 3 Elapsed time: 79.582279514 seconds
local[8]
TopKResultPoint(1,Point(Vector(0.03798389328542584, 0.010292360405482093, 0.06597605366586423, 0.015919378080100632, 0.030439877467905885, 0.0)),999972)
TopKResultPoint(2,Point(Vector(0.08031211684458395, 0.0, 0.0, 0.04998571662840268, 0.0, 7.84613669703782E-4)),999956)
TopKResultPoint(3,Point(Vector(0.11169770243162941, 0.03636669608923193, 0.023980604664992078, 0.03051467554532955, 0.09549101726613785, 0.06709125136840516)),999872)
TopKResultPoint(4,Point(Vector(0.08242617318051998, 0.10890807827093679, 0.07657321084340818, 0.06428975985404073, 0.19375540451859025, 0.020891866752476285)),999721)
TopKResultPoint(5,Point(Vector(0.10918002737994903, 0.12990622337159374, 0.04244716750200239, 0.0754492049301464, 0.17290319768999846, 0.06691897439309097)),999698)
TopKResultPoint(6,Point(Vector(0.11721861588362326, 0.036884157548203345, 0.11158278751414663, 0.06615818837770154, 0.16815548844815054, 0.09120730897036389)),999672)
TopKResultPoint(7,Point(Vector(0.12268074339337165, 0.1496816020690796, 0.08692021712222742, 0.0018905297253151154, 0.11257801938397283, 0.040788101704731794)),999621)
TopKResultPoint(8,Point(Vector(0.07751835468736212, 0.09726399894346283, 0.13931031598045956, 0.031896035407891654, 0.17396867747758715, 0.08227677793271554)),999576)
TopKResultPoint(9,Point(Vector(0.15152115978196268, 0.09655104683231985, 0.10315979744896825, 0.033556797227337454, 0.13635128229020554, 0.06964972481072756)),999511)
TopKResultPoint(10,Point(Vector(0.14098686618331985, 0.11035710647088404, 0.0781896618397585, 0.051953333112461864, 0.13298438139362556, 0.11745581891329815)),999467)
Iteration: 4 Elapsed time: 88.876121686 seconds
local[8]
TopKResultPoint(1,Point(Vector(0.03798389328542584, 0.010292360405482093, 0.06597605366586423, 0.015919378080100632, 0.030439877467905885, 0.0)),999972)
TopKResultPoint(2,Point(Vector(0.08031211684458395, 0.0, 0.0, 0.04998571662840268, 0.0, 7.84613669703782E-4)),999956)
TopKResultPoint(3,Point(Vector(0.11169770243162941, 0.03636669608923193, 0.023980604664992078, 0.03051467554532955, 0.09549101726613785, 0.06709125136840516)),999872)
TopKResultPoint(4,Point(Vector(0.08242617318051998, 0.10890807827093679, 0.07657321084340818, 0.06428975985404073, 0.19375540451859025, 0.020891866752476285)),999721)
TopKResultPoint(5,Point(Vector(0.10918002737994903, 0.12990622337159374, 0.04244716750200239, 0.0754492049301464, 0.17290319768999846, 0.06691897439309097)),999698)
TopKResultPoint(6,Point(Vector(0.11721861588362326, 0.036884157548203345, 0.11158278751414663, 0.06615818837770154, 0.16815548844815054, 0.09120730897036389)),999672)
TopKResultPoint(7,Point(Vector(0.12268074339337165, 0.1496816020690796, 0.08692021712222742, 0.0018905297253151154, 0.11257801938397283, 0.040788101704731794)),999621)
TopKResultPoint(8,Point(Vector(0.07751835468736212, 0.09726399894346283, 0.13931031598045956, 0.031896035407891654, 0.17396867747758715, 0.08227677793271554)),999576)
TopKResultPoint(9,Point(Vector(0.15152115978196268, 0.09655104683231985, 0.10315979744896825, 0.033556797227337454, 0.13635128229020554, 0.06964972481072756)),999511)
TopKResultPoint(10,Point(Vector(0.14098686618331985, 0.11035710647088404, 0.0781896618397585, 0.051953333112461864, 0.13298438139362556, 0.11745581891329815)),999467)
Iteration: 5 Elapsed time: 76.896025077 seconds
local[8]
TopKResultPoint(1,Point(Vector(0.03798389328542584, 0.010292360405482093, 0.06597605366586423, 0.015919378080100632, 0.030439877467905885, 0.0)),999972)
TopKResultPoint(2,Point(Vector(0.08031211684458395, 0.0, 0.0, 0.04998571662840268, 0.0, 7.84613669703782E-4)),999956)
TopKResultPoint(3,Point(Vector(0.11169770243162941, 0.03636669608923193, 0.023980604664992078, 0.03051467554532955, 0.09549101726613785, 0.06709125136840516)),999872)
TopKResultPoint(4,Point(Vector(0.08242617318051998, 0.10890807827093679, 0.07657321084340818, 0.06428975985404073, 0.19375540451859025, 0.020891866752476285)),999721)
TopKResultPoint(5,Point(Vector(0.10918002737994903, 0.12990622337159374, 0.04244716750200239, 0.0754492049301464, 0.17290319768999846, 0.06691897439309097)),999698)
TopKResultPoint(6,Point(Vector(0.11721861588362326, 0.036884157548203345, 0.11158278751414663, 0.06615818837770154, 0.16815548844815054, 0.09120730897036389)),999672)
TopKResultPoint(7,Point(Vector(0.12268074339337165, 0.1496816020690796, 0.08692021712222742, 0.0018905297253151154, 0.11257801938397283, 0.040788101704731794)),999621)
TopKResultPoint(8,Point(Vector(0.07751835468736212, 0.09726399894346283, 0.13931031598045956, 0.031896035407891654, 0.17396867747758715, 0.08227677793271554)),999576)
TopKResultPoint(9,Point(Vector(0.15152115978196268, 0.09655104683231985, 0.10315979744896825, 0.033556797227337454, 0.13635128229020554, 0.06964972481072756)),999511)
TopKResultPoint(10,Point(Vector(0.14098686618331985, 0.11035710647088404, 0.0781896618397585, 0.051953333112461864, 0.13298438139362556, 0.11745581891329815)),999467)
Iteration: 6 Elapsed time: 110.788780084 seconds
local[8]
TopKResultPoint(1,Point(Vector(0.03798389328542584, 0.010292360405482093, 0.06597605366586423, 0.015919378080100632, 0.030439877467905885, 0.0)),999972)
TopKResultPoint(2,Point(Vector(0.08031211684458395, 0.0, 0.0, 0.04998571662840268, 0.0, 7.84613669703782E-4)),999956)
TopKResultPoint(3,Point(Vector(0.11169770243162941, 0.03636669608923193, 0.023980604664992078, 0.03051467554532955, 0.09549101726613785, 0.06709125136840516)),999872)
TopKResultPoint(4,Point(Vector(0.08242617318051998, 0.10890807827093679, 0.07657321084340818, 0.06428975985404073, 0.19375540451859025, 0.020891866752476285)),999721)
TopKResultPoint(5,Point(Vector(0.10918002737994903, 0.12990622337159374, 0.04244716750200239, 0.0754492049301464, 0.17290319768999846, 0.06691897439309097)),999698)
TopKResultPoint(6,Point(Vector(0.11721861588362326, 0.036884157548203345, 0.11158278751414663, 0.06615818837770154, 0.16815548844815054, 0.09120730897036389)),999672)
TopKResultPoint(7,Point(Vector(0.12268074339337165, 0.1496816020690796, 0.08692021712222742, 0.0018905297253151154, 0.11257801938397283, 0.040788101704731794)),999621)
TopKResultPoint(8,Point(Vector(0.07751835468736212, 0.09726399894346283, 0.13931031598045956, 0.031896035407891654, 0.17396867747758715, 0.08227677793271554)),999576)
TopKResultPoint(9,Point(Vector(0.15152115978196268, 0.09655104683231985, 0.10315979744896825, 0.033556797227337454, 0.13635128229020554, 0.06964972481072756)),999511)
TopKResultPoint(10,Point(Vector(0.14098686618331985, 0.11035710647088404, 0.0781896618397585, 0.051953333112461864, 0.13298438139362556, 0.11745581891329815)),999467)
Iteration: 7 Elapsed time: 57.711500375 seconds
local[8]
TopKResultPoint(1,Point(Vector(0.03798389328542584, 0.010292360405482093, 0.06597605366586423, 0.015919378080100632, 0.030439877467905885, 0.0)),999972)
TopKResultPoint(2,Point(Vector(0.08031211684458395, 0.0, 0.0, 0.04998571662840268, 0.0, 7.84613669703782E-4)),999956)
TopKResultPoint(3,Point(Vector(0.11169770243162941, 0.03636669608923193, 0.023980604664992078, 0.03051467554532955, 0.09549101726613785, 0.06709125136840516)),999872)
TopKResultPoint(4,Point(Vector(0.08242617318051998, 0.10890807827093679, 0.07657321084340818, 0.06428975985404073, 0.19375540451859025, 0.020891866752476285)),999721)
TopKResultPoint(5,Point(Vector(0.10918002737994903, 0.12990622337159374, 0.04244716750200239, 0.0754492049301464, 0.17290319768999846, 0.06691897439309097)),999698)
TopKResultPoint(6,Point(Vector(0.11721861588362326, 0.036884157548203345, 0.11158278751414663, 0.06615818837770154, 0.16815548844815054, 0.09120730897036389)),999672)
TopKResultPoint(7,Point(Vector(0.12268074339337165, 0.1496816020690796, 0.08692021712222742, 0.0018905297253151154, 0.11257801938397283, 0.040788101704731794)),999621)
TopKResultPoint(8,Point(Vector(0.07751835468736212, 0.09726399894346283, 0.13931031598045956, 0.031896035407891654, 0.17396867747758715, 0.08227677793271554)),999576)
TopKResultPoint(9,Point(Vector(0.15152115978196268, 0.09655104683231985, 0.10315979744896825, 0.033556797227337454, 0.13635128229020554, 0.06964972481072756)),999511)
TopKResultPoint(10,Point(Vector(0.14098686618331985, 0.11035710647088404, 0.0781896618397585, 0.051953333112461864, 0.13298438139362556, 0.11745581891329815)),999467)
Iteration: 8 Elapsed time: 66.94863285 seconds
local[8]
TopKResultPoint(1,Point(Vector(0.03798389328542584, 0.010292360405482093, 0.06597605366586423, 0.015919378080100632, 0.030439877467905885, 0.0)),999972)
TopKResultPoint(2,Point(Vector(0.08031211684458395, 0.0, 0.0, 0.04998571662840268, 0.0, 7.84613669703782E-4)),999956)
TopKResultPoint(3,Point(Vector(0.11169770243162941, 0.03636669608923193, 0.023980604664992078, 0.03051467554532955, 0.09549101726613785, 0.06709125136840516)),999872)
TopKResultPoint(4,Point(Vector(0.08242617318051998, 0.10890807827093679, 0.07657321084340818, 0.06428975985404073, 0.19375540451859025, 0.020891866752476285)),999721)
TopKResultPoint(5,Point(Vector(0.10918002737994903, 0.12990622337159374, 0.04244716750200239, 0.0754492049301464, 0.17290319768999846, 0.06691897439309097)),999698)
TopKResultPoint(6,Point(Vector(0.11721861588362326, 0.036884157548203345, 0.11158278751414663, 0.06615818837770154, 0.16815548844815054, 0.09120730897036389)),999672)
TopKResultPoint(7,Point(Vector(0.12268074339337165, 0.1496816020690796, 0.08692021712222742, 0.0018905297253151154, 0.11257801938397283, 0.040788101704731794)),999621)
TopKResultPoint(8,Point(Vector(0.07751835468736212, 0.09726399894346283, 0.13931031598045956, 0.031896035407891654, 0.17396867747758715, 0.08227677793271554)),999576)
TopKResultPoint(9,Point(Vector(0.15152115978196268, 0.09655104683231985, 0.10315979744896825, 0.033556797227337454, 0.13635128229020554, 0.06964972481072756)),999511)
TopKResultPoint(10,Point(Vector(0.14098686618331985, 0.11035710647088404, 0.0781896618397585, 0.051953333112461864, 0.13298438139362556, 0.11745581891329815)),999467)
Iteration: 9 Elapsed time: 90.509805778 seconds
local[8]
TopKResultPoint(1,Point(Vector(0.03798389328542584, 0.010292360405482093, 0.06597605366586423, 0.015919378080100632, 0.030439877467905885, 0.0)),999972)
TopKResultPoint(2,Point(Vector(0.08031211684458395, 0.0, 0.0, 0.04998571662840268, 0.0, 7.84613669703782E-4)),999956)
TopKResultPoint(3,Point(Vector(0.11169770243162941, 0.03636669608923193, 0.023980604664992078, 0.03051467554532955, 0.09549101726613785, 0.06709125136840516)),999872)
TopKResultPoint(4,Point(Vector(0.08242617318051998, 0.10890807827093679, 0.07657321084340818, 0.06428975985404073, 0.19375540451859025, 0.020891866752476285)),999721)
TopKResultPoint(5,Point(Vector(0.10918002737994903, 0.12990622337159374, 0.04244716750200239, 0.0754492049301464, 0.17290319768999846, 0.06691897439309097)),999698)
TopKResultPoint(6,Point(Vector(0.11721861588362326, 0.036884157548203345, 0.11158278751414663, 0.06615818837770154, 0.16815548844815054, 0.09120730897036389)),999672)
TopKResultPoint(7,Point(Vector(0.12268074339337165, 0.1496816020690796, 0.08692021712222742, 0.0018905297253151154, 0.11257801938397283, 0.040788101704731794)),999621)
TopKResultPoint(8,Point(Vector(0.07751835468736212, 0.09726399894346283, 0.13931031598045956, 0.031896035407891654, 0.17396867747758715, 0.08227677793271554)),999576)
TopKResultPoint(9,Point(Vector(0.15152115978196268, 0.09655104683231985, 0.10315979744896825, 0.033556797227337454, 0.13635128229020554, 0.06964972481072756)),999511)
TopKResultPoint(10,Point(Vector(0.14098686618331985, 0.11035710647088404, 0.0781896618397585, 0.051953333112461864, 0.13298438139362556, 0.11745581891329815)),999467)
Iteration: 10 Elapsed time: 63.38484319 seconds
Mean execution time 78.4948040316
###### correlated_data_6D_10000000S.csv K=10 CORES=8 ######
local[8]
TopKResultPoint(1,Point(Vector(0.09220560099510716, 0.042777150101251105, 0.02665459518309471, 0.012006174355532029, 0.047946627843877265, 0.053682007392529596)),9999816)
TopKResultPoint(2,Point(Vector(0.035065288943379014, 0.0, 0.0310017579147428, 0.04899298074155911, 0.0804593363865681, 0.04424452719519911)),9999763)
TopKResultPoint(3,Point(Vector(0.03617739702363071, 0.10493223852281952, 0.00591877106446459, 0.06319697439099808, 0.08760872360666588, 0.041767692078095275)),9999576)
TopKResultPoint(4,Point(Vector(0.07581467639969125, 0.10011942219716352, 0.04239348180695213, 0.0979219967118557, 0.07047720931262563, 0.08420114862193295)),9999413)
TopKResultPoint(5,Point(Vector(0.13115557587135657, 0.06964422814794496, 0.03514424565131696, 0.06338122235922816, 0.008724493602558225, 0.02174833711996299)),9999271)
TopKResultPoint(6,Point(Vector(0.10725226129875809, 0.08193369493032526, 0.048576819073325506, 0.040188227621898, 0.09480534316210965, 0.11174491407052184)),9999128)
TopKResultPoint(7,Point(Vector(0.036064182861764216, 0.11902998201593423, 0.07627951517168158, 0.09881602402503137, 0.02193165024953142, 0.11779874173972993)),9998964)
TopKResultPoint(8,Point(Vector(0.02123474516263313, 0.08323699539042267, 0.092029830825202, 0.11550309084972216, 0.07792245112168972, 0.07829832968622175)),9998885)
TopKResultPoint(9,Point(Vector(0.03649520985210025, 0.0568735971217727, 0.07236725674245642, 0.06079746594647617, 0.11977138350862587, 0.08699956033586087)),9998832)
TopKResultPoint(10,Point(Vector(0.09188422539586749, 0.09870736242837652, 0.06832849414044428, 0.09841117381389936, 0.06777069231323568, 0.12744783352601263)),9998816)
Iteration: 1 Elapsed time: 856.044955141 seconds
local[8]
TopKResultPoint(1,Point(Vector(0.09220560099510716, 0.042777150101251105, 0.02665459518309471, 0.012006174355532029, 0.047946627843877265, 0.053682007392529596)),9999816)
TopKResultPoint(2,Point(Vector(0.035065288943379014, 0.0, 0.0310017579147428, 0.04899298074155911, 0.0804593363865681, 0.04424452719519911)),9999763)
TopKResultPoint(3,Point(Vector(0.03617739702363071, 0.10493223852281952, 0.00591877106446459, 0.06319697439099808, 0.08760872360666588, 0.041767692078095275)),9999576)
TopKResultPoint(4,Point(Vector(0.07581467639969125, 0.10011942219716352, 0.04239348180695213, 0.0979219967118557, 0.07047720931262563, 0.08420114862193295)),9999413)
TopKResultPoint(5,Point(Vector(0.13115557587135657, 0.06964422814794496, 0.03514424565131696, 0.06338122235922816, 0.008724493602558225, 0.02174833711996299)),9999271)
TopKResultPoint(6,Point(Vector(0.10725226129875809, 0.08193369493032526, 0.048576819073325506, 0.040188227621898, 0.09480534316210965, 0.11174491407052184)),9999128)
TopKResultPoint(7,Point(Vector(0.036064182861764216, 0.11902998201593423, 0.07627951517168158, 0.09881602402503137, 0.02193165024953142, 0.11779874173972993)),9998964)
TopKResultPoint(8,Point(Vector(0.02123474516263313, 0.08323699539042267, 0.092029830825202, 0.11550309084972216, 0.07792245112168972, 0.07829832968622175)),9998885)
TopKResultPoint(9,Point(Vector(0.03649520985210025, 0.0568735971217727, 0.07236725674245642, 0.06079746594647617, 0.11977138350862587, 0.08699956033586087)),9998832)
TopKResultPoint(10,Point(Vector(0.09188422539586749, 0.09870736242837652, 0.06832849414044428, 0.09841117381389936, 0.06777069231323568, 0.12744783352601263)),9998816)
Iteration: 2 Elapsed time: 915.180168797 seconds
local[8]
Exception in thread "main" org.apache.spark.SparkException: Job 4 cancelled because SparkContext was shut down
	at org.apache.spark.scheduler.DAGScheduler.$anonfun$cleanUpAfterSchedulerStop$1(DAGScheduler.scala:1188)
	at org.apache.spark.scheduler.DAGScheduler.$anonfun$cleanUpAfterSchedulerStop$1$adapted(DAGScheduler.scala:1186)
	at scala.collection.mutable.HashSet.foreach(HashSet.scala:79)
	at org.apache.spark.scheduler.DAGScheduler.cleanUpAfterSchedulerStop(DAGScheduler.scala:1186)
	at org.apache.spark.scheduler.DAGSchedulerEventProcessLoop.onStop(DAGScheduler.scala:2887)
	at org.apache.spark.util.EventLoop.stop(EventLoop.scala:84)
	at org.apache.spark.scheduler.DAGScheduler.stop(DAGScheduler.scala:2784)
	at org.apache.spark.SparkContext.$anonfun$stop$11(SparkContext.scala:2105)
	at org.apache.spark.util.Utils$.tryLogNonFatalError(Utils.scala:1484)
	at org.apache.spark.SparkContext.stop(SparkContext.scala:2105)
	at org.apache.spark.SparkContext.$anonfun$new$35(SparkContext.scala:670)
	at org.apache.spark.util.SparkShutdownHook.run(ShutdownHookManager.scala:214)
	at org.apache.spark.util.SparkShutdownHookManager.$anonfun$runAll$2(ShutdownHookManager.scala:188)
	at scala.runtime.java8.JFunction0$mcV$sp.apply(JFunction0$mcV$sp.java:23)
	at org.apache.spark.util.Utils$.logUncaughtExceptions(Utils.scala:2066)
	at org.apache.spark.util.SparkShutdownHookManager.$anonfun$runAll$1(ShutdownHookManager.scala:188)
	at scala.runtime.java8.JFunction0$mcV$sp.apply(JFunction0$mcV$sp.java:23)
	at scala.util.Try$.apply(Try.scala:213)
	at org.apache.spark.util.SparkShutdownHookManager.runAll(ShutdownHookManager.scala:188)
	at org.apache.spark.util.SparkShutdownHookManager$$anon$2.run(ShutdownHookManager.scala:178)
	at java.base/java.util.concurrent.Executors$RunnableAdapter.call(Executors.java:515)
	at java.base/java.util.concurrent.FutureTask.run(FutureTask.java:264)
	at java.base/java.util.concurrent.ThreadPoolExecutor.runWorker(ThreadPoolExecutor.java:1128)
	at java.base/java.util.concurrent.ThreadPoolExecutor$Worker.run(ThreadPoolExecutor.java:628)
	at java.base/java.lang.Thread.run(Thread.java:829)
	at org.apache.spark.scheduler.DAGScheduler.runJob(DAGScheduler.scala:952)
	at org.apache.spark.SparkContext.runJob(SparkContext.scala:2238)
	at org.apache.spark.SparkContext.runJob(SparkContext.scala:2333)
	at org.apache.spark.rdd.RDD.$anonfun$reduce$1(RDD.scala:1111)
	at org.apache.spark.rdd.RDDOperationScope$.withScope(RDDOperationScope.scala:151)
	at org.apache.spark.rdd.RDDOperationScope$.withScope(RDDOperationScope.scala:112)
	at org.apache.spark.rdd.RDD.withScope(RDD.scala:406)
	at org.apache.spark.rdd.RDD.reduce(RDD.scala:1093)
	at org.apache.spark.sql.Dataset.$anonfun$reduce$1(Dataset.scala:1803)
	at org.apache.spark.sql.Dataset.$anonfun$withNewRDDExecutionId$1(Dataset.scala:3845)
	at org.apache.spark.sql.execution.SQLExecution$.$anonfun$withNewExecutionId$6(SQLExecution.scala:109)
	at org.apache.spark.sql.execution.SQLExecution$.withSQLConfPropagated(SQLExecution.scala:169)
	at org.apache.spark.sql.execution.SQLExecution$.$anonfun$withNewExecutionId$1(SQLExecution.scala:95)
	at org.apache.spark.sql.SparkSession.withActive(SparkSession.scala:779)
	at org.apache.spark.sql.execution.SQLExecution$.withNewExecutionId(SQLExecution.scala:64)
	at org.apache.spark.sql.Dataset.withNewRDDExecutionId(Dataset.scala:3843)
	at org.apache.spark.sql.Dataset.reduce(Dataset.scala:1803)
	at std.skyline.SkylineCalculator.BlockNestedLoop(SkylineCalculator.scala:84)
	at std.STD.apply(STD.scala:14)
	at std.STDMain$.$anonfun$main$6(STDMain.scala:64)
	at scala.collection.immutable.Range.foreach$mVc$sp(Range.scala:158)
	at std.STDMain$.$anonfun$main$5(STDMain.scala:39)
	at std.STDMain$.$anonfun$main$5$adapted(STDMain.scala:33)
	at java.base/java.lang.Iterable.forEach(Iterable.java:75)
	at std.STDMain$.$anonfun$main$4(STDMain.scala:33)
	at std.STDMain$.$anonfun$main$4$adapted(STDMain.scala:32)
	at java.base/java.lang.Iterable.forEach(Iterable.java:75)
	at std.STDMain$.$anonfun$main$3(STDMain.scala:32)
	at std.STDMain$.$anonfun$main$3$adapted(STDMain.scala:31)
	at java.base/java.lang.Iterable.forEach(Iterable.java:75)
	at std.STDMain$.$anonfun$main$2(STDMain.scala:31)
	at std.STDMain$.$anonfun$main$2$adapted(STDMain.scala:30)
	at java.base/java.lang.Iterable.forEach(Iterable.java:75)
	at std.STDMain$.$anonfun$main$1(STDMain.scala:30)
	at java.base/java.lang.Iterable.forEach(Iterable.java:75)
	at std.STDMain$.main(STDMain.scala:29)
	at std.STDMain.main(STDMain.scala)
