###### uniform_data_6D_100000S.csv K=10 CORES=16 ######
local[16]
Using Spark's default log4j profile: org/apache/spark/log4j-defaults.properties
24/02/04 14:35:54 WARN Utils: Your hostname, numenor resolves to a loopback address: 127.0.1.1; using 155.207.131.39 instead (on interface enp4s0)
24/02/04 14:35:54 WARN Utils: Set SPARK_LOCAL_IP if you need to bind to another address
WARNING: An illegal reflective access operation has occurred
WARNING: Illegal reflective access by org.apache.spark.unsafe.Platform (file:/home/apapadoi/.cache/coursier/v1/https/repo1.maven.org/maven2/org/apache/spark/spark-unsafe_2.12/2.4.3/spark-unsafe_2.12-2.4.3.jar) to method java.nio.Bits.unaligned()
WARNING: Please consider reporting this to the maintainers of org.apache.spark.unsafe.Platform
WARNING: Use --illegal-access=warn to enable warnings of further illegal reflective access operations
WARNING: All illegal access operations will be denied in a future release
24/02/04 14:35:54 INFO SparkContext: Running Spark version 2.4.3
24/02/04 14:35:54 WARN NativeCodeLoader: Unable to load native-hadoop library for your platform... using builtin-java classes where applicable
24/02/04 14:35:54 INFO SparkContext: Submitted application: Top-k dominating
24/02/04 14:35:54 INFO SecurityManager: Changing view acls to: apapadoi
24/02/04 14:35:54 INFO SecurityManager: Changing modify acls to: apapadoi
24/02/04 14:35:54 INFO SecurityManager: Changing view acls groups to: 
24/02/04 14:35:54 INFO SecurityManager: Changing modify acls groups to: 
24/02/04 14:35:54 INFO SecurityManager: SecurityManager: authentication disabled; ui acls disabled; users  with view permissions: Set(apapadoi); groups with view permissions: Set(); users  with modify permissions: Set(apapadoi); groups with modify permissions: Set()
24/02/04 14:35:54 INFO Utils: Successfully started service 'sparkDriver' on port 43779.
24/02/04 14:35:54 INFO SparkEnv: Registering MapOutputTracker
24/02/04 14:35:54 INFO SparkEnv: Registering BlockManagerMaster
24/02/04 14:35:54 INFO BlockManagerMasterEndpoint: Using org.apache.spark.storage.DefaultTopologyMapper for getting topology information
24/02/04 14:35:54 INFO BlockManagerMasterEndpoint: BlockManagerMasterEndpoint up
24/02/04 14:35:54 INFO DiskBlockManager: Created local directory at /tmp/blockmgr-7e21ea69-67d8-4732-873f-b9a413019c2d
24/02/04 14:35:54 INFO MemoryStore: MemoryStore started with capacity 9.2 GB
24/02/04 14:35:54 INFO SparkEnv: Registering OutputCommitCoordinator
24/02/04 14:35:54 INFO Utils: Successfully started service 'SparkUI' on port 4040.
24/02/04 14:35:54 INFO SparkUI: Bound SparkUI to 0.0.0.0, and started at http://chribell.csd.auth.gr:4040
24/02/04 14:35:54 INFO Executor: Starting executor ID driver on host localhost
24/02/04 14:35:54 INFO Utils: Successfully started service 'org.apache.spark.network.netty.NettyBlockTransferService' on port 35999.
24/02/04 14:35:54 INFO NettyBlockTransferService: Server created on chribell.csd.auth.gr:35999
24/02/04 14:35:54 INFO BlockManager: Using org.apache.spark.storage.RandomBlockReplicationPolicy for block replication policy
24/02/04 14:35:54 INFO BlockManagerMaster: Registering BlockManager BlockManagerId(driver, chribell.csd.auth.gr, 35999, None)
24/02/04 14:35:54 INFO BlockManagerMasterEndpoint: Registering block manager chribell.csd.auth.gr:35999 with 9.2 GB RAM, BlockManagerId(driver, chribell.csd.auth.gr, 35999, None)
24/02/04 14:35:54 INFO BlockManagerMaster: Registered BlockManager BlockManagerId(driver, chribell.csd.auth.gr, 35999, None)
24/02/04 14:35:54 INFO BlockManager: Initialized BlockManager: BlockManagerId(driver, chribell.csd.auth.gr, 35999, None)
TopKResultPoint(10,Point(Vector(0.04013613361995544, 0.11665582958085813, 0.023485384295790685, 0.06738593060152262, 0.1594407248102998, 0.14723499791863887)),55187)
TopKResultPoint(10,Point(Vector(0.05818786449878418, 0.0454444098138693, 0.004191392446154278, 0.1969717595126832, 0.23880170347653798, 0.13533205908442394)),47294)
TopKResultPoint(10,Point(Vector(0.31809209664705856, 0.07366082212355522, 0.007288170332271202, 0.17285449307559952, 0.05346928893840054, 0.047174850052140206)),47019)
TopKResultPoint(10,Point(Vector(0.10305243192498058, 0.20370823902038604, 0.06840881776128255, 0.06209567871738236, 0.0405941829735792, 0.1549964327279816)),50570)
TopKResultPoint(10,Point(Vector(0.19714582250716747, 0.19879403092854223, 0.011334898719226242, 0.1242430110642595, 0.09160201525011724, 0.034504875981461486)),48901)
TopKResultPoint(10,Point(Vector(0.07620459479008221, 0.05167988230766496, 0.04933293729853444, 0.21938493630502157, 0.018706597411327238, 0.2534016617081156)),47665)
TopKResultPoint(10,Point(Vector(0.05062168740442313, 0.014732765219819364, 0.0042715098795217, 0.13397700939379176, 0.04952493133919106, 0.2019822152634321)),61107)
TopKResultPoint(10,Point(Vector(0.05243500481281719, 0.013173593137093242, 0.21505532257049084, 0.013406743732594832, 0.008411312119821011, 0.16928883742153863)),59688)
TopKResultPoint(10,Point(Vector(0.019031988651426763, 0.07633156549710625, 0.33854027099514405, 0.010544716033540217, 0.1708570608982479, 0.10044823100710684)),44263)
TopKResultPoint(10,Point(Vector(0.060902310682946936, 0.20527773005264502, 0.013677404038280189, 0.09175784005084049, 0.026094648474383114, 0.16328263032010776)),54495)
Iteration: 1 Elapsed time: 40.325541803 seconds
Mean execution time 4.0325541803
###### uniform_data_6D_1000000S.csv K=10 CORES=16 ######
local[16]
TopKResultPoint(10,Point(Vector(0.17787220545396792, 0.09208197744513746, 0.02184343646310525, 0.014590407311648826, 0.021337801934864568, 0.018003204904221)),692421)
TopKResultPoint(10,Point(Vector(0.14201332608472472, 7.314379516523753E-5, 0.22570359892315173, 0.06354285105510758, 0.03858204616530435, 0.01353466679309092)),589986)
TopKResultPoint(10,Point(Vector(0.03868255741704486, 0.07350226502517085, 0.07251332199262203, 0.10037785433673951, 0.051721158753046, 0.07771925746116054)),650874)
TopKResultPoint(10,Point(Vector(0.016221395948638483, 0.057735102822632584, 0.023168986209084703, 0.066528138152122, 0.2230624867523497, 0.07236896764763194)),609877)
TopKResultPoint(10,Point(Vector(0.07373240557042526, 0.0013246480564066245, 0.0025008231597803505, 0.019631380127775176, 0.22132783234249945, 0.055513199553742364)),665272)
TopKResultPoint(10,Point(Vector(0.11052521273696528, 0.054398560926160786, 0.014053032163799668, 0.0637185051916404, 0.12311628758848557, 0.07155019532961963)),632616)
TopKResultPoint(10,Point(Vector(0.04319884196944111, 0.03539050236431593, 0.045114551595832, 0.03493501495083333, 0.07939104194578825, 0.19452325538967885)),630836)
TopKResultPoint(10,Point(Vector(0.09441555305933749, 0.038538750834208074, 0.08085274239122701, 0.04294461110355383, 0.0134958515265391, 0.0108154672508183)),747401)
TopKResultPoint(10,Point(Vector(0.07758040569880632, 0.027438963649875844, 0.04591460458934027, 0.034029175592336654, 0.02007144269967998, 0.2327420132288856)),621437)
TopKResultPoint(10,Point(Vector(0.059917281752181265, 0.03741435138133478, 0.020997652665268988, 0.05468949141874475, 0.05745308975262293, 0.06507631117841439)),738060)
Iteration: 1 Elapsed time: 615.710332284 seconds
Mean execution time 61.5710332284
###### uniform_data_6D_10000000S.csv K=10 CORES=16 ######
local[16]
TopKResultPoint(10,Point(Vector(0.09854408631173146, 0.031062088773931466, 0.05475289438570388, 0.019042688607687732, 0.07441456550624177, 0.034542451287154684)),7234941)
TopKResultPoint(10,Point(Vector(0.04532115922868024, 0.04089589051991657, 0.0034896474656366536, 0.010863952515196928, 0.11302875927183628, 0.01727468835128637)),7863951)
TopKResultPoint(10,Point(Vector(0.0015593103255752841, 0.051588633734841696, 0.06644934388562697, 0.023041598759813722, 0.001359479883616273, 0.04574659902298046)),8227596)
TopKResultPoint(10,Point(Vector(0.1207360133560948, 0.005506011903193294, 0.01201990517972163, 0.021772391213274393, 0.02991393291957583, 0.016076680347255408)),8063631)
TopKResultPoint(10,Point(Vector(0.05827942460140842, 0.024940075210012517, 0.03382447769229366, 0.09903940933885912, 0.04104173367175162, 0.02836174376220483)),7445329)
TopKResultPoint(10,Point(Vector(0.0063092051742368845, 0.003290379768954652, 0.13090208471022433, 0.05182527186088263, 0.04335703064729871, 0.05793113881555488)),7353786)
TopKResultPoint(10,Point(Vector(0.007036242326751222, 0.004480079869169685, 0.09458713126031652, 0.07435480472611261, 0.07407171232122269, 0.05662934878826266)),7234278)
TopKResultPoint(10,Point(Vector(0.06589185003997376, 0.057689698970178435, 0.03411395646647609, 0.08879851523708154, 0.0032002185284910768, 0.04203044143020696)),7394432)
TopKResultPoint(10,Point(Vector(0.08606013174454384, 0.040811788651424985, 0.04986501065905033, 0.011181202123587827, 0.02144555117554528, 0.016068014580836315)),7928850)
TopKResultPoint(10,Point(Vector(0.05668350515060404, 0.025911377428517703, 0.03492605853169026, 0.05677065718413782, 0.12517788132576935, 0.04178290868493015)),7007207)
Iteration: 1 Elapsed time: 12049.214012463 seconds
Mean execution time 1204.9214012463
###### uniform_data_6D_100000S.csv K=10 CORES=8 ######
local[8]
TopKResultPoint(10,Point(Vector(0.04013613361995544, 0.11665582958085813, 0.023485384295790685, 0.06738593060152262, 0.1594407248102998, 0.14723499791863887)),55187)
TopKResultPoint(10,Point(Vector(0.19714582250716747, 0.19879403092854223, 0.011334898719226242, 0.1242430110642595, 0.09160201525011724, 0.034504875981461486)),48901)
TopKResultPoint(10,Point(Vector(0.021121679136031322, 0.3094917014087779, 0.09063727263232876, 0.17892116836626856, 0.08894399970908429, 0.04109632485256477)),44060)
TopKResultPoint(10,Point(Vector(0.046371535341726985, 0.29522063089483963, 0.04972538071413921, 0.10506054855408353, 0.004492343685190726, 0.12420137165928577)),49958)
TopKResultPoint(10,Point(Vector(0.060902310682946936, 0.20527773005264502, 0.013677404038280189, 0.09175784005084049, 0.026094648474383114, 0.16328263032010776)),54495)
TopKResultPoint(10,Point(Vector(0.07620459479008221, 0.05167988230766496, 0.04933293729853444, 0.21938493630502157, 0.018706597411327238, 0.2534016617081156)),47665)
TopKResultPoint(10,Point(Vector(0.05243500481281719, 0.013173593137093242, 0.21505532257049084, 0.013406743732594832, 0.008411312119821011, 0.16928883742153863)),59688)
TopKResultPoint(10,Point(Vector(0.05062168740442313, 0.014732765219819364, 0.0042715098795217, 0.13397700939379176, 0.04952493133919106, 0.2019822152634321)),61107)
TopKResultPoint(10,Point(Vector(0.10305243192498058, 0.20370823902038604, 0.06840881776128255, 0.06209567871738236, 0.0405941829735792, 0.1549964327279816)),50570)
TopKResultPoint(10,Point(Vector(0.01579893273870991, 0.004758923764769433, 0.062428152878464906, 0.2802090112455347, 0.0636659647535173, 0.18818619042542795)),50290)
Iteration: 1 Elapsed time: 44.346536157 seconds
Mean execution time 4.4346536157
###### uniform_data_6D_1000000S.csv K=10 CORES=8 ######
local[8]
TopKResultPoint(10,Point(Vector(0.11052521273696528, 0.054398560926160786, 0.014053032163799668, 0.0637185051916404, 0.12311628758848557, 0.07155019532961963)),632616)
TopKResultPoint(10,Point(Vector(0.04319884196944111, 0.03539050236431593, 0.045114551595832, 0.03493501495083333, 0.07939104194578825, 0.19452325538967885)),630836)
TopKResultPoint(10,Point(Vector(0.17787220545396792, 0.09208197744513746, 0.02184343646310525, 0.014590407311648826, 0.021337801934864568, 0.018003204904221)),692421)
TopKResultPoint(10,Point(Vector(0.07372752570333721, 0.08197806594328276, 0.08731798726994422, 0.022839290578300017, 0.08653034345203489, 0.07341493428189544)),642777)
TopKResultPoint(10,Point(Vector(0.07373240557042526, 0.0013246480564066245, 0.0025008231597803505, 0.019631380127775176, 0.22132783234249945, 0.055513199553742364)),665272)
TopKResultPoint(10,Point(Vector(0.059917281752181265, 0.03741435138133478, 0.020997652665268988, 0.05468949141874475, 0.05745308975262293, 0.06507631117841439)),738060)
TopKResultPoint(10,Point(Vector(0.03868255741704486, 0.07350226502517085, 0.07251332199262203, 0.10037785433673951, 0.051721158753046, 0.07771925746116054)),650874)
TopKResultPoint(10,Point(Vector(0.07758040569880632, 0.027438963649875844, 0.04591460458934027, 0.034029175592336654, 0.02007144269967998, 0.2327420132288856)),621437)
TopKResultPoint(10,Point(Vector(0.016221395948638483, 0.057735102822632584, 0.023168986209084703, 0.066528138152122, 0.2230624867523497, 0.07236896764763194)),609877)
TopKResultPoint(10,Point(Vector(0.09441555305933749, 0.038538750834208074, 0.08085274239122701, 0.04294461110355383, 0.0134958515265391, 0.0108154672508183)),747401)
Iteration: 1 Elapsed time: 747.298684363 seconds
Mean execution time 74.7298684363
###### uniform_data_6D_10000000S.csv K=10 CORES=8 ######
local[8]
TopKResultPoint(10,Point(Vector(0.04532115922868024, 0.04089589051991657, 0.0034896474656366536, 0.010863952515196928, 0.11302875927183628, 0.01727468835128637)),7863951)
TopKResultPoint(10,Point(Vector(4.332263074806455E-4, 0.09924807839472262, 0.12344358516120746, 0.019964305940824833, 0.02233648170159764, 0.029662763491330527)),7336411)
TopKResultPoint(10,Point(Vector(0.1207360133560948, 0.005506011903193294, 0.01201990517972163, 0.021772391213274393, 0.02991393291957583, 0.016076680347255408)),8063631)
TopKResultPoint(10,Point(Vector(0.0063092051742368845, 0.003290379768954652, 0.13090208471022433, 0.05182527186088263, 0.04335703064729871, 0.05793113881555488)),7353786)
TopKResultPoint(10,Point(Vector(0.09854408631173146, 0.031062088773931466, 0.05475289438570388, 0.019042688607687732, 0.07441456550624177, 0.034542451287154684)),7234941)
TopKResultPoint(10,Point(Vector(0.0653938353003669, 0.17708422471497823, 0.01705118975222648, 0.01865382866245504, 0.029911623085598804, 0.009750873096286692)),7126338)
TopKResultPoint(10,Point(Vector(0.08606013174454384, 0.040811788651424985, 0.04986501065905033, 0.011181202123587827, 0.02144555117554528, 0.016068014580836315)),7928850)
TopKResultPoint(10,Point(Vector(0.0015593103255752841, 0.051588633734841696, 0.06644934388562697, 0.023041598759813722, 0.001359479883616273, 0.04574659902298046)),8227596)
TopKResultPoint(10,Point(Vector(0.05827942460140842, 0.024940075210012517, 0.03382447769229366, 0.09903940933885912, 0.04104173367175162, 0.02836174376220483)),7445329)
TopKResultPoint(10,Point(Vector(0.06589185003997376, 0.057689698970178435, 0.03411395646647609, 0.08879851523708154, 0.0032002185284910768, 0.04203044143020696)),7394432)
Iteration: 1 Elapsed time: 16586.51972153 seconds
Mean execution time 1658.6519721529999
###### normal_data_6D_100000S.csv K=10 CORES=16 ######
local[16]
TopKResultPoint(10,Point(Vector(0.37554189814074523, 0.4048076925522902, 0.3064336783861536, 0.2036069203285359, 0.2565494497481221, 0.2871009347339873)),59310)
TopKResultPoint(10,Point(Vector(0.20831410071750223, 0.4595773949798085, 0.3011122602384785, 0.23061705809005667, 0.3935458359071527, 0.3487471507209363)),42430)
TopKResultPoint(10,Point(Vector(0.39161626518816817, 0.24826488864941523, 0.3853031438387498, 0.1658579690212602, 0.32107845922530415, 0.05099105803279014)),61615)
TopKResultPoint(10,Point(Vector(0.3327408133682186, 0.322254694101055, 0.37578265701185376, 0.14907820544708644, 0.32180629506916963, 0.23152391764372726)),66311)
TopKResultPoint(10,Point(Vector(0.3036411167190323, 0.2591897454794012, 0.23436725452963036, 0.18805753009014364, 0.38521322599081054, 0.3018607456636516)),74590)
TopKResultPoint(10,Point(Vector(0.1162638745726382, 0.333202646817469, 0.3263320229211838, 0.31682051470123257, 0.37834413798709166, 0.34214875070936784)),55481)
TopKResultPoint(10,Point(Vector(0.2841309776776495, 0.3953073689089284, 0.309754338334037, 0.23144928264244427, 0.40118037119799516, 0.3901525022790254)),47241)
TopKResultPoint(10,Point(Vector(0.29023015261086677, 0.38122677483815925, 0.355484788838054, 0.25894727631965875, 0.40836778464651285, 0.2779182829873461)),51506)
TopKResultPoint(10,Point(Vector(0.4286057192711482, 0.27097679323485213, 0.31628977358740074, 0.3273668903680015, 0.3288239459680252, 0.3026092056179845)),49315)
TopKResultPoint(10,Point(Vector(0.321035308971928, 0.4173901215898729, 0.3325336091076092, 0.2443429754539104, 0.3631257476431186, 0.2427855284269439)),53927)
Iteration: 1 Elapsed time: 35.09175883 seconds
Mean execution time 3.509175883
###### normal_data_6D_1000000S.csv K=10 CORES=16 ######
local[16]
TopKResultPoint(10,Point(Vector(0.4632416347420468, 0.377657505343409, 0.34110527110065264, 0.12258603190208711, 0.2271809193114802, 0.3567407269571803)),582262)
TopKResultPoint(10,Point(Vector(0.3654187583377354, 0.36733545519970434, 0.3633982212134939, 0.3067452368091017, 0.3581362863635392, 0.3819376508574869)),647000)
TopKResultPoint(10,Point(Vector(0.3491468090051646, 0.38209523000967266, 0.3203714567712119, 0.3216559862461212, 0.38053669302068055, 0.31705093141902096)),672539)
TopKResultPoint(10,Point(Vector(0.41588231694683736, 0.3024074853343097, 0.21576928341331048, 0.3310926634114028, 0.3040284465917381, 0.41609099653477005)),632236)
TopKResultPoint(10,Point(Vector(0.29535331470446824, 0.40526362045762243, 0.36047572921488535, 0.27052926340114536, 0.34592193488429535, 0.382182333635102)),657091)
TopKResultPoint(10,Point(Vector(0.39092173118967327, 0.3318615073928022, 0.35299056799613915, 0.3346750957361433, 0.28811803521997836, 0.3998009425985023)),658086)
TopKResultPoint(10,Point(Vector(0.38140929899361486, 0.3299987868604456, 0.3911825718306906, 0.36585451840949257, 0.2564424608613808, 0.3592241977688392)),653974)
TopKResultPoint(10,Point(Vector(0.30513833092621245, 0.391370922895438, 0.37928732545711386, 0.3139499613267589, 0.3891483846545348, 0.38624699031904963)),588230)
TopKResultPoint(10,Point(Vector(0.3944976760809463, 0.2987227954641467, 0.3729510765562653, 0.35891052155306397, 0.3728492281884335, 0.3041251597277609)),636932)
TopKResultPoint(10,Point(Vector(0.40399994764626346, 0.3628121155401408, 0.3640812192118892, 0.3237316491997875, 0.34227648864921745, 0.31087936979995767)),656605)
Iteration: 1 Elapsed time: 827.958196146 seconds
Mean execution time 82.79581961459999
###### normal_data_6D_10000000S.csv K=10 CORES=16 ######
local[16]
TopKResultPoint(10,Point(Vector(0.35569566354868365, 0.36050001961827205, 0.24192633326688362, 0.35419886115982385, 0.3308781480525632, 0.3639731406077513)),7107322)
TopKResultPoint(10,Point(Vector(0.289341866574724, 0.24726560147863402, 0.2548213614450845, 0.3176017320664468, 0.26788730081974216, 0.38248328070491056)),8458930)
TopKResultPoint(10,Point(Vector(0.29694258684082775, 0.40775891527594116, 0.2659590335217458, 0.37170836491779446, 0.2683885287724704, 0.34452690386425533)),6943638)
TopKResultPoint(10,Point(Vector(0.34330317970302615, 0.3185628926191259, 0.2477594170400812, 0.368578970892751, 0.3221505222709464, 0.29792045092341335)),7725957)
TopKResultPoint(10,Point(Vector(0.3920731002166047, 0.25546905246655466, 0.41175762341207345, 0.23694181168850575, 0.2880177079989724, 0.2622441017672783)),7086861)
TopKResultPoint(10,Point(Vector(0.3135646465053976, 0.39871039570896616, 0.3458535886294083, 0.31794934687292514, 0.3350309187117637, 0.15058256995614944)),7340596)
TopKResultPoint(10,Point(Vector(0.33683824384552963, 0.32617885239955674, 0.3493057421767718, 0.3160462992616814, 0.3555824288991052, 0.27864193276455385)),7660395)
TopKResultPoint(10,Point(Vector(0.33929322994486844, 0.3696793792691162, 0.3395392155888268, 0.2708938347646869, 0.35095330621992266, 0.31208545409347566)),7569937)
TopKResultPoint(10,Point(Vector(0.3178267670993545, 0.2744360432759585, 0.405712557026062, 0.2143298768731426, 0.30371688981713696, 0.31396994173764947)),7813091)
TopKResultPoint(10,Point(Vector(0.393456348463997, 0.3002964451823881, 0.3640652766434056, 0.3249671856955504, 0.33055588675396025, 0.335531740471659)),6985581)
Iteration: 1 Elapsed time: 19432.482914546 seconds
Mean execution time 1943.2482914546
###### normal_data_6D_100000S.csv K=10 CORES=8 ######
local[8]
TopKResultPoint(10,Point(Vector(0.30359786940908906, 0.2606147952243526, 0.3498882278794453, 0.36270526251415197, 0.35984580464422355, 0.26521115324190964)),51519)
TopKResultPoint(10,Point(Vector(0.2427308270761368, 0.3698034515332023, 0.36894717130740035, 0.293526969974213, 0.41909635117301053, 0.37376872315113097)),41731)
TopKResultPoint(10,Point(Vector(0.2535843394198387, 0.360444785688254, 0.367493490957488, 0.2846089317484066, 0.25619135718175834, 0.3996113089041122)),50702)
TopKResultPoint(10,Point(Vector(0.37554189814074523, 0.4048076925522902, 0.3064336783861536, 0.2036069203285359, 0.2565494497481221, 0.2871009347339873)),59310)
TopKResultPoint(10,Point(Vector(0.2841309776776495, 0.3953073689089284, 0.309754338334037, 0.23144928264244427, 0.40118037119799516, 0.3901525022790254)),47241)
TopKResultPoint(10,Point(Vector(0.29023015261086677, 0.38122677483815925, 0.355484788838054, 0.25894727631965875, 0.40836778464651285, 0.2779182829873461)),51506)
TopKResultPoint(10,Point(Vector(0.2989187906795721, 0.21682372096641056, 0.28078351706536286, 0.259246385250248, 0.4177348697507597, 0.4302631052516065)),47182)
TopKResultPoint(10,Point(Vector(0.3327408133682186, 0.322254694101055, 0.37578265701185376, 0.14907820544708644, 0.32180629506916963, 0.23152391764372726)),66311)
TopKResultPoint(10,Point(Vector(0.39161626518816817, 0.24826488864941523, 0.3853031438387498, 0.1658579690212602, 0.32107845922530415, 0.05099105803279014)),61615)
TopKResultPoint(10,Point(Vector(0.3036411167190323, 0.2591897454794012, 0.23436725452963036, 0.18805753009014364, 0.38521322599081054, 0.3018607456636516)),74590)
Iteration: 1 Elapsed time: 55.837568616 seconds
Mean execution time 5.5837568615999995
###### normal_data_6D_1000000S.csv K=10 CORES=8 ######
local[8]
TopKResultPoint(10,Point(Vector(0.40399994764626346, 0.3628121155401408, 0.3640812192118892, 0.3237316491997875, 0.34227648864921745, 0.31087936979995767)),656605)
TopKResultPoint(10,Point(Vector(0.40221968759642146, 0.3991363548920408, 0.3299991396908998, 0.2554368750681404, 0.3297119210069721, 0.37290330923088155)),632022)
TopKResultPoint(10,Point(Vector(0.3944976760809463, 0.2987227954641467, 0.3729510765562653, 0.35891052155306397, 0.3728492281884335, 0.3041251597277609)),636932)
TopKResultPoint(10,Point(Vector(0.4632416347420468, 0.377657505343409, 0.34110527110065264, 0.12258603190208711, 0.2271809193114802, 0.3567407269571803)),582262)
TopKResultPoint(10,Point(Vector(0.3491468090051646, 0.38209523000967266, 0.3203714567712119, 0.3216559862461212, 0.38053669302068055, 0.31705093141902096)),672539)
TopKResultPoint(10,Point(Vector(0.35929797399118957, 0.28947891676135434, 0.3846744074886072, 0.38702540793535867, 0.36350630976374776, 0.39591019603893307)),572583)
TopKResultPoint(10,Point(Vector(0.39092173118967327, 0.3318615073928022, 0.35299056799613915, 0.3346750957361433, 0.28811803521997836, 0.3998009425985023)),658086)
TopKResultPoint(10,Point(Vector(0.41588231694683736, 0.3024074853343097, 0.21576928341331048, 0.3310926634114028, 0.3040284465917381, 0.41609099653477005)),632236)
TopKResultPoint(10,Point(Vector(0.29535331470446824, 0.40526362045762243, 0.36047572921488535, 0.27052926340114536, 0.34592193488429535, 0.382182333635102)),657091)
TopKResultPoint(10,Point(Vector(0.3427038267521545, 0.2999822653045601, 0.3993367140488601, 0.3410388449455229, 0.35672657503200816, 0.3741435762007249)),652985)
Iteration: 1 Elapsed time: 1635.312984623 seconds
Mean execution time 163.5312984623
###### normal_data_6D_10000000S.csv K=10 CORES=8 ######
local[8]
TopKResultPoint(10,Point(Vector(0.3178267670993545, 0.2744360432759585, 0.405712557026062, 0.2143298768731426, 0.30371688981713696, 0.31396994173764947)),7813091)
TopKResultPoint(10,Point(Vector(0.3920731002166047, 0.25546905246655466, 0.41175762341207345, 0.23694181168850575, 0.2880177079989724, 0.2622441017672783)),7086861)
TopKResultPoint(10,Point(Vector(0.393456348463997, 0.3002964451823881, 0.3640652766434056, 0.3249671856955504, 0.33055588675396025, 0.335531740471659)),6985581)
TopKResultPoint(10,Point(Vector(0.33929322994486844, 0.3696793792691162, 0.3395392155888268, 0.2708938347646869, 0.35095330621992266, 0.31208545409347566)),7569937)
TopKResultPoint(10,Point(Vector(0.289341866574724, 0.24726560147863402, 0.2548213614450845, 0.3176017320664468, 0.26788730081974216, 0.38248328070491056)),8458930)
TopKResultPoint(10,Point(Vector(0.34330317970302615, 0.3185628926191259, 0.2477594170400812, 0.368578970892751, 0.3221505222709464, 0.29792045092341335)),7725957)
TopKResultPoint(10,Point(Vector(0.33683824384552963, 0.32617885239955674, 0.3493057421767718, 0.3160462992616814, 0.3555824288991052, 0.27864193276455385)),7660395)
TopKResultPoint(10,Point(Vector(0.2601935119410918, 0.366110048267024, 0.3631146236978837, 0.37380073029504224, 0.2891903675873422, 0.3493095186885784)),7044960)
TopKResultPoint(10,Point(Vector(0.35208873498713866, 0.33594282373563433, 0.2968816199832751, 0.3044366194956186, 0.3270407711345689, 0.40491889200116593)),7157186)
TopKResultPoint(10,Point(Vector(0.34289307897501997, 0.3216462753711456, 0.27134361568944954, 0.28954975709791475, 0.35056797131537815, 0.3768714088580931)),7630858)
Iteration: 1 Elapsed time: 40494.847216256 seconds
Mean execution time 4049.4847216256
###### anticorrelated_data_6D_100000S.csv K=10 CORES=16 ######
local[16]
TopKResultPoint(10,Point(Vector(0.42110324718890596, 0.39299784337159177, 0.47867437031034576, 0.32493907956450685, 0.45124414018363385, 0.3050892623069809)),25459)
TopKResultPoint(10,Point(Vector(0.4482508700154555, 0.42841808456222796, 0.4461970753398949, 0.3823303778579661, 0.3741796363996397, 0.420178127554102)),20088)
TopKResultPoint(10,Point(Vector(0.42135671244936124, 0.4103845070000714, 0.4240130964480148, 0.41499785148043883, 0.40843346570981187, 0.4194767617033168)),22329)
TopKResultPoint(10,Point(Vector(0.3775703188902492, 0.48558100052281206, 0.3761077501427695, 0.46507438430877635, 0.3556321494991512, 0.48252743612786314)),17264)
TopKResultPoint(10,Point(Vector(0.44867193827105467, 0.4322298269335493, 0.45285571182949647, 0.3449746426616106, 0.43254463436537555, 0.39739697317151057)),19155)
TopKResultPoint(10,Point(Vector(0.35935096900246016, 0.4271016535491851, 0.39006036911866654, 0.4861237008847393, 0.3855147282514689, 0.4670231379819653)),16181)
TopKResultPoint(10,Point(Vector(0.5055855318837825, 0.40169695102037206, 0.44302614971965004, 0.38776560595574305, 0.41326388935235225, 0.3473742502382073)),16547)
TopKResultPoint(10,Point(Vector(0.4816921889120484, 0.40595125836619067, 0.49103664702897176, 0.34626327249873423, 0.42248660659500115, 0.39942319876751)),14142)
TopKResultPoint(10,Point(Vector(0.36030587391495694, 0.5163814872906258, 0.3830946491170056, 0.3848148369387776, 0.3559402589467613, 0.49804182415523807)),15854)
TopKResultPoint(10,Point(Vector(0.4145388906686498, 0.4213328963399682, 0.44623354663769355, 0.41120761870444245, 0.39681942803692616, 0.44027778271090556)),18139)
Iteration: 1 Elapsed time: 85.874830773 seconds
Mean execution time 8.5874830773
###### anticorrelated_data_6D_1000000S.csv K=10 CORES=16 ######
local[16]
TopKResultPoint(10,Point(Vector(0.45026853021012037, 0.44117892386608504, 0.39096912291225616, 0.4725651443644857, 0.39205254569990733, 0.5125807162809668)),224450)
TopKResultPoint(10,Point(Vector(0.5072005839803959, 0.3964206241342957, 0.43198213435541605, 0.44644301506657547, 0.4189180136384247, 0.44264549645671103)),240647)
TopKResultPoint(10,Point(Vector(0.5241791124272028, 0.2898762117656777, 0.47713564845591655, 0.40393952657509224, 0.4584496277833897, 0.4187365728816175)),233820)
TopKResultPoint(10,Point(Vector(0.48064690279380934, 0.4559857019105218, 0.3882044305867948, 0.42459125620821453, 0.3642409135034811, 0.466453781053262)),273049)
TopKResultPoint(10,Point(Vector(0.41499801720672114, 0.472556615152031, 0.33932539742727397, 0.4915786005462911, 0.2891192726037211, 0.5392877611581796)),253885)
TopKResultPoint(10,Point(Vector(0.5311263212706938, 0.37983196748364656, 0.40489322871090333, 0.440800970967884, 0.43714548110068535, 0.39011903242217877)),252987)
TopKResultPoint(10,Point(Vector(0.40843636811650874, 0.482295074437871, 0.36034430640287607, 0.5479054391282498, 0.364118503835247, 0.47479791033457397)),188384)
TopKResultPoint(10,Point(Vector(0.5260777322763107, 0.357691550436392, 0.48104201920518064, 0.3975784053107249, 0.48731544745241345, 0.4288859914873962)),181271)
TopKResultPoint(10,Point(Vector(0.4866579928711224, 0.36068466552557316, 0.4097881280331411, 0.4285281796177611, 0.4837040117578893, 0.42708679093175717)),263105)
TopKResultPoint(10,Point(Vector(0.4148374619014957, 0.4396936739282085, 0.3888132241024491, 0.4832382639679043, 0.41348501764284185, 0.5197046737034143)),208994)
Iteration: 1 Elapsed time: 1651.169128712 seconds
Mean execution time 165.1169128712
###### anticorrelated_data_6D_10000000S.csv K=10 CORES=16 ######
local[16]
TopKResultPoint(10,Point(Vector(0.4446603219011925, 0.44587825254340785, 0.43348358495962747, 0.3184371988298287, 0.4203580287053493, 0.42798760511510103)),3534032)
TopKResultPoint(10,Point(Vector(0.3997132812618169, 0.44141706420364724, 0.4678024469067855, 0.43367703995069357, 0.4096583399266335, 0.4520413813063051)),2798662)
TopKResultPoint(10,Point(Vector(0.4458303775735807, 0.4324969267976169, 0.4837940726866537, 0.37744723980360234, 0.4279359007246794, 0.43315716739076554)),2894597)
TopKResultPoint(10,Point(Vector(0.46502155579917864, 0.3731403398630857, 0.4708637479820921, 0.38451380173623695, 0.4651607309943234, 0.405133582626301)),3256445)
TopKResultPoint(10,Point(Vector(0.41788388715400465, 0.4178018789280534, 0.4407501698058269, 0.4342754050126539, 0.44381018284461243, 0.4137552967249707)),3136409)
TopKResultPoint(10,Point(Vector(0.449090115436095, 0.3990454567105406, 0.480609762571685, 0.3744719850348539, 0.49771749584878666, 0.3512244056807705)),2786222)
TopKResultPoint(10,Point(Vector(0.5324646527851608, 0.34672361616447156, 0.5082581902077451, 0.3125100023792543, 0.48697356224793026, 0.3702513171696221)),2319904)
TopKResultPoint(10,Point(Vector(0.34866166635829393, 0.4892696216005228, 0.35000854230696665, 0.4755233564228904, 0.3680818168365358, 0.46729544388022115)),3084916)
TopKResultPoint(10,Point(Vector(0.4498691992525238, 0.4122758887206375, 0.4729713195589327, 0.3995797980564024, 0.46578677308079686, 0.3917197601937459)),2954087)
TopKResultPoint(10,Point(Vector(0.46814000548154067, 0.37883140080818345, 0.5005484077504, 0.36148599963538386, 0.4727307451709484, 0.3770680195172942)),3221646)
Iteration: 1 Elapsed time: 41116.161091758 seconds
Mean execution time 4111.6161091757995
###### anticorrelated_data_6D_100000S.csv K=10 CORES=8 ######
local[8]
TopKResultPoint(10,Point(Vector(0.3775703188902492, 0.48558100052281206, 0.3761077501427695, 0.46507438430877635, 0.3556321494991512, 0.48252743612786314)),17264)
TopKResultPoint(10,Point(Vector(0.4482508700154555, 0.42841808456222796, 0.4461970753398949, 0.3823303778579661, 0.3741796363996397, 0.420178127554102)),20088)
TopKResultPoint(10,Point(Vector(0.47393025971909664, 0.38743573647564755, 0.4402530196223496, 0.38704655577731356, 0.4352826734975727, 0.42597376687292)),15739)
TopKResultPoint(10,Point(Vector(0.42110324718890596, 0.39299784337159177, 0.47867437031034576, 0.32493907956450685, 0.45124414018363385, 0.3050892623069809)),25459)
TopKResultPoint(10,Point(Vector(0.35935096900246016, 0.4271016535491851, 0.39006036911866654, 0.4861237008847393, 0.3855147282514689, 0.4670231379819653)),16181)
TopKResultPoint(10,Point(Vector(0.43434493696228366, 0.4363947474080523, 0.4525063531071171, 0.4073281271275958, 0.40361645809564545, 0.43505527939337274)),15373)
TopKResultPoint(10,Point(Vector(0.4371070004671596, 0.4459561248433291, 0.410448012419561, 0.4177331359988006, 0.4218673679718635, 0.39428606732425614)),19079)
TopKResultPoint(10,Point(Vector(0.42135671244936124, 0.4103845070000714, 0.4240130964480148, 0.41499785148043883, 0.40843346570981187, 0.4194767617033168)),22329)
TopKResultPoint(10,Point(Vector(0.5224947449565047, 0.32426166777333165, 0.5020095158484511, 0.3382074299588806, 0.49903973582437344, 0.3301723253878036)),14086)
TopKResultPoint(10,Point(Vector(0.3835006017483453, 0.4573858237104397, 0.3941422893800449, 0.4366211144369754, 0.4076744001422732, 0.47370363133169274)),16180)
Iteration: 1 Elapsed time: 114.13625188 seconds
Mean execution time 11.413625188000001
###### anticorrelated_data_6D_1000000S.csv K=10 CORES=8 ######
local[8]
TopKResultPoint(10,Point(Vector(0.41499801720672114, 0.472556615152031, 0.33932539742727397, 0.4915786005462911, 0.2891192726037211, 0.5392877611581796)),253885)
TopKResultPoint(10,Point(Vector(0.5311263212706938, 0.37983196748364656, 0.40489322871090333, 0.440800970967884, 0.43714548110068535, 0.39011903242217877)),252987)
TopKResultPoint(10,Point(Vector(0.5241791124272028, 0.2898762117656777, 0.47713564845591655, 0.40393952657509224, 0.4584496277833897, 0.4187365728816175)),233820)
TopKResultPoint(10,Point(Vector(0.543229192486076, 0.30814805824643166, 0.4590650847007276, 0.4199025595822035, 0.46443729113451654, 0.4328715764888017)),189470)
TopKResultPoint(10,Point(Vector(0.38784555307116747, 0.49930245864055284, 0.36724533716505287, 0.49081685020361254, 0.40423431231728896, 0.49979160938828066)),200323)
TopKResultPoint(10,Point(Vector(0.4866579928711224, 0.36068466552557316, 0.4097881280331411, 0.4285281796177611, 0.4837040117578893, 0.42708679093175717)),263105)
TopKResultPoint(10,Point(Vector(0.48064690279380934, 0.4559857019105218, 0.3882044305867948, 0.42459125620821453, 0.3642409135034811, 0.466453781053262)),273049)
TopKResultPoint(10,Point(Vector(0.47242759821250424, 0.40020948785421384, 0.4660628853303516, 0.45065433651138104, 0.3828168944830282, 0.4319177386005526)),228796)
TopKResultPoint(10,Point(Vector(0.5072005839803959, 0.3964206241342957, 0.43198213435541605, 0.44644301506657547, 0.4189180136384247, 0.44264549645671103)),240647)
TopKResultPoint(10,Point(Vector(0.44462431122989826, 0.42606808198036106, 0.3866581198029782, 0.5063097084745488, 0.3906000571337848, 0.49488561869653047)),227085)
Iteration: 1 Elapsed time: 3042.540281959 seconds
Mean execution time 304.2540281959
###### anticorrelated_data_6D_10000000S.csv K=10 CORES=8 ######
local[8]
TopKResultPoint(10,Point(Vector(0.4446603219011925, 0.44587825254340785, 0.43348358495962747, 0.3184371988298287, 0.4203580287053493, 0.42798760511510103)),3534032)
TopKResultPoint(10,Point(Vector(0.46502155579917864, 0.3731403398630857, 0.4708637479820921, 0.38451380173623695, 0.4651607309943234, 0.405133582626301)),3256445)
TopKResultPoint(10,Point(Vector(0.48631147158891175, 0.3758243177511957, 0.49247301646860725, 0.38870511132022323, 0.4708475323502963, 0.37076027592444427)),2739965)
TopKResultPoint(10,Point(Vector(0.5324646527851608, 0.34672361616447156, 0.5082581902077451, 0.3125100023792543, 0.48697356224793026, 0.3702513171696221)),2319904)
TopKResultPoint(10,Point(Vector(0.4458303775735807, 0.4324969267976169, 0.4837940726866537, 0.37744723980360234, 0.4279359007246794, 0.43315716739076554)),2894597)
TopKResultPoint(10,Point(Vector(0.41788388715400465, 0.4178018789280534, 0.4407501698058269, 0.4342754050126539, 0.44381018284461243, 0.4137552967249707)),3136409)
TopKResultPoint(10,Point(Vector(0.46814000548154067, 0.37883140080818345, 0.5005484077504, 0.36148599963538386, 0.4727307451709484, 0.3770680195172942)),3221646)
TopKResultPoint(10,Point(Vector(0.3923417911870767, 0.49041434387727734, 0.4070116339109065, 0.4502870835321048, 0.37081586134442435, 0.48273781010965267)),2659667)
TopKResultPoint(10,Point(Vector(0.34866166635829393, 0.4892696216005228, 0.35000854230696665, 0.4755233564228904, 0.3680818168365358, 0.46729544388022115)),3084916)
TopKResultPoint(10,Point(Vector(0.4498691992525238, 0.4122758887206375, 0.4729713195589327, 0.3995797980564024, 0.46578677308079686, 0.3917197601937459)),2954087)
Iteration: 1 Elapsed time: 79332.120258363 seconds
Mean execution time 7933.212025836299
